[2026-05-04 09:39:58] Cores: 96 physical detected, using 95
[2026-05-04 09:39:58] === Full simulation design ===
[2026-05-04 09:39:58] List of 16
[2026-05-04 09:39:58]  $ N            : num 1000
[2026-05-04 09:39:58]  $ V            : num 500
[2026-05-04 09:39:58]  $ K            : num 10
[2026-05-04 09:39:58]  $ P            : num 8
[2026-05-04 09:39:58]  $ R            : int 100
[2026-05-04 09:39:58]  $ scenarios    : chr [1:3] "baseline" "high_covariate" "high_sparsity"
[2026-05-04 09:39:58]  $ links        : Named chr [1:3] "logistic_normal" "dirichlet" "zero_inflated"
[2026-05-04 09:39:58]   ..- attr(*, "names")= chr [1:3] "baseline" "high_covariate" "high_sparsity"
[2026-05-04 09:39:58]  $ boot_B       : int 200
[2026-05-04 09:39:58]  $ boot_type    : chr "basic"
[2026-05-04 09:39:58]  $ noise_augment: logi TRUE
[2026-05-04 09:39:58]  $ noise_scale  : num 2
[2026-05-04 09:39:58]  $ bias_correct : logi TRUE
[2026-05-04 09:39:58]  $ fit_max_iter : num 80
[2026-05-04 09:39:58]  $ fit_tol      : num 1e-05
[2026-05-04 09:39:58]  $ boot_max_iter: num 30
[2026-05-04 09:39:58]  $ boot_tol     : num 1e-04
[2026-05-04 09:39:58] ========== scenario: baseline  [R=100, 95 cores, chunk=95] ==========
[2026-05-04 09:46:34]   baseline rep   1/100  292.2s  |  total:   6.6 min  [  0.3%]
[2026-05-04 09:46:34]   baseline rep   2/100  297.8s  |  total:   6.6 min  [  0.7%]
[2026-05-04 09:46:34]   baseline rep   3/100  322.7s  |  total:   6.6 min  [  1.0%]
[2026-05-04 09:46:34]   baseline rep   4/100  362.0s  |  total:   6.6 min  [  1.3%]
[2026-05-04 09:46:34]   baseline rep   5/100  341.6s  |  total:   6.6 min  [  1.7%]
[2026-05-04 09:46:34]   baseline rep   6/100  338.1s  |  total:   6.6 min  [  2.0%]
[2026-05-04 09:46:34]   baseline rep   7/100  313.9s  |  total:   6.6 min  [  2.3%]
[2026-05-04 09:46:34]   baseline rep   8/100  322.6s  |  total:   6.6 min  [  2.7%]
[2026-05-04 09:46:34]   baseline rep   9/100  331.8s  |  total:   6.6 min  [  3.0%]
[2026-05-04 09:46:34]   baseline rep  10/100  385.7s  |  total:   6.6 min  [  3.3%]
[2026-05-04 09:46:34]   baseline rep  11/100  396.0s  |  total:   6.6 min  [  3.7%]
[2026-05-04 09:46:34]   baseline rep  12/100  297.5s  |  total:   6.6 min  [  4.0%]
[2026-05-04 09:46:34]   baseline rep  13/100  270.2s  |  total:   6.6 min  [  4.3%]
[2026-05-04 09:46:34]   baseline rep  14/100  355.7s  |  total:   6.6 min  [  4.7%]
[2026-05-04 09:46:34]   baseline rep  15/100  287.5s  |  total:   6.6 min  [  5.0%]
[2026-05-04 09:46:34]   baseline rep  16/100  316.0s  |  total:   6.6 min  [  5.3%]
[2026-05-04 09:46:34]   baseline rep  17/100  305.4s  |  total:   6.6 min  [  5.7%]
[2026-05-04 09:46:34]   baseline rep  18/100  344.8s  |  total:   6.6 min  [  6.0%]
[2026-05-04 09:46:34]   baseline rep  19/100  322.1s  |  total:   6.6 min  [  6.3%]
[2026-05-04 09:46:34]   baseline rep  20/100  312.7s  |  total:   6.6 min  [  6.7%]
[2026-05-04 09:46:34]   baseline rep  21/100  287.6s  |  total:   6.6 min  [  7.0%]
[2026-05-04 09:46:34]   baseline rep  22/100  282.2s  |  total:   6.6 min  [  7.3%]
[2026-05-04 09:46:34]   baseline rep  23/100  309.5s  |  total:   6.6 min  [  7.7%]
[2026-05-04 09:46:34]   baseline rep  24/100  342.3s  |  total:   6.6 min  [  8.0%]
[2026-05-04 09:46:34]   baseline rep  25/100  337.4s  |  total:   6.6 min  [  8.3%]
[2026-05-04 09:46:34]   baseline rep  26/100  253.8s  |  total:   6.6 min  [  8.7%]
[2026-05-04 09:46:34]   baseline rep  27/100  319.4s  |  total:   6.6 min  [  9.0%]
[2026-05-04 09:46:34]   baseline rep  28/100  328.7s  |  total:   6.6 min  [  9.3%]
[2026-05-04 09:46:34]   baseline rep  29/100  335.8s  |  total:   6.6 min  [  9.7%]
[2026-05-04 09:46:34]   baseline rep  30/100  303.8s  |  total:   6.6 min  [ 10.0%]
[2026-05-04 09:46:34]   baseline rep  31/100  330.7s  |  total:   6.6 min  [ 10.3%]
[2026-05-04 09:46:34]   baseline rep  32/100  314.4s  |  total:   6.6 min  [ 10.7%]
[2026-05-04 09:46:34]   baseline rep  33/100  329.7s  |  total:   6.6 min  [ 11.0%]
[2026-05-04 09:46:34]   baseline rep  34/100  310.7s  |  total:   6.6 min  [ 11.3%]
[2026-05-04 09:46:34]   baseline rep  35/100  300.4s  |  total:   6.6 min  [ 11.7%]
[2026-05-04 09:46:34]   baseline rep  36/100  303.7s  |  total:   6.6 min  [ 12.0%]
[2026-05-04 09:46:34]   baseline rep  37/100  342.9s  |  total:   6.6 min  [ 12.3%]
[2026-05-04 09:46:34]   baseline rep  38/100  363.9s  |  total:   6.6 min  [ 12.7%]
[2026-05-04 09:46:34]   baseline rep  39/100  308.7s  |  total:   6.6 min  [ 13.0%]
[2026-05-04 09:46:34]   baseline rep  40/100  351.6s  |  total:   6.6 min  [ 13.3%]
[2026-05-04 09:46:34]   baseline rep  41/100  344.9s  |  total:   6.6 min  [ 13.7%]
[2026-05-04 09:46:34]   baseline rep  42/100  311.2s  |  total:   6.6 min  [ 14.0%]
[2026-05-04 09:46:34]   baseline rep  43/100  327.6s  |  total:   6.6 min  [ 14.3%]
[2026-05-04 09:46:34]   baseline rep  44/100  315.2s  |  total:   6.6 min  [ 14.7%]
[2026-05-04 09:46:34]   baseline rep  45/100  256.3s  |  total:   6.6 min  [ 15.0%]
[2026-05-04 09:46:34]   baseline rep  46/100  316.5s  |  total:   6.6 min  [ 15.3%]
[2026-05-04 09:46:34]   baseline rep  47/100  320.9s  |  total:   6.6 min  [ 15.7%]
[2026-05-04 09:46:34]   baseline rep  48/100  367.5s  |  total:   6.6 min  [ 16.0%]
[2026-05-04 09:46:34]   baseline rep  49/100  321.4s  |  total:   6.6 min  [ 16.3%]
[2026-05-04 09:46:34]   baseline rep  50/100  301.4s  |  total:   6.6 min  [ 16.7%]
[2026-05-04 09:46:34]   baseline rep  51/100  297.7s  |  total:   6.6 min  [ 17.0%]
[2026-05-04 09:46:34]   baseline rep  52/100  321.2s  |  total:   6.6 min  [ 17.3%]
[2026-05-04 09:46:34]   baseline rep  53/100  338.1s  |  total:   6.6 min  [ 17.7%]
[2026-05-04 09:46:34]   baseline rep  54/100  325.3s  |  total:   6.6 min  [ 18.0%]
[2026-05-04 09:46:34]   baseline rep  55/100  344.8s  |  total:   6.6 min  [ 18.3%]
[2026-05-04 09:46:34]   baseline rep  56/100  287.4s  |  total:   6.6 min  [ 18.7%]
[2026-05-04 09:46:34]   baseline rep  57/100  350.8s  |  total:   6.6 min  [ 19.0%]
[2026-05-04 09:46:34]   baseline rep  58/100  320.5s  |  total:   6.6 min  [ 19.3%]
[2026-05-04 09:46:34]   baseline rep  59/100  349.2s  |  total:   6.6 min  [ 19.7%]
[2026-05-04 09:46:34]   baseline rep  60/100  308.8s  |  total:   6.6 min  [ 20.0%]
[2026-05-04 09:46:34]   baseline rep  61/100  279.1s  |  total:   6.6 min  [ 20.3%]
[2026-05-04 09:46:34]   baseline rep  62/100  330.1s  |  total:   6.6 min  [ 20.7%]
[2026-05-04 09:46:34]   baseline rep  63/100  341.2s  |  total:   6.6 min  [ 21.0%]
[2026-05-04 09:46:34]   baseline rep  64/100  366.6s  |  total:   6.6 min  [ 21.3%]
[2026-05-04 09:46:34]   baseline rep  65/100  318.8s  |  total:   6.6 min  [ 21.7%]
[2026-05-04 09:46:34]   baseline rep  66/100  338.0s  |  total:   6.6 min  [ 22.0%]
[2026-05-04 09:46:34]   baseline rep  67/100  279.5s  |  total:   6.6 min  [ 22.3%]
[2026-05-04 09:46:34]   baseline rep  68/100  348.9s  |  total:   6.6 min  [ 22.7%]
[2026-05-04 09:46:34]   baseline rep  69/100  334.9s  |  total:   6.6 min  [ 23.0%]
[2026-05-04 09:46:34]   baseline rep  70/100  325.6s  |  total:   6.6 min  [ 23.3%]
[2026-05-04 09:46:34]   baseline rep  71/100  314.9s  |  total:   6.6 min  [ 23.7%]
[2026-05-04 09:46:34]   baseline rep  72/100  351.6s  |  total:   6.6 min  [ 24.0%]
[2026-05-04 09:46:34]   baseline rep  73/100  325.8s  |  total:   6.6 min  [ 24.3%]
[2026-05-04 09:46:34]   baseline rep  74/100  305.4s  |  total:   6.6 min  [ 24.7%]
[2026-05-04 09:46:34]   baseline rep  75/100  337.1s  |  total:   6.6 min  [ 25.0%]
[2026-05-04 09:46:34]   baseline rep  76/100  289.6s  |  total:   6.6 min  [ 25.3%]
[2026-05-04 09:46:34]   baseline rep  77/100  355.7s  |  total:   6.6 min  [ 25.7%]
[2026-05-04 09:46:34]   baseline rep  78/100  313.6s  |  total:   6.6 min  [ 26.0%]
[2026-05-04 09:46:34]   baseline rep  79/100  307.4s  |  total:   6.6 min  [ 26.3%]
[2026-05-04 09:46:34]   baseline rep  80/100  310.7s  |  total:   6.6 min  [ 26.7%]
[2026-05-04 09:46:34]   baseline rep  81/100  337.6s  |  total:   6.6 min  [ 27.0%]
[2026-05-04 09:46:34]   baseline rep  82/100  306.1s  |  total:   6.6 min  [ 27.3%]
[2026-05-04 09:46:34]   baseline rep  83/100  287.1s  |  total:   6.6 min  [ 27.7%]
[2026-05-04 09:46:34]   baseline rep  84/100  318.3s  |  total:   6.6 min  [ 28.0%]
[2026-05-04 09:46:34]   baseline rep  85/100  282.6s  |  total:   6.6 min  [ 28.3%]
[2026-05-04 09:46:34]   baseline rep  86/100  302.4s  |  total:   6.6 min  [ 28.7%]
[2026-05-04 09:46:34]   baseline rep  87/100  309.3s  |  total:   6.6 min  [ 29.0%]
[2026-05-04 09:46:34]   baseline rep  88/100  302.0s  |  total:   6.6 min  [ 29.3%]
[2026-05-04 09:46:34]   baseline rep  89/100  335.0s  |  total:   6.6 min  [ 29.7%]
[2026-05-04 09:46:34]   baseline rep  90/100  363.1s  |  total:   6.6 min  [ 30.0%]
[2026-05-04 09:46:34]   baseline rep  91/100  334.9s  |  total:   6.6 min  [ 30.3%]
[2026-05-04 09:46:34]   baseline rep  92/100  313.4s  |  total:   6.6 min  [ 30.7%]
[2026-05-04 09:46:34]   baseline rep  93/100  282.5s  |  total:   6.6 min  [ 31.0%]
[2026-05-04 09:46:34]   baseline rep  94/100  284.0s  |  total:   6.6 min  [ 31.3%]
[2026-05-04 09:46:34]   baseline rep  95/100  339.8s  |  total:   6.6 min  [ 31.7%]
[2026-05-04 09:49:41]   baseline rep  96/100  184.3s  |  total:   9.7 min  [ 32.0%]
[2026-05-04 09:49:41]   baseline rep  97/100  183.7s  |  total:   9.7 min  [ 32.3%]
[2026-05-04 09:49:41]   baseline rep  98/100  186.6s  |  total:   9.7 min  [ 32.7%]
[2026-05-04 09:49:41]   baseline rep  99/100  179.0s  |  total:   9.7 min  [ 33.0%]
[2026-05-04 09:49:41]   baseline rep 100/100  184.1s  |  total:   9.7 min  [ 33.3%]
[2026-05-04 09:49:41]   --> scenario baseline complete in 9.7 min
[2026-05-04 09:49:41] ========== scenario: high_covariate  [R=100, 95 cores, chunk=95] ==========
[2026-05-04 09:55:37]   high_covariate rep   1/100  324.8s  |  total:  15.6 min  [ 33.7%]
[2026-05-04 09:55:37]   high_covariate rep   2/100  284.5s  |  total:  15.6 min  [ 34.0%]
[2026-05-04 09:55:37]   high_covariate rep   3/100  304.9s  |  total:  15.6 min  [ 34.3%]
[2026-05-04 09:55:37]   high_covariate rep   4/100  325.8s  |  total:  15.6 min  [ 34.7%]
[2026-05-04 09:55:37]   high_covariate rep   5/100  348.3s  |  total:  15.6 min  [ 35.0%]
[2026-05-04 09:55:37]   high_covariate rep   6/100  290.8s  |  total:  15.6 min  [ 35.3%]
[2026-05-04 09:55:37]   high_covariate rep   7/100  294.5s  |  total:  15.6 min  [ 35.7%]
[2026-05-04 09:55:37]   high_covariate rep   8/100  257.7s  |  total:  15.6 min  [ 36.0%]
[2026-05-04 09:55:37]   high_covariate rep   9/100  322.4s  |  total:  15.6 min  [ 36.3%]
[2026-05-04 09:55:37]   high_covariate rep  10/100  334.2s  |  total:  15.6 min  [ 36.7%]
[2026-05-04 09:55:37]   high_covariate rep  11/100  333.7s  |  total:  15.6 min  [ 37.0%]
[2026-05-04 09:55:37]   high_covariate rep  12/100  315.4s  |  total:  15.6 min  [ 37.3%]
[2026-05-04 09:55:37]   high_covariate rep  13/100  290.2s  |  total:  15.6 min  [ 37.7%]
[2026-05-04 09:55:37]   high_covariate rep  14/100  347.4s  |  total:  15.6 min  [ 38.0%]
[2026-05-04 09:55:37]   high_covariate rep  15/100  325.3s  |  total:  15.6 min  [ 38.3%]
[2026-05-04 09:55:37]   high_covariate rep  16/100  281.5s  |  total:  15.6 min  [ 38.7%]
[2026-05-04 09:55:37]   high_covariate rep  17/100  293.3s  |  total:  15.6 min  [ 39.0%]
[2026-05-04 09:55:37]   high_covariate rep  18/100  332.7s  |  total:  15.6 min  [ 39.3%]
[2026-05-04 09:55:37]   high_covariate rep  19/100  342.2s  |  total:  15.6 min  [ 39.7%]
[2026-05-04 09:55:37]   high_covariate rep  20/100  319.5s  |  total:  15.6 min  [ 40.0%]
[2026-05-04 09:55:37]   high_covariate rep  21/100  315.8s  |  total:  15.6 min  [ 40.3%]
[2026-05-04 09:55:37]   high_covariate rep  22/100  310.0s  |  total:  15.6 min  [ 40.7%]
[2026-05-04 09:55:37]   high_covariate rep  23/100  311.7s  |  total:  15.6 min  [ 41.0%]
[2026-05-04 09:55:37]   high_covariate rep  24/100  351.8s  |  total:  15.6 min  [ 41.3%]
[2026-05-04 09:55:37]   high_covariate rep  25/100  349.2s  |  total:  15.6 min  [ 41.7%]
[2026-05-04 09:55:37]   high_covariate rep  26/100  304.7s  |  total:  15.6 min  [ 42.0%]
[2026-05-04 09:55:37]   high_covariate rep  27/100  338.7s  |  total:  15.6 min  [ 42.3%]
[2026-05-04 09:55:37]   high_covariate rep  28/100  278.6s  |  total:  15.6 min  [ 42.7%]
[2026-05-04 09:55:37]   high_covariate rep  29/100  321.9s  |  total:  15.6 min  [ 43.0%]
[2026-05-04 09:55:37]   high_covariate rep  30/100  291.0s  |  total:  15.6 min  [ 43.3%]
[2026-05-04 09:55:37]   high_covariate rep  31/100  352.0s  |  total:  15.6 min  [ 43.7%]
[2026-05-04 09:55:37]   high_covariate rep  32/100  320.9s  |  total:  15.6 min  [ 44.0%]
[2026-05-04 09:55:37]   high_covariate rep  33/100  329.8s  |  total:  15.6 min  [ 44.3%]
[2026-05-04 09:55:37]   high_covariate rep  34/100  338.3s  |  total:  15.6 min  [ 44.7%]
[2026-05-04 09:55:37]   high_covariate rep  35/100  321.0s  |  total:  15.6 min  [ 45.0%]
[2026-05-04 09:55:37]   high_covariate rep  36/100  318.9s  |  total:  15.6 min  [ 45.3%]
[2026-05-04 09:55:37]   high_covariate rep  37/100  318.3s  |  total:  15.6 min  [ 45.7%]
[2026-05-04 09:55:37]   high_covariate rep  38/100  300.7s  |  total:  15.6 min  [ 46.0%]
[2026-05-04 09:55:37]   high_covariate rep  39/100  290.0s  |  total:  15.6 min  [ 46.3%]
[2026-05-04 09:55:37]   high_covariate rep  40/100  335.8s  |  total:  15.6 min  [ 46.7%]
[2026-05-04 09:55:37]   high_covariate rep  41/100  296.4s  |  total:  15.6 min  [ 47.0%]
[2026-05-04 09:55:37]   high_covariate rep  42/100  297.0s  |  total:  15.6 min  [ 47.3%]
[2026-05-04 09:55:37]   high_covariate rep  43/100  332.0s  |  total:  15.6 min  [ 47.7%]
[2026-05-04 09:55:37]   high_covariate rep  44/100  343.0s  |  total:  15.6 min  [ 48.0%]
[2026-05-04 09:55:37]   high_covariate rep  45/100  331.2s  |  total:  15.6 min  [ 48.3%]
[2026-05-04 09:55:37]   high_covariate rep  46/100  314.5s  |  total:  15.6 min  [ 48.7%]
[2026-05-04 09:55:37]   high_covariate rep  47/100  346.9s  |  total:  15.6 min  [ 49.0%]
[2026-05-04 09:55:37]   high_covariate rep  48/100  347.4s  |  total:  15.6 min  [ 49.3%]
[2026-05-04 09:55:37]   high_covariate rep  49/100  302.3s  |  total:  15.6 min  [ 49.7%]
[2026-05-04 09:55:37]   high_covariate rep  50/100  276.6s  |  total:  15.7 min  [ 50.0%]
[2026-05-04 09:55:37]   high_covariate rep  51/100  308.7s  |  total:  15.7 min  [ 50.3%]
[2026-05-04 09:55:37]   high_covariate rep  52/100  272.2s  |  total:  15.7 min  [ 50.7%]
[2026-05-04 09:55:37]   high_covariate rep  53/100  324.7s  |  total:  15.7 min  [ 51.0%]
[2026-05-04 09:55:37]   high_covariate rep  54/100  322.3s  |  total:  15.7 min  [ 51.3%]
[2026-05-04 09:55:37]   high_covariate rep  55/100  322.5s  |  total:  15.7 min  [ 51.7%]
[2026-05-04 09:55:37]   high_covariate rep  56/100  301.1s  |  total:  15.7 min  [ 52.0%]
[2026-05-04 09:55:37]   high_covariate rep  57/100  300.6s  |  total:  15.7 min  [ 52.3%]
[2026-05-04 09:55:37]   high_covariate rep  58/100  318.0s  |  total:  15.7 min  [ 52.7%]
[2026-05-04 09:55:37]   high_covariate rep  59/100  293.2s  |  total:  15.7 min  [ 53.0%]
[2026-05-04 09:55:37]   high_covariate rep  60/100  306.9s  |  total:  15.7 min  [ 53.3%]
[2026-05-04 09:55:37]   high_covariate rep  61/100  286.7s  |  total:  15.7 min  [ 53.7%]
[2026-05-04 09:55:37]   high_covariate rep  62/100  304.9s  |  total:  15.7 min  [ 54.0%]
[2026-05-04 09:55:37]   high_covariate rep  63/100  326.1s  |  total:  15.7 min  [ 54.3%]
[2026-05-04 09:55:37]   high_covariate rep  64/100  268.6s  |  total:  15.7 min  [ 54.7%]
[2026-05-04 09:55:37]   high_covariate rep  65/100  349.9s  |  total:  15.7 min  [ 55.0%]
[2026-05-04 09:55:37]   high_covariate rep  66/100  328.1s  |  total:  15.7 min  [ 55.3%]
[2026-05-04 09:55:37]   high_covariate rep  67/100  266.0s  |  total:  15.7 min  [ 55.7%]
[2026-05-04 09:55:37]   high_covariate rep  68/100  305.2s  |  total:  15.7 min  [ 56.0%]
[2026-05-04 09:55:37]   high_covariate rep  69/100  281.0s  |  total:  15.7 min  [ 56.3%]
[2026-05-04 09:55:37]   high_covariate rep  70/100  302.7s  |  total:  15.7 min  [ 56.7%]
[2026-05-04 09:55:37]   high_covariate rep  71/100  272.0s  |  total:  15.7 min  [ 57.0%]
[2026-05-04 09:55:37]   high_covariate rep  72/100  314.5s  |  total:  15.7 min  [ 57.3%]
[2026-05-04 09:55:37]   high_covariate rep  73/100  334.8s  |  total:  15.7 min  [ 57.7%]
[2026-05-04 09:55:37]   high_covariate rep  74/100  327.5s  |  total:  15.7 min  [ 58.0%]
[2026-05-04 09:55:37]   high_covariate rep  75/100  345.0s  |  total:  15.7 min  [ 58.3%]
[2026-05-04 09:55:37]   high_covariate rep  76/100  354.3s  |  total:  15.7 min  [ 58.7%]
[2026-05-04 09:55:37]   high_covariate rep  77/100  311.6s  |  total:  15.7 min  [ 59.0%]
[2026-05-04 09:55:37]   high_covariate rep  78/100  319.0s  |  total:  15.7 min  [ 59.3%]
[2026-05-04 09:55:37]   high_covariate rep  79/100  323.2s  |  total:  15.7 min  [ 59.7%]
[2026-05-04 09:55:37]   high_covariate rep  80/100  298.5s  |  total:  15.7 min  [ 60.0%]
[2026-05-04 09:55:37]   high_covariate rep  81/100  302.3s  |  total:  15.7 min  [ 60.3%]
[2026-05-04 09:55:37]   high_covariate rep  82/100  331.0s  |  total:  15.7 min  [ 60.7%]
[2026-05-04 09:55:37]   high_covariate rep  83/100  276.6s  |  total:  15.7 min  [ 61.0%]
[2026-05-04 09:55:37]   high_covariate rep  84/100  343.5s  |  total:  15.7 min  [ 61.3%]
[2026-05-04 09:55:37]   high_covariate rep  85/100  343.8s  |  total:  15.7 min  [ 61.7%]
[2026-05-04 09:55:37]   high_covariate rep  86/100  305.0s  |  total:  15.7 min  [ 62.0%]
[2026-05-04 09:55:37]   high_covariate rep  87/100  331.4s  |  total:  15.7 min  [ 62.3%]
[2026-05-04 09:55:37]   high_covariate rep  88/100  324.2s  |  total:  15.7 min  [ 62.7%]
[2026-05-04 09:55:37]   high_covariate rep  89/100  339.0s  |  total:  15.7 min  [ 63.0%]
[2026-05-04 09:55:37]   high_covariate rep  90/100  331.4s  |  total:  15.7 min  [ 63.3%]
[2026-05-04 09:55:37]   high_covariate rep  91/100  266.8s  |  total:  15.7 min  [ 63.7%]
[2026-05-04 09:55:37]   high_covariate rep  92/100  328.9s  |  total:  15.7 min  [ 64.0%]
[2026-05-04 09:55:37]   high_covariate rep  93/100  356.1s  |  total:  15.7 min  [ 64.3%]
[2026-05-04 09:55:37]   high_covariate rep  94/100  309.6s  |  total:  15.7 min  [ 64.7%]
[2026-05-04 09:55:37]   high_covariate rep  95/100  315.9s  |  total:  15.7 min  [ 65.0%]
[2026-05-04 09:58:43]   high_covariate rep  96/100  180.0s  |  total:  18.7 min  [ 65.3%]
[2026-05-04 09:58:43]   high_covariate rep  97/100  185.6s  |  total:  18.7 min  [ 65.7%]
[2026-05-04 09:58:43]   high_covariate rep  98/100  178.3s  |  total:  18.7 min  [ 66.0%]
[2026-05-04 09:58:43]   high_covariate rep  99/100  182.9s  |  total:  18.7 min  [ 66.3%]
[2026-05-04 09:58:43]   high_covariate rep 100/100  169.6s  |  total:  18.7 min  [ 66.7%]
[2026-05-04 09:58:43]   --> scenario high_covariate complete in 9.0 min
[2026-05-04 09:58:43] ========== scenario: high_sparsity  [R=100, 95 cores, chunk=95] ==========
[2026-05-04 10:04:33]   high_sparsity rep   1/100  313.5s  |  total:  24.6 min  [ 67.0%]
[2026-05-04 10:04:33]   high_sparsity rep   2/100  327.4s  |  total:  24.6 min  [ 67.3%]
[2026-05-04 10:04:33]   high_sparsity rep   3/100  259.4s  |  total:  24.6 min  [ 67.7%]
[2026-05-04 10:04:33]   high_sparsity rep   4/100  339.6s  |  total:  24.6 min  [ 68.0%]
[2026-05-04 10:04:33]   high_sparsity rep   5/100  326.7s  |  total:  24.6 min  [ 68.3%]
[2026-05-04 10:04:33]   high_sparsity rep   6/100  322.3s  |  total:  24.6 min  [ 68.7%]
[2026-05-04 10:04:33]   high_sparsity rep   7/100  286.0s  |  total:  24.6 min  [ 69.0%]
[2026-05-04 10:04:33]   high_sparsity rep   8/100  315.3s  |  total:  24.6 min  [ 69.3%]
[2026-05-04 10:04:33]   high_sparsity rep   9/100  315.8s  |  total:  24.6 min  [ 69.7%]
[2026-05-04 10:04:33]   high_sparsity rep  10/100  315.4s  |  total:  24.6 min  [ 70.0%]
[2026-05-04 10:04:33]   high_sparsity rep  11/100  324.4s  |  total:  24.6 min  [ 70.3%]
[2026-05-04 10:04:33]   high_sparsity rep  12/100  290.3s  |  total:  24.6 min  [ 70.7%]
[2026-05-04 10:04:33]   high_sparsity rep  13/100  314.9s  |  total:  24.6 min  [ 71.0%]
[2026-05-04 10:04:33]   high_sparsity rep  14/100  304.7s  |  total:  24.6 min  [ 71.3%]
[2026-05-04 10:04:33]   high_sparsity rep  15/100  298.7s  |  total:  24.6 min  [ 71.7%]
[2026-05-04 10:04:33]   high_sparsity rep  16/100  293.1s  |  total:  24.6 min  [ 72.0%]
[2026-05-04 10:04:33]   high_sparsity rep  17/100  311.9s  |  total:  24.6 min  [ 72.3%]
[2026-05-04 10:04:33]   high_sparsity rep  18/100  311.9s  |  total:  24.6 min  [ 72.7%]
[2026-05-04 10:04:33]   high_sparsity rep  19/100  331.5s  |  total:  24.6 min  [ 73.0%]
[2026-05-04 10:04:33]   high_sparsity rep  20/100  319.8s  |  total:  24.6 min  [ 73.3%]
[2026-05-04 10:04:33]   high_sparsity rep  21/100  333.6s  |  total:  24.6 min  [ 73.7%]
[2026-05-04 10:04:33]   high_sparsity rep  22/100  300.3s  |  total:  24.6 min  [ 74.0%]
[2026-05-04 10:04:33]   high_sparsity rep  23/100  317.7s  |  total:  24.6 min  [ 74.3%]
[2026-05-04 10:04:33]   high_sparsity rep  24/100  332.4s  |  total:  24.6 min  [ 74.7%]
[2026-05-04 10:04:33]   high_sparsity rep  25/100  322.6s  |  total:  24.6 min  [ 75.0%]
[2026-05-04 10:04:33]   high_sparsity rep  26/100  283.9s  |  total:  24.6 min  [ 75.3%]
[2026-05-04 10:04:33]   high_sparsity rep  27/100  326.3s  |  total:  24.6 min  [ 75.7%]
[2026-05-04 10:04:33]   high_sparsity rep  28/100  312.3s  |  total:  24.6 min  [ 76.0%]
[2026-05-04 10:04:33]   high_sparsity rep  29/100  325.1s  |  total:  24.6 min  [ 76.3%]
[2026-05-04 10:04:33]   high_sparsity rep  30/100  288.9s  |  total:  24.6 min  [ 76.7%]
[2026-05-04 10:04:33]   high_sparsity rep  31/100  314.8s  |  total:  24.6 min  [ 77.0%]
[2026-05-04 10:04:33]   high_sparsity rep  32/100  298.3s  |  total:  24.6 min  [ 77.3%]
[2026-05-04 10:04:33]   high_sparsity rep  33/100  327.6s  |  total:  24.6 min  [ 77.7%]
[2026-05-04 10:04:33]   high_sparsity rep  34/100  311.3s  |  total:  24.6 min  [ 78.0%]
[2026-05-04 10:04:33]   high_sparsity rep  35/100  255.6s  |  total:  24.6 min  [ 78.3%]
[2026-05-04 10:04:33]   high_sparsity rep  36/100  333.9s  |  total:  24.6 min  [ 78.7%]
[2026-05-04 10:04:33]   high_sparsity rep  37/100  292.1s  |  total:  24.6 min  [ 79.0%]
[2026-05-04 10:04:33]   high_sparsity rep  38/100  320.5s  |  total:  24.6 min  [ 79.3%]
[2026-05-04 10:04:33]   high_sparsity rep  39/100  294.5s  |  total:  24.6 min  [ 79.7%]
[2026-05-04 10:04:33]   high_sparsity rep  40/100  293.6s  |  total:  24.6 min  [ 80.0%]
[2026-05-04 10:04:33]   high_sparsity rep  41/100  331.0s  |  total:  24.6 min  [ 80.3%]
[2026-05-04 10:04:33]   high_sparsity rep  42/100  299.0s  |  total:  24.6 min  [ 80.7%]
[2026-05-04 10:04:33]   high_sparsity rep  43/100  336.2s  |  total:  24.6 min  [ 81.0%]
[2026-05-04 10:04:33]   high_sparsity rep  44/100  318.0s  |  total:  24.6 min  [ 81.3%]
[2026-05-04 10:04:33]   high_sparsity rep  45/100  268.1s  |  total:  24.6 min  [ 81.7%]
[2026-05-04 10:04:33]   high_sparsity rep  46/100  322.8s  |  total:  24.6 min  [ 82.0%]
[2026-05-04 10:04:33]   high_sparsity rep  47/100  329.8s  |  total:  24.6 min  [ 82.3%]
[2026-05-04 10:04:33]   high_sparsity rep  48/100  269.4s  |  total:  24.6 min  [ 82.7%]
[2026-05-04 10:04:33]   high_sparsity rep  49/100  332.4s  |  total:  24.6 min  [ 83.0%]
[2026-05-04 10:04:33]   high_sparsity rep  50/100  333.9s  |  total:  24.6 min  [ 83.3%]
[2026-05-04 10:04:33]   high_sparsity rep  51/100  300.5s  |  total:  24.6 min  [ 83.7%]
[2026-05-04 10:04:33]   high_sparsity rep  52/100  322.9s  |  total:  24.6 min  [ 84.0%]
[2026-05-04 10:04:33]   high_sparsity rep  53/100  264.9s  |  total:  24.6 min  [ 84.3%]
[2026-05-04 10:04:33]   high_sparsity rep  54/100  337.6s  |  total:  24.6 min  [ 84.7%]
[2026-05-04 10:04:33]   high_sparsity rep  55/100  297.9s  |  total:  24.6 min  [ 85.0%]
[2026-05-04 10:04:33]   high_sparsity rep  56/100  263.2s  |  total:  24.6 min  [ 85.3%]
[2026-05-04 10:04:33]   high_sparsity rep  57/100  296.9s  |  total:  24.6 min  [ 85.7%]
[2026-05-04 10:04:33]   high_sparsity rep  58/100  289.0s  |  total:  24.6 min  [ 86.0%]
[2026-05-04 10:04:33]   high_sparsity rep  59/100  266.6s  |  total:  24.6 min  [ 86.3%]
[2026-05-04 10:04:33]   high_sparsity rep  60/100  305.0s  |  total:  24.6 min  [ 86.7%]
[2026-05-04 10:04:33]   high_sparsity rep  61/100  327.4s  |  total:  24.6 min  [ 87.0%]
[2026-05-04 10:04:33]   high_sparsity rep  62/100  338.0s  |  total:  24.6 min  [ 87.3%]
[2026-05-04 10:04:33]   high_sparsity rep  63/100  317.6s  |  total:  24.6 min  [ 87.7%]
[2026-05-04 10:04:33]   high_sparsity rep  64/100  331.7s  |  total:  24.6 min  [ 88.0%]
[2026-05-04 10:04:33]   high_sparsity rep  65/100  320.5s  |  total:  24.6 min  [ 88.3%]
[2026-05-04 10:04:33]   high_sparsity rep  66/100  332.3s  |  total:  24.6 min  [ 88.7%]
[2026-05-04 10:04:33]   high_sparsity rep  67/100  322.0s  |  total:  24.6 min  [ 89.0%]
[2026-05-04 10:04:33]   high_sparsity rep  68/100  326.4s  |  total:  24.6 min  [ 89.3%]
[2026-05-04 10:04:33]   high_sparsity rep  69/100  328.3s  |  total:  24.6 min  [ 89.7%]
[2026-05-04 10:04:33]   high_sparsity rep  70/100  324.5s  |  total:  24.6 min  [ 90.0%]
[2026-05-04 10:04:33]   high_sparsity rep  71/100  269.8s  |  total:  24.6 min  [ 90.3%]
[2026-05-04 10:04:33]   high_sparsity rep  72/100  349.9s  |  total:  24.6 min  [ 90.7%]
[2026-05-04 10:04:33]   high_sparsity rep  73/100  330.3s  |  total:  24.6 min  [ 91.0%]
[2026-05-04 10:04:33]   high_sparsity rep  74/100  271.6s  |  total:  24.6 min  [ 91.3%]
[2026-05-04 10:04:33]   high_sparsity rep  75/100  335.1s  |  total:  24.6 min  [ 91.7%]
[2026-05-04 10:04:33]   high_sparsity rep  76/100  314.1s  |  total:  24.6 min  [ 92.0%]
[2026-05-04 10:04:33]   high_sparsity rep  77/100  323.9s  |  total:  24.6 min  [ 92.3%]
[2026-05-04 10:04:33]   high_sparsity rep  78/100  307.2s  |  total:  24.6 min  [ 92.7%]
[2026-05-04 10:04:33]   high_sparsity rep  79/100  297.7s  |  total:  24.6 min  [ 93.0%]
[2026-05-04 10:04:33]   high_sparsity rep  80/100  312.1s  |  total:  24.6 min  [ 93.3%]
[2026-05-04 10:04:33]   high_sparsity rep  81/100  278.8s  |  total:  24.6 min  [ 93.7%]
[2026-05-04 10:04:33]   high_sparsity rep  82/100  295.6s  |  total:  24.6 min  [ 94.0%]
[2026-05-04 10:04:33]   high_sparsity rep  83/100  297.6s  |  total:  24.6 min  [ 94.3%]
[2026-05-04 10:04:33]   high_sparsity rep  84/100  299.3s  |  total:  24.6 min  [ 94.7%]
[2026-05-04 10:04:33]   high_sparsity rep  85/100  326.7s  |  total:  24.6 min  [ 95.0%]
[2026-05-04 10:04:33]   high_sparsity rep  86/100  349.8s  |  total:  24.6 min  [ 95.3%]
[2026-05-04 10:04:33]   high_sparsity rep  87/100  311.3s  |  total:  24.6 min  [ 95.7%]
[2026-05-04 10:04:33]   high_sparsity rep  88/100  293.6s  |  total:  24.6 min  [ 96.0%]
[2026-05-04 10:04:33]   high_sparsity rep  89/100  348.5s  |  total:  24.6 min  [ 96.3%]
[2026-05-04 10:04:33]   high_sparsity rep  90/100  343.4s  |  total:  24.6 min  [ 96.7%]
[2026-05-04 10:04:33]   high_sparsity rep  91/100  309.8s  |  total:  24.6 min  [ 97.0%]
[2026-05-04 10:04:33]   high_sparsity rep  92/100  319.5s  |  total:  24.6 min  [ 97.3%]
[2026-05-04 10:04:33]   high_sparsity rep  93/100  306.0s  |  total:  24.6 min  [ 97.7%]
[2026-05-04 10:04:33]   high_sparsity rep  94/100  336.3s  |  total:  24.6 min  [ 98.0%]
[2026-05-04 10:04:33]   high_sparsity rep  95/100  314.3s  |  total:  24.6 min  [ 98.3%]
[2026-05-04 10:07:21]   high_sparsity rep  96/100  165.7s  |  total:  27.4 min  [ 98.7%]
[2026-05-04 10:07:21]   high_sparsity rep  97/100  168.3s  |  total:  27.4 min  [ 99.0%]
[2026-05-04 10:07:21]   high_sparsity rep  98/100  162.6s  |  total:  27.4 min  [ 99.3%]
[2026-05-04 10:07:21]   high_sparsity rep  99/100  168.4s  |  total:  27.4 min  [ 99.7%]
[2026-05-04 10:07:21]   high_sparsity rep 100/100  158.2s  |  total:  27.4 min  [100.0%]
[2026-05-04 10:07:21]   --> scenario high_sparsity complete in 8.6 min
[2026-05-04 10:07:21] === Full run complete in 27.4 min ===
[2026-05-04 10:07:21] Results: /home/linux02/berserk/gscamm/replication_package/simulations/results/full_metrics.rds
[2026-05-04 10:07:21] Log:     /home/linux02/berserk/gscamm/replication_package/simulations/results/sim_full.log
