[2026-05-05 07:39:06] Cores: 96 physical detected, using 95 (OS: unix)
[2026-05-05 07:39:06] === Full simulation design ===
[2026-05-05 07:39:06] List of 19
[2026-05-05 07:39:06]  $ N               : num 1000
[2026-05-05 07:39:06]  $ V               : num 500
[2026-05-05 07:39:06]  $ K               : num 10
[2026-05-05 07:39:06]  $ P               : num 8
[2026-05-05 07:39:06]  $ R               : int 100
[2026-05-05 07:39:06]  $ scenarios       : chr [1:3] "baseline" "high_covariate" "high_sparsity"
[2026-05-05 07:39:06]  $ links           : Named chr [1:3] "logistic_normal" "dirichlet" "zero_inflated"
[2026-05-05 07:39:06]   ..- attr(*, "names")= chr [1:3] "baseline" "high_covariate" "high_sparsity"
[2026-05-05 07:39:06]  $ boot_B          : int 200
[2026-05-05 07:39:06]  $ boot_type       : chr "basic"
[2026-05-05 07:39:06]  $ noise_augment   : logi TRUE
[2026-05-05 07:39:06]  $ noise_scale     : num 1
[2026-05-05 07:39:06]  $ bias_correct    : logi TRUE
[2026-05-05 07:39:06]  $ fit_max_iter    : int 200
[2026-05-05 07:39:06]  $ fit_tol         : num 1e-05
[2026-05-05 07:39:06]  $ boot_max_iter   : int 60
[2026-05-05 07:39:06]  $ boot_tol        : num 1e-04
[2026-05-05 07:39:06]  $ use_polish      : logi TRUE
[2026-05-05 07:39:06]  $ sigma2_polish   : num 0.25
[2026-05-05 07:39:06]  $ use_stm_spectral: logi FALSE
[2026-05-05 07:39:06] === Toggles ===
[2026-05-05 07:39:06]   fit_max_iter   = 200
[2026-05-05 07:39:06]   boot_max_iter  = 60
[2026-05-05 07:39:06]   noise_scale    = 1.000
[2026-05-05 07:39:06]   use_polish       = TRUE
[2026-05-05 07:39:06]   sigma2_polish    = 0.250
[2026-05-05 07:39:06]   use_stm_spectral = FALSE (counter-factual; STM uses Random init by default)
[2026-05-05 07:39:06] ========== scenario: baseline  [R=100, 95 cores, chunk=95] ==========
[2026-05-05 07:58:59]   baseline rep   1/100  1173.8s  |  total:  19.9 min  [  0.3%]
[2026-05-05 07:58:59]   baseline rep   2/100  1126.7s  |  total:  19.9 min  [  0.7%]
[2026-05-05 07:58:59]   baseline rep   3/100  1132.8s  |  total:  19.9 min  [  1.0%]
[2026-05-05 07:58:59]   baseline rep   4/100  1070.1s  |  total:  19.9 min  [  1.3%]
[2026-05-05 07:58:59]   baseline rep   5/100  1162.9s  |  total:  19.9 min  [  1.7%]
[2026-05-05 07:58:59]   baseline rep   6/100  1062.0s  |  total:  19.9 min  [  2.0%]
[2026-05-05 07:58:59]   baseline rep   7/100  1105.1s  |  total:  19.9 min  [  2.3%]
[2026-05-05 07:58:59]   baseline rep   8/100  1071.0s  |  total:  19.9 min  [  2.7%]
[2026-05-05 07:58:59]   baseline rep   9/100  1116.4s  |  total:  19.9 min  [  3.0%]
[2026-05-05 07:58:59]   baseline rep  10/100  1049.4s  |  total:  19.9 min  [  3.3%]
[2026-05-05 07:58:59]   baseline rep  11/100  1090.3s  |  total:  19.9 min  [  3.7%]
[2026-05-05 07:58:59]   baseline rep  12/100  909.2s  |  total:  19.9 min  [  4.0%]
[2026-05-05 07:58:59]   baseline rep  13/100  1106.5s  |  total:  19.9 min  [  4.3%]
[2026-05-05 07:58:59]   baseline rep  14/100  1104.4s  |  total:  19.9 min  [  4.7%]
[2026-05-05 07:58:59]   baseline rep  15/100  1083.4s  |  total:  19.9 min  [  5.0%]
[2026-05-05 07:58:59]   baseline rep  16/100  1125.6s  |  total:  19.9 min  [  5.3%]
[2026-05-05 07:58:59]   baseline rep  17/100  1068.5s  |  total:  19.9 min  [  5.7%]
[2026-05-05 07:58:59]   baseline rep  18/100  1099.0s  |  total:  19.9 min  [  6.0%]
[2026-05-05 07:58:59]   baseline rep  19/100  1089.7s  |  total:  19.9 min  [  6.3%]
[2026-05-05 07:58:59]   baseline rep  20/100  1063.5s  |  total:  19.9 min  [  6.7%]
[2026-05-05 07:58:59]   baseline rep  21/100  1098.1s  |  total:  19.9 min  [  7.0%]
[2026-05-05 07:58:59]   baseline rep  22/100  968.7s  |  total:  19.9 min  [  7.3%]
[2026-05-05 07:58:59]   baseline rep  23/100  1078.7s  |  total:  19.9 min  [  7.7%]
[2026-05-05 07:58:59]   baseline rep  24/100  1102.8s  |  total:  19.9 min  [  8.0%]
[2026-05-05 07:58:59]   baseline rep  25/100  1120.1s  |  total:  19.9 min  [  8.3%]
[2026-05-05 07:58:59]   baseline rep  26/100  1036.9s  |  total:  19.9 min  [  8.7%]
[2026-05-05 07:58:59]   baseline rep  27/100  1013.1s  |  total:  19.9 min  [  9.0%]
[2026-05-05 07:58:59]   baseline rep  28/100  1117.9s  |  total:  19.9 min  [  9.3%]
[2026-05-05 07:58:59]   baseline rep  29/100  1063.6s  |  total:  19.9 min  [  9.7%]
[2026-05-05 07:58:59]   baseline rep  30/100  1106.8s  |  total:  19.9 min  [ 10.0%]
[2026-05-05 07:58:59]   baseline rep  31/100  1095.2s  |  total:  19.9 min  [ 10.3%]
[2026-05-05 07:58:59]   baseline rep  32/100  1036.7s  |  total:  19.9 min  [ 10.7%]
[2026-05-05 07:58:59]   baseline rep  33/100  960.5s  |  total:  19.9 min  [ 11.0%]
[2026-05-05 07:58:59]   baseline rep  34/100  1071.1s  |  total:  19.9 min  [ 11.3%]
[2026-05-05 07:58:59]   baseline rep  35/100  1022.3s  |  total:  19.9 min  [ 11.7%]
[2026-05-05 07:58:59]   baseline rep  36/100  1056.6s  |  total:  19.9 min  [ 12.0%]
[2026-05-05 07:58:59]   baseline rep  37/100  1028.7s  |  total:  19.9 min  [ 12.3%]
[2026-05-05 07:58:59]   baseline rep  38/100  1111.5s  |  total:  19.9 min  [ 12.7%]
[2026-05-05 07:58:59]   baseline rep  39/100  1024.6s  |  total:  19.9 min  [ 13.0%]
[2026-05-05 07:58:59]   baseline rep  40/100  1098.6s  |  total:  19.9 min  [ 13.3%]
[2026-05-05 07:58:59]   baseline rep  41/100  1055.1s  |  total:  19.9 min  [ 13.7%]
[2026-05-05 07:58:59]   baseline rep  42/100  924.8s  |  total:  19.9 min  [ 14.0%]
[2026-05-05 07:58:59]   baseline rep  43/100  1120.0s  |  total:  19.9 min  [ 14.3%]
[2026-05-05 07:58:59]   baseline rep  44/100  1073.9s  |  total:  19.9 min  [ 14.7%]
[2026-05-05 07:58:59]   baseline rep  45/100  947.1s  |  total:  19.9 min  [ 15.0%]
[2026-05-05 07:58:59]   baseline rep  46/100  1066.9s  |  total:  19.9 min  [ 15.3%]
[2026-05-05 07:58:59]   baseline rep  47/100  1028.5s  |  total:  19.9 min  [ 15.7%]
[2026-05-05 07:58:59]   baseline rep  48/100  1192.9s  |  total:  19.9 min  [ 16.0%]
[2026-05-05 07:58:59]   baseline rep  49/100  1125.6s  |  total:  19.9 min  [ 16.3%]
[2026-05-05 07:58:59]   baseline rep  50/100  1120.5s  |  total:  19.9 min  [ 16.7%]
[2026-05-05 07:58:59]   baseline rep  51/100  1057.9s  |  total:  19.9 min  [ 17.0%]
[2026-05-05 07:58:59]   baseline rep  52/100  1006.9s  |  total:  19.9 min  [ 17.3%]
[2026-05-05 07:58:59]   baseline rep  53/100  1083.3s  |  total:  19.9 min  [ 17.7%]
[2026-05-05 07:58:59]   baseline rep  54/100  1022.3s  |  total:  19.9 min  [ 18.0%]
[2026-05-05 07:58:59]   baseline rep  55/100  987.9s  |  total:  19.9 min  [ 18.3%]
[2026-05-05 07:58:59]   baseline rep  56/100  1072.9s  |  total:  19.9 min  [ 18.7%]
[2026-05-05 07:58:59]   baseline rep  57/100  1097.0s  |  total:  19.9 min  [ 19.0%]
[2026-05-05 07:58:59]   baseline rep  58/100  1122.0s  |  total:  19.9 min  [ 19.3%]
[2026-05-05 07:58:59]   baseline rep  59/100  1029.2s  |  total:  19.9 min  [ 19.7%]
[2026-05-05 07:58:59]   baseline rep  60/100  1073.9s  |  total:  19.9 min  [ 20.0%]
[2026-05-05 07:58:59]   baseline rep  61/100  1145.2s  |  total:  19.9 min  [ 20.3%]
[2026-05-05 07:58:59]   baseline rep  62/100  1095.1s  |  total:  19.9 min  [ 20.7%]
[2026-05-05 07:58:59]   baseline rep  63/100  997.3s  |  total:  19.9 min  [ 21.0%]
[2026-05-05 07:58:59]   baseline rep  64/100  1080.7s  |  total:  19.9 min  [ 21.3%]
[2026-05-05 07:58:59]   baseline rep  65/100  1085.0s  |  total:  19.9 min  [ 21.7%]
[2026-05-05 07:58:59]   baseline rep  66/100  1019.9s  |  total:  19.9 min  [ 22.0%]
[2026-05-05 07:58:59]   baseline rep  67/100  1038.4s  |  total:  19.9 min  [ 22.3%]
[2026-05-05 07:58:59]   baseline rep  68/100  992.2s  |  total:  19.9 min  [ 22.7%]
[2026-05-05 07:58:59]   baseline rep  69/100  1132.2s  |  total:  19.9 min  [ 23.0%]
[2026-05-05 07:58:59]   baseline rep  70/100  1144.9s  |  total:  19.9 min  [ 23.3%]
[2026-05-05 07:58:59]   baseline rep  71/100  1057.3s  |  total:  19.9 min  [ 23.7%]
[2026-05-05 07:58:59]   baseline rep  72/100  975.8s  |  total:  19.9 min  [ 24.0%]
[2026-05-05 07:58:59]   baseline rep  73/100  1025.1s  |  total:  19.9 min  [ 24.3%]
[2026-05-05 07:58:59]   baseline rep  74/100  1170.6s  |  total:  19.9 min  [ 24.7%]
[2026-05-05 07:58:59]   baseline rep  75/100  1070.6s  |  total:  19.9 min  [ 25.0%]
[2026-05-05 07:58:59]   baseline rep  76/100  937.5s  |  total:  19.9 min  [ 25.3%]
[2026-05-05 07:58:59]   baseline rep  77/100  1119.2s  |  total:  19.9 min  [ 25.7%]
[2026-05-05 07:58:59]   baseline rep  78/100  1065.2s  |  total:  19.9 min  [ 26.0%]
[2026-05-05 07:58:59]   baseline rep  79/100  1114.7s  |  total:  19.9 min  [ 26.3%]
[2026-05-05 07:58:59]   baseline rep  80/100  989.0s  |  total:  19.9 min  [ 26.7%]
[2026-05-05 07:58:59]   baseline rep  81/100  997.8s  |  total:  19.9 min  [ 27.0%]
[2026-05-05 07:58:59]   baseline rep  82/100  984.3s  |  total:  19.9 min  [ 27.3%]
[2026-05-05 07:58:59]   baseline rep  83/100  1073.9s  |  total:  19.9 min  [ 27.7%]
[2026-05-05 07:58:59]   baseline rep  84/100  1112.4s  |  total:  19.9 min  [ 28.0%]
[2026-05-05 07:58:59]   baseline rep  85/100  1069.9s  |  total:  19.9 min  [ 28.3%]
[2026-05-05 07:58:59]   baseline rep  86/100  1095.7s  |  total:  19.9 min  [ 28.7%]
[2026-05-05 07:58:59]   baseline rep  87/100  1015.6s  |  total:  19.9 min  [ 29.0%]
[2026-05-05 07:58:59]   baseline rep  88/100  1110.0s  |  total:  19.9 min  [ 29.3%]
[2026-05-05 07:58:59]   baseline rep  89/100  1101.2s  |  total:  19.9 min  [ 29.7%]
[2026-05-05 07:58:59]   baseline rep  90/100  1107.4s  |  total:  19.9 min  [ 30.0%]
[2026-05-05 07:58:59]   baseline rep  91/100  1093.1s  |  total:  19.9 min  [ 30.3%]
[2026-05-05 07:58:59]   baseline rep  92/100  919.2s  |  total:  19.9 min  [ 30.7%]
[2026-05-05 07:58:59]   baseline rep  93/100  1117.7s  |  total:  19.9 min  [ 31.0%]
[2026-05-05 07:58:59]   baseline rep  94/100  942.4s  |  total:  19.9 min  [ 31.3%]
[2026-05-05 07:58:59]   baseline rep  95/100  978.6s  |  total:  19.9 min  [ 31.7%]
[2026-05-05 08:09:38]   baseline rep  96/100  627.2s  |  total:  30.5 min  [ 32.0%]
[2026-05-05 08:09:38]   baseline rep  97/100  632.8s  |  total:  30.5 min  [ 32.3%]
[2026-05-05 08:09:38]   baseline rep  98/100  638.7s  |  total:  30.5 min  [ 32.7%]
[2026-05-05 08:09:38]   baseline rep  99/100  621.4s  |  total:  30.5 min  [ 33.0%]
[2026-05-05 08:09:38]   baseline rep 100/100  631.6s  |  total:  30.5 min  [ 33.3%]
[2026-05-05 08:09:38]   --> scenario baseline complete in 30.5 min
[2026-05-05 08:09:38] ========== scenario: high_covariate  [R=100, 95 cores, chunk=95] ==========
[2026-05-05 08:29:15]   high_covariate rep   1/100  1074.1s  |  total:  50.1 min  [ 33.7%]
[2026-05-05 08:29:15]   high_covariate rep   2/100  1068.7s  |  total:  50.1 min  [ 34.0%]
[2026-05-05 08:29:15]   high_covariate rep   3/100  1035.4s  |  total:  50.1 min  [ 34.3%]
[2026-05-05 08:29:15]   high_covariate rep   4/100  1009.5s  |  total:  50.1 min  [ 34.7%]
[2026-05-05 08:29:15]   high_covariate rep   5/100  1148.4s  |  total:  50.1 min  [ 35.0%]
[2026-05-05 08:29:15]   high_covariate rep   6/100  1076.3s  |  total:  50.1 min  [ 35.3%]
[2026-05-05 08:29:15]   high_covariate rep   7/100  934.8s  |  total:  50.1 min  [ 35.7%]
[2026-05-05 08:29:15]   high_covariate rep   8/100  971.5s  |  total:  50.1 min  [ 36.0%]
[2026-05-05 08:29:15]   high_covariate rep   9/100  1045.7s  |  total:  50.1 min  [ 36.3%]
[2026-05-05 08:29:15]   high_covariate rep  10/100  1078.6s  |  total:  50.1 min  [ 36.7%]
[2026-05-05 08:29:15]   high_covariate rep  11/100  1084.3s  |  total:  50.1 min  [ 37.0%]
[2026-05-05 08:29:15]   high_covariate rep  12/100  1040.9s  |  total:  50.1 min  [ 37.3%]
[2026-05-05 08:29:15]   high_covariate rep  13/100  894.2s  |  total:  50.1 min  [ 37.7%]
[2026-05-05 08:29:15]   high_covariate rep  14/100  1066.1s  |  total:  50.1 min  [ 38.0%]
[2026-05-05 08:29:15]   high_covariate rep  15/100  1106.2s  |  total:  50.1 min  [ 38.3%]
[2026-05-05 08:29:15]   high_covariate rep  16/100  1086.2s  |  total:  50.1 min  [ 38.7%]
[2026-05-05 08:29:15]   high_covariate rep  17/100  1147.1s  |  total:  50.1 min  [ 39.0%]
[2026-05-05 08:29:15]   high_covariate rep  18/100  1100.7s  |  total:  50.1 min  [ 39.3%]
[2026-05-05 08:29:15]   high_covariate rep  19/100  1114.7s  |  total:  50.1 min  [ 39.7%]
[2026-05-05 08:29:15]   high_covariate rep  20/100  999.5s  |  total:  50.1 min  [ 40.0%]
[2026-05-05 08:29:15]   high_covariate rep  21/100  1112.3s  |  total:  50.1 min  [ 40.3%]
[2026-05-05 08:29:15]   high_covariate rep  22/100  1093.0s  |  total:  50.1 min  [ 40.7%]
[2026-05-05 08:29:15]   high_covariate rep  23/100  1160.8s  |  total:  50.1 min  [ 41.0%]
[2026-05-05 08:29:15]   high_covariate rep  24/100  1122.8s  |  total:  50.1 min  [ 41.3%]
[2026-05-05 08:29:15]   high_covariate rep  25/100  1139.5s  |  total:  50.1 min  [ 41.7%]
[2026-05-05 08:29:15]   high_covariate rep  26/100  1034.8s  |  total:  50.1 min  [ 42.0%]
[2026-05-05 08:29:15]   high_covariate rep  27/100  1016.6s  |  total:  50.1 min  [ 42.3%]
[2026-05-05 08:29:15]   high_covariate rep  28/100  1083.4s  |  total:  50.1 min  [ 42.7%]
[2026-05-05 08:29:15]   high_covariate rep  29/100  1133.2s  |  total:  50.1 min  [ 43.0%]
[2026-05-05 08:29:15]   high_covariate rep  30/100  1028.5s  |  total:  50.1 min  [ 43.3%]
[2026-05-05 08:29:15]   high_covariate rep  31/100  1052.9s  |  total:  50.1 min  [ 43.7%]
[2026-05-05 08:29:15]   high_covariate rep  32/100  1096.5s  |  total:  50.1 min  [ 44.0%]
[2026-05-05 08:29:15]   high_covariate rep  33/100  973.0s  |  total:  50.1 min  [ 44.3%]
[2026-05-05 08:29:15]   high_covariate rep  34/100  984.9s  |  total:  50.1 min  [ 44.7%]
[2026-05-05 08:29:15]   high_covariate rep  35/100  1045.1s  |  total:  50.1 min  [ 45.0%]
[2026-05-05 08:29:15]   high_covariate rep  36/100  1062.1s  |  total:  50.1 min  [ 45.3%]
[2026-05-05 08:29:15]   high_covariate rep  37/100  1035.3s  |  total:  50.1 min  [ 45.7%]
[2026-05-05 08:29:15]   high_covariate rep  38/100  1123.3s  |  total:  50.1 min  [ 46.0%]
[2026-05-05 08:29:15]   high_covariate rep  39/100  1050.6s  |  total:  50.1 min  [ 46.3%]
[2026-05-05 08:29:15]   high_covariate rep  40/100  1034.7s  |  total:  50.1 min  [ 46.7%]
[2026-05-05 08:29:15]   high_covariate rep  41/100  1136.3s  |  total:  50.1 min  [ 47.0%]
[2026-05-05 08:29:15]   high_covariate rep  42/100  1002.7s  |  total:  50.1 min  [ 47.3%]
[2026-05-05 08:29:15]   high_covariate rep  43/100  990.0s  |  total:  50.1 min  [ 47.7%]
[2026-05-05 08:29:15]   high_covariate rep  44/100  1058.0s  |  total:  50.1 min  [ 48.0%]
[2026-05-05 08:29:15]   high_covariate rep  45/100  1160.1s  |  total:  50.1 min  [ 48.3%]
[2026-05-05 08:29:15]   high_covariate rep  46/100  1004.8s  |  total:  50.1 min  [ 48.7%]
[2026-05-05 08:29:15]   high_covariate rep  47/100  885.3s  |  total:  50.1 min  [ 49.0%]
[2026-05-05 08:29:15]   high_covariate rep  48/100  1047.4s  |  total:  50.1 min  [ 49.3%]
[2026-05-05 08:29:15]   high_covariate rep  49/100  1067.0s  |  total:  50.1 min  [ 49.7%]
[2026-05-05 08:29:15]   high_covariate rep  50/100  1047.0s  |  total:  50.1 min  [ 50.0%]
[2026-05-05 08:29:15]   high_covariate rep  51/100  1073.6s  |  total:  50.1 min  [ 50.3%]
[2026-05-05 08:29:15]   high_covariate rep  52/100  957.9s  |  total:  50.1 min  [ 50.7%]
[2026-05-05 08:29:15]   high_covariate rep  53/100  1171.9s  |  total:  50.1 min  [ 51.0%]
[2026-05-05 08:29:15]   high_covariate rep  54/100  1108.2s  |  total:  50.1 min  [ 51.3%]
[2026-05-05 08:29:15]   high_covariate rep  55/100  929.5s  |  total:  50.1 min  [ 51.7%]
[2026-05-05 08:29:15]   high_covariate rep  56/100  971.2s  |  total:  50.1 min  [ 52.0%]
[2026-05-05 08:29:15]   high_covariate rep  57/100  1054.9s  |  total:  50.1 min  [ 52.3%]
[2026-05-05 08:29:15]   high_covariate rep  58/100  993.7s  |  total:  50.1 min  [ 52.7%]
[2026-05-05 08:29:15]   high_covariate rep  59/100  1037.5s  |  total:  50.1 min  [ 53.0%]
[2026-05-05 08:29:15]   high_covariate rep  60/100  977.3s  |  total:  50.1 min  [ 53.3%]
[2026-05-05 08:29:15]   high_covariate rep  61/100  1060.1s  |  total:  50.1 min  [ 53.7%]
[2026-05-05 08:29:15]   high_covariate rep  62/100  1077.0s  |  total:  50.1 min  [ 54.0%]
[2026-05-05 08:29:15]   high_covariate rep  63/100  1122.8s  |  total:  50.1 min  [ 54.3%]
[2026-05-05 08:29:15]   high_covariate rep  64/100  1098.3s  |  total:  50.1 min  [ 54.7%]
[2026-05-05 08:29:15]   high_covariate rep  65/100  1057.4s  |  total:  50.1 min  [ 55.0%]
[2026-05-05 08:29:15]   high_covariate rep  66/100  1041.7s  |  total:  50.1 min  [ 55.3%]
[2026-05-05 08:29:15]   high_covariate rep  67/100  1142.0s  |  total:  50.1 min  [ 55.7%]
[2026-05-05 08:29:15]   high_covariate rep  68/100  1093.9s  |  total:  50.1 min  [ 56.0%]
[2026-05-05 08:29:15]   high_covariate rep  69/100  1094.0s  |  total:  50.1 min  [ 56.3%]
[2026-05-05 08:29:15]   high_covariate rep  70/100  1070.9s  |  total:  50.1 min  [ 56.7%]
[2026-05-05 08:29:15]   high_covariate rep  71/100  1117.8s  |  total:  50.1 min  [ 57.0%]
[2026-05-05 08:29:15]   high_covariate rep  72/100  988.0s  |  total:  50.1 min  [ 57.3%]
[2026-05-05 08:29:15]   high_covariate rep  73/100  998.0s  |  total:  50.1 min  [ 57.7%]
[2026-05-05 08:29:15]   high_covariate rep  74/100  1094.4s  |  total:  50.1 min  [ 58.0%]
[2026-05-05 08:29:15]   high_covariate rep  75/100  1129.5s  |  total:  50.1 min  [ 58.3%]
[2026-05-05 08:29:15]   high_covariate rep  76/100  1033.4s  |  total:  50.1 min  [ 58.7%]
[2026-05-05 08:29:15]   high_covariate rep  77/100  1039.1s  |  total:  50.1 min  [ 59.0%]
[2026-05-05 08:29:15]   high_covariate rep  78/100  1089.1s  |  total:  50.1 min  [ 59.3%]
[2026-05-05 08:29:15]   high_covariate rep  79/100  1098.9s  |  total:  50.1 min  [ 59.7%]
[2026-05-05 08:29:15]   high_covariate rep  80/100  1041.5s  |  total:  50.1 min  [ 60.0%]
[2026-05-05 08:29:15]   high_covariate rep  81/100  1091.4s  |  total:  50.1 min  [ 60.3%]
[2026-05-05 08:29:15]   high_covariate rep  82/100  1060.1s  |  total:  50.1 min  [ 60.7%]
[2026-05-05 08:29:15]   high_covariate rep  83/100  1040.1s  |  total:  50.1 min  [ 61.0%]
[2026-05-05 08:29:15]   high_covariate rep  84/100  1114.7s  |  total:  50.1 min  [ 61.3%]
[2026-05-05 08:29:15]   high_covariate rep  85/100  913.9s  |  total:  50.1 min  [ 61.7%]
[2026-05-05 08:29:15]   high_covariate rep  86/100  1089.0s  |  total:  50.1 min  [ 62.0%]
[2026-05-05 08:29:15]   high_covariate rep  87/100  1117.2s  |  total:  50.1 min  [ 62.3%]
[2026-05-05 08:29:15]   high_covariate rep  88/100  1036.9s  |  total:  50.1 min  [ 62.7%]
[2026-05-05 08:29:15]   high_covariate rep  89/100  1130.0s  |  total:  50.1 min  [ 63.0%]
[2026-05-05 08:29:15]   high_covariate rep  90/100  1081.4s  |  total:  50.1 min  [ 63.3%]
[2026-05-05 08:29:15]   high_covariate rep  91/100  1121.0s  |  total:  50.1 min  [ 63.7%]
[2026-05-05 08:29:15]   high_covariate rep  92/100  1108.3s  |  total:  50.1 min  [ 64.0%]
[2026-05-05 08:29:15]   high_covariate rep  93/100  1033.2s  |  total:  50.1 min  [ 64.3%]
[2026-05-05 08:29:15]   high_covariate rep  94/100  1026.7s  |  total:  50.1 min  [ 64.7%]
[2026-05-05 08:29:15]   high_covariate rep  95/100  1176.5s  |  total:  50.1 min  [ 65.0%]
[2026-05-05 08:39:54]   high_covariate rep  96/100  639.8s  |  total:  60.8 min  [ 65.3%]
[2026-05-05 08:39:54]   high_covariate rep  97/100  638.8s  |  total:  60.8 min  [ 65.7%]
[2026-05-05 08:39:54]   high_covariate rep  98/100  619.1s  |  total:  60.8 min  [ 66.0%]
[2026-05-05 08:39:54]   high_covariate rep  99/100  635.8s  |  total:  60.8 min  [ 66.3%]
[2026-05-05 08:39:54]   high_covariate rep 100/100  610.0s  |  total:  60.8 min  [ 66.7%]
[2026-05-05 08:39:55]   --> scenario high_covariate complete in 30.3 min
[2026-05-05 08:39:55] ========== scenario: high_sparsity  [R=100, 95 cores, chunk=95] ==========
[2026-05-05 08:52:08]   high_sparsity rep   1/100  568.9s  |  total:  73.0 min  [ 67.0%]
[2026-05-05 08:52:08]   high_sparsity rep   2/100  706.2s  |  total:  73.0 min  [ 67.3%]
[2026-05-05 08:52:08]   high_sparsity rep   3/100  679.0s  |  total:  73.0 min  [ 67.7%]
[2026-05-05 08:52:08]   high_sparsity rep   4/100  686.5s  |  total:  73.0 min  [ 68.0%]
[2026-05-05 08:52:08]   high_sparsity rep   5/100  697.9s  |  total:  73.0 min  [ 68.3%]
[2026-05-05 08:52:08]   high_sparsity rep   6/100  686.3s  |  total:  73.0 min  [ 68.7%]
[2026-05-05 08:52:08]   high_sparsity rep   7/100  672.6s  |  total:  73.0 min  [ 69.0%]
[2026-05-05 08:52:08]   high_sparsity rep   8/100  688.4s  |  total:  73.0 min  [ 69.3%]
[2026-05-05 08:52:08]   high_sparsity rep   9/100  668.1s  |  total:  73.0 min  [ 69.7%]
[2026-05-05 08:52:08]   high_sparsity rep  10/100  710.6s  |  total:  73.0 min  [ 70.0%]
[2026-05-05 08:52:08]   high_sparsity rep  11/100  704.6s  |  total:  73.0 min  [ 70.3%]
[2026-05-05 08:52:08]   high_sparsity rep  12/100  716.8s  |  total:  73.0 min  [ 70.7%]
[2026-05-05 08:52:08]   high_sparsity rep  13/100  697.4s  |  total:  73.0 min  [ 71.0%]
[2026-05-05 08:52:08]   high_sparsity rep  14/100  663.7s  |  total:  73.0 min  [ 71.3%]
[2026-05-05 08:52:08]   high_sparsity rep  15/100  600.0s  |  total:  73.0 min  [ 71.7%]
[2026-05-05 08:52:08]   high_sparsity rep  16/100  689.7s  |  total:  73.0 min  [ 72.0%]
[2026-05-05 08:52:08]   high_sparsity rep  17/100  593.3s  |  total:  73.0 min  [ 72.3%]
[2026-05-05 08:52:08]   high_sparsity rep  18/100  677.9s  |  total:  73.0 min  [ 72.7%]
[2026-05-05 08:52:08]   high_sparsity rep  19/100  703.0s  |  total:  73.0 min  [ 73.0%]
[2026-05-05 08:52:08]   high_sparsity rep  20/100  704.6s  |  total:  73.0 min  [ 73.3%]
[2026-05-05 08:52:08]   high_sparsity rep  21/100  634.2s  |  total:  73.0 min  [ 73.7%]
[2026-05-05 08:52:08]   high_sparsity rep  22/100  643.5s  |  total:  73.0 min  [ 74.0%]
[2026-05-05 08:52:08]   high_sparsity rep  23/100  626.5s  |  total:  73.0 min  [ 74.3%]
[2026-05-05 08:52:08]   high_sparsity rep  24/100  676.3s  |  total:  73.0 min  [ 74.7%]
[2026-05-05 08:52:08]   high_sparsity rep  25/100  597.6s  |  total:  73.0 min  [ 75.0%]
[2026-05-05 08:52:08]   high_sparsity rep  26/100  679.9s  |  total:  73.0 min  [ 75.3%]
[2026-05-05 08:52:08]   high_sparsity rep  27/100  714.6s  |  total:  73.0 min  [ 75.7%]
[2026-05-05 08:52:08]   high_sparsity rep  28/100  719.2s  |  total:  73.0 min  [ 76.0%]
[2026-05-05 08:52:08]   high_sparsity rep  29/100  712.2s  |  total:  73.0 min  [ 76.3%]
[2026-05-05 08:52:08]   high_sparsity rep  30/100  692.8s  |  total:  73.0 min  [ 76.7%]
[2026-05-05 08:52:08]   high_sparsity rep  31/100  672.6s  |  total:  73.0 min  [ 77.0%]
[2026-05-05 08:52:08]   high_sparsity rep  32/100  588.7s  |  total:  73.0 min  [ 77.3%]
[2026-05-05 08:52:08]   high_sparsity rep  33/100  680.8s  |  total:  73.0 min  [ 77.7%]
[2026-05-05 08:52:08]   high_sparsity rep  34/100  723.2s  |  total:  73.0 min  [ 78.0%]
[2026-05-05 08:52:08]   high_sparsity rep  35/100  675.7s  |  total:  73.0 min  [ 78.3%]
[2026-05-05 08:52:08]   high_sparsity rep  36/100  695.0s  |  total:  73.0 min  [ 78.7%]
[2026-05-05 08:52:08]   high_sparsity rep  37/100  704.6s  |  total:  73.0 min  [ 79.0%]
[2026-05-05 08:52:08]   high_sparsity rep  38/100  691.4s  |  total:  73.0 min  [ 79.3%]
[2026-05-05 08:52:08]   high_sparsity rep  39/100  673.5s  |  total:  73.0 min  [ 79.7%]
[2026-05-05 08:52:08]   high_sparsity rep  40/100  676.2s  |  total:  73.0 min  [ 80.0%]
[2026-05-05 08:52:08]   high_sparsity rep  41/100  725.6s  |  total:  73.0 min  [ 80.3%]
[2026-05-05 08:52:08]   high_sparsity rep  42/100  652.2s  |  total:  73.0 min  [ 80.7%]
[2026-05-05 08:52:08]   high_sparsity rep  43/100  673.7s  |  total:  73.0 min  [ 81.0%]
[2026-05-05 08:52:08]   high_sparsity rep  44/100  664.5s  |  total:  73.0 min  [ 81.3%]
[2026-05-05 08:52:08]   high_sparsity rep  45/100  623.4s  |  total:  73.0 min  [ 81.7%]
[2026-05-05 08:52:08]   high_sparsity rep  46/100  625.4s  |  total:  73.0 min  [ 82.0%]
[2026-05-05 08:52:08]   high_sparsity rep  47/100  673.1s  |  total:  73.0 min  [ 82.3%]
[2026-05-05 08:52:08]   high_sparsity rep  48/100  733.0s  |  total:  73.0 min  [ 82.7%]
[2026-05-05 08:52:08]   high_sparsity rep  49/100  700.3s  |  total:  73.0 min  [ 83.0%]
[2026-05-05 08:52:08]   high_sparsity rep  50/100  675.1s  |  total:  73.0 min  [ 83.3%]
[2026-05-05 08:52:08]   high_sparsity rep  51/100  702.0s  |  total:  73.0 min  [ 83.7%]
[2026-05-05 08:52:08]   high_sparsity rep  52/100  542.6s  |  total:  73.0 min  [ 84.0%]
[2026-05-05 08:52:08]   high_sparsity rep  53/100  675.8s  |  total:  73.0 min  [ 84.3%]
[2026-05-05 08:52:08]   high_sparsity rep  54/100  561.0s  |  total:  73.0 min  [ 84.7%]
[2026-05-05 08:52:08]   high_sparsity rep  55/100  719.3s  |  total:  73.0 min  [ 85.0%]
[2026-05-05 08:52:08]   high_sparsity rep  56/100  657.8s  |  total:  73.0 min  [ 85.3%]
[2026-05-05 08:52:08]   high_sparsity rep  57/100  626.2s  |  total:  73.0 min  [ 85.7%]
[2026-05-05 08:52:08]   high_sparsity rep  58/100  563.8s  |  total:  73.0 min  [ 86.0%]
[2026-05-05 08:52:08]   high_sparsity rep  59/100  634.6s  |  total:  73.0 min  [ 86.3%]
[2026-05-05 08:52:08]   high_sparsity rep  60/100  717.7s  |  total:  73.0 min  [ 86.7%]
[2026-05-05 08:52:08]   high_sparsity rep  61/100  637.6s  |  total:  73.0 min  [ 87.0%]
[2026-05-05 08:52:08]   high_sparsity rep  62/100  559.3s  |  total:  73.0 min  [ 87.3%]
[2026-05-05 08:52:08]   high_sparsity rep  63/100  652.6s  |  total:  73.0 min  [ 87.7%]
[2026-05-05 08:52:08]   high_sparsity rep  64/100  654.6s  |  total:  73.0 min  [ 88.0%]
[2026-05-05 08:52:08]   high_sparsity rep  65/100  662.5s  |  total:  73.0 min  [ 88.3%]
[2026-05-05 08:52:08]   high_sparsity rep  66/100  635.6s  |  total:  73.0 min  [ 88.7%]
[2026-05-05 08:52:08]   high_sparsity rep  67/100  672.3s  |  total:  73.0 min  [ 89.0%]
[2026-05-05 08:52:08]   high_sparsity rep  68/100  723.8s  |  total:  73.0 min  [ 89.3%]
[2026-05-05 08:52:08]   high_sparsity rep  69/100  677.5s  |  total:  73.0 min  [ 89.7%]
[2026-05-05 08:52:08]   high_sparsity rep  70/100  675.6s  |  total:  73.0 min  [ 90.0%]
[2026-05-05 08:52:08]   high_sparsity rep  71/100  644.8s  |  total:  73.0 min  [ 90.3%]
[2026-05-05 08:52:08]   high_sparsity rep  72/100  718.2s  |  total:  73.0 min  [ 90.7%]
[2026-05-05 08:52:08]   high_sparsity rep  73/100  597.5s  |  total:  73.0 min  [ 91.0%]
[2026-05-05 08:52:08]   high_sparsity rep  74/100  674.7s  |  total:  73.0 min  [ 91.3%]
[2026-05-05 08:52:08]   high_sparsity rep  75/100  663.6s  |  total:  73.0 min  [ 91.7%]
[2026-05-05 08:52:08]   high_sparsity rep  76/100  697.3s  |  total:  73.0 min  [ 92.0%]
[2026-05-05 08:52:08]   high_sparsity rep  77/100  682.1s  |  total:  73.0 min  [ 92.3%]
[2026-05-05 08:52:08]   high_sparsity rep  78/100  729.6s  |  total:  73.0 min  [ 92.7%]
[2026-05-05 08:52:08]   high_sparsity rep  79/100  698.8s  |  total:  73.0 min  [ 93.0%]
[2026-05-05 08:52:08]   high_sparsity rep  80/100  594.9s  |  total:  73.0 min  [ 93.3%]
[2026-05-05 08:52:08]   high_sparsity rep  81/100  657.7s  |  total:  73.0 min  [ 93.7%]
[2026-05-05 08:52:08]   high_sparsity rep  82/100  712.1s  |  total:  73.0 min  [ 94.0%]
[2026-05-05 08:52:08]   high_sparsity rep  83/100  661.3s  |  total:  73.0 min  [ 94.3%]
[2026-05-05 08:52:08]   high_sparsity rep  84/100  715.1s  |  total:  73.0 min  [ 94.7%]
[2026-05-05 08:52:08]   high_sparsity rep  85/100  696.4s  |  total:  73.0 min  [ 95.0%]
[2026-05-05 08:52:08]   high_sparsity rep  86/100  634.8s  |  total:  73.0 min  [ 95.3%]
[2026-05-05 08:52:08]   high_sparsity rep  87/100  681.7s  |  total:  73.0 min  [ 95.7%]
[2026-05-05 08:52:08]   high_sparsity rep  88/100  714.0s  |  total:  73.0 min  [ 96.0%]
[2026-05-05 08:52:08]   high_sparsity rep  89/100  703.8s  |  total:  73.0 min  [ 96.3%]
[2026-05-05 08:52:08]   high_sparsity rep  90/100  587.3s  |  total:  73.0 min  [ 96.7%]
[2026-05-05 08:52:08]   high_sparsity rep  91/100  672.2s  |  total:  73.0 min  [ 97.0%]
[2026-05-05 08:52:08]   high_sparsity rep  92/100  687.7s  |  total:  73.0 min  [ 97.3%]
[2026-05-05 08:52:08]   high_sparsity rep  93/100  658.3s  |  total:  73.0 min  [ 97.7%]
[2026-05-05 08:52:08]   high_sparsity rep  94/100  679.9s  |  total:  73.0 min  [ 98.0%]
[2026-05-05 08:52:08]   high_sparsity rep  95/100  667.0s  |  total:  73.0 min  [ 98.3%]
[2026-05-05 08:58:43]   high_sparsity rep  96/100  381.4s  |  total:  79.6 min  [ 98.7%]
[2026-05-05 08:58:43]   high_sparsity rep  97/100  395.3s  |  total:  79.6 min  [ 99.0%]
[2026-05-05 08:58:43]   high_sparsity rep  98/100  387.9s  |  total:  79.6 min  [ 99.3%]
[2026-05-05 08:58:43]   high_sparsity rep  99/100  385.6s  |  total:  79.6 min  [ 99.7%]
[2026-05-05 08:58:43]   high_sparsity rep 100/100  383.4s  |  total:  79.6 min  [100.0%]
[2026-05-05 08:58:43]   --> scenario high_sparsity complete in 18.8 min
[2026-05-05 08:58:43] === Full run complete in 79.6 min ===
[2026-05-05 08:58:43] Results: /home/linux02/berserk/gscamm/replication_package/simulations/results/full_metrics.rds
[2026-05-05 08:58:43] Log:     /home/linux02/berserk/gscamm/replication_package/simulations/results/sim_full.log
