[2026-05-04 21:34:03] Cores: 96 physical detected, using 95 (OS: unix)
[2026-05-04 21:34:03] === Full simulation design ===
[2026-05-04 21:34:03] List of 19
[2026-05-04 21:34:03]  $ N             : num 1000
[2026-05-04 21:34:03]  $ V             : num 500
[2026-05-04 21:34:03]  $ K             : num 10
[2026-05-04 21:34:03]  $ P             : num 8
[2026-05-04 21:34:03]  $ R             : int 100
[2026-05-04 21:34:03]  $ scenarios     : chr [1:3] "baseline" "high_covariate" "high_sparsity"
[2026-05-04 21:34:03]  $ links         : Named chr [1:3] "logistic_normal" "dirichlet" "zero_inflated"
[2026-05-04 21:34:03]   ..- attr(*, "names")= chr [1:3] "baseline" "high_covariate" "high_sparsity"
[2026-05-04 21:34:03]  $ boot_B        : int 200
[2026-05-04 21:34:03]  $ boot_type     : chr "basic"
[2026-05-04 21:34:03]  $ noise_augment : logi TRUE
[2026-05-04 21:34:03]  $ noise_scale   : num 2
[2026-05-04 21:34:03]  $ bias_correct  : logi TRUE
[2026-05-04 21:34:03]  $ fit_max_iter  : int 200
[2026-05-04 21:34:03]  $ fit_tol       : num 1e-05
[2026-05-04 21:34:03]  $ boot_max_iter : int 60
[2026-05-04 21:34:03]  $ boot_tol      : num 1e-04
[2026-05-04 21:34:03]  $ use_polish    : logi TRUE
[2026-05-04 21:34:03]  $ sigma2_polish : num 0.25
[2026-05-04 21:34:03]  $ use_stm_random: logi TRUE
[2026-05-04 21:34:03] === Toggles ===
[2026-05-04 21:34:03]   fit_max_iter   = 200
[2026-05-04 21:34:03]   boot_max_iter  = 60
[2026-05-04 21:34:03]   noise_scale    = 2.000
[2026-05-04 21:34:03]   use_polish     = TRUE
[2026-05-04 21:34:03]   sigma2_polish  = 0.250
[2026-05-04 21:34:03]   use_stm_random = TRUE
[2026-05-04 21:34:03] ========== scenario: baseline  [R=100, 95 cores, chunk=95] ==========
[2026-05-04 21:54:03]   baseline rep   1/100  1047.8s  |  total:  20.0 min  [  0.3%]
[2026-05-04 21:54:03]   baseline rep   2/100  969.4s  |  total:  20.0 min  [  0.7%]
[2026-05-04 21:54:03]   baseline rep   3/100  1048.6s  |  total:  20.0 min  [  1.0%]
[2026-05-04 21:54:03]   baseline rep   4/100  1077.6s  |  total:  20.0 min  [  1.3%]
[2026-05-04 21:54:03]   baseline rep   5/100  997.2s  |  total:  20.0 min  [  1.7%]
[2026-05-04 21:54:03]   baseline rep   6/100  1068.8s  |  total:  20.0 min  [  2.0%]
[2026-05-04 21:54:03]   baseline rep   7/100  1123.8s  |  total:  20.0 min  [  2.3%]
[2026-05-04 21:54:03]   baseline rep   8/100  1100.4s  |  total:  20.0 min  [  2.7%]
[2026-05-04 21:54:03]   baseline rep   9/100  1144.1s  |  total:  20.0 min  [  3.0%]
[2026-05-04 21:54:03]   baseline rep  10/100  1093.9s  |  total:  20.0 min  [  3.3%]
[2026-05-04 21:54:03]   baseline rep  11/100  1031.5s  |  total:  20.0 min  [  3.7%]
[2026-05-04 21:54:03]   baseline rep  12/100  1067.9s  |  total:  20.0 min  [  4.0%]
[2026-05-04 21:54:03]   baseline rep  13/100  1013.2s  |  total:  20.0 min  [  4.3%]
[2026-05-04 21:54:03]   baseline rep  14/100  1129.5s  |  total:  20.0 min  [  4.7%]
[2026-05-04 21:54:03]   baseline rep  15/100  1112.2s  |  total:  20.0 min  [  5.0%]
[2026-05-04 21:54:03]   baseline rep  16/100  1158.2s  |  total:  20.0 min  [  5.3%]
[2026-05-04 21:54:03]   baseline rep  17/100  1108.2s  |  total:  20.0 min  [  5.7%]
[2026-05-04 21:54:03]   baseline rep  18/100  1034.9s  |  total:  20.0 min  [  6.0%]
[2026-05-04 21:54:03]   baseline rep  19/100  1131.4s  |  total:  20.0 min  [  6.3%]
[2026-05-04 21:54:03]   baseline rep  20/100  986.0s  |  total:  20.0 min  [  6.7%]
[2026-05-04 21:54:03]   baseline rep  21/100  972.8s  |  total:  20.0 min  [  7.0%]
[2026-05-04 21:54:03]   baseline rep  22/100  1199.5s  |  total:  20.0 min  [  7.3%]
[2026-05-04 21:54:03]   baseline rep  23/100  1013.9s  |  total:  20.0 min  [  7.7%]
[2026-05-04 21:54:03]   baseline rep  24/100  1100.1s  |  total:  20.0 min  [  8.0%]
[2026-05-04 21:54:03]   baseline rep  25/100  1160.8s  |  total:  20.0 min  [  8.3%]
[2026-05-04 21:54:03]   baseline rep  26/100  1021.6s  |  total:  20.0 min  [  8.7%]
[2026-05-04 21:54:03]   baseline rep  27/100  1052.0s  |  total:  20.0 min  [  9.0%]
[2026-05-04 21:54:03]   baseline rep  28/100  1095.7s  |  total:  20.0 min  [  9.3%]
[2026-05-04 21:54:03]   baseline rep  29/100  1102.8s  |  total:  20.0 min  [  9.7%]
[2026-05-04 21:54:03]   baseline rep  30/100  1090.7s  |  total:  20.0 min  [ 10.0%]
[2026-05-04 21:54:03]   baseline rep  31/100  1095.7s  |  total:  20.0 min  [ 10.3%]
[2026-05-04 21:54:03]   baseline rep  32/100  1152.9s  |  total:  20.0 min  [ 10.7%]
[2026-05-04 21:54:03]   baseline rep  33/100  1127.1s  |  total:  20.0 min  [ 11.0%]
[2026-05-04 21:54:03]   baseline rep  34/100  1089.8s  |  total:  20.0 min  [ 11.3%]
[2026-05-04 21:54:03]   baseline rep  35/100  1139.0s  |  total:  20.0 min  [ 11.7%]
[2026-05-04 21:54:03]   baseline rep  36/100  1073.5s  |  total:  20.0 min  [ 12.0%]
[2026-05-04 21:54:03]   baseline rep  37/100  1104.1s  |  total:  20.0 min  [ 12.3%]
[2026-05-04 21:54:03]   baseline rep  38/100  910.4s  |  total:  20.0 min  [ 12.7%]
[2026-05-04 21:54:03]   baseline rep  39/100  1081.3s  |  total:  20.0 min  [ 13.0%]
[2026-05-04 21:54:03]   baseline rep  40/100  1056.3s  |  total:  20.0 min  [ 13.3%]
[2026-05-04 21:54:03]   baseline rep  41/100  1093.2s  |  total:  20.0 min  [ 13.7%]
[2026-05-04 21:54:03]   baseline rep  42/100  976.0s  |  total:  20.0 min  [ 14.0%]
[2026-05-04 21:54:03]   baseline rep  43/100  1086.5s  |  total:  20.0 min  [ 14.3%]
[2026-05-04 21:54:03]   baseline rep  44/100  1094.0s  |  total:  20.0 min  [ 14.7%]
[2026-05-04 21:54:03]   baseline rep  45/100  1023.7s  |  total:  20.0 min  [ 15.0%]
[2026-05-04 21:54:03]   baseline rep  46/100  1063.4s  |  total:  20.0 min  [ 15.3%]
[2026-05-04 21:54:03]   baseline rep  47/100  1049.8s  |  total:  20.0 min  [ 15.7%]
[2026-05-04 21:54:03]   baseline rep  48/100  1159.8s  |  total:  20.0 min  [ 16.0%]
[2026-05-04 21:54:03]   baseline rep  49/100  1102.6s  |  total:  20.0 min  [ 16.3%]
[2026-05-04 21:54:03]   baseline rep  50/100  1079.9s  |  total:  20.0 min  [ 16.7%]
[2026-05-04 21:54:03]   baseline rep  51/100  1065.6s  |  total:  20.0 min  [ 17.0%]
[2026-05-04 21:54:03]   baseline rep  52/100  1019.0s  |  total:  20.0 min  [ 17.3%]
[2026-05-04 21:54:03]   baseline rep  53/100  1087.4s  |  total:  20.0 min  [ 17.7%]
[2026-05-04 21:54:03]   baseline rep  54/100  935.2s  |  total:  20.0 min  [ 18.0%]
[2026-05-04 21:54:03]   baseline rep  55/100  1011.4s  |  total:  20.0 min  [ 18.3%]
[2026-05-04 21:54:03]   baseline rep  56/100  1040.4s  |  total:  20.0 min  [ 18.7%]
[2026-05-04 21:54:03]   baseline rep  57/100  1056.9s  |  total:  20.0 min  [ 19.0%]
[2026-05-04 21:54:03]   baseline rep  58/100  1172.1s  |  total:  20.0 min  [ 19.3%]
[2026-05-04 21:54:03]   baseline rep  59/100  1072.6s  |  total:  20.0 min  [ 19.7%]
[2026-05-04 21:54:03]   baseline rep  60/100  1133.4s  |  total:  20.0 min  [ 20.0%]
[2026-05-04 21:54:03]   baseline rep  61/100  1075.6s  |  total:  20.0 min  [ 20.3%]
[2026-05-04 21:54:03]   baseline rep  62/100  1085.8s  |  total:  20.0 min  [ 20.7%]
[2026-05-04 21:54:03]   baseline rep  63/100  1103.7s  |  total:  20.0 min  [ 21.0%]
[2026-05-04 21:54:03]   baseline rep  64/100  1052.4s  |  total:  20.0 min  [ 21.3%]
[2026-05-04 21:54:03]   baseline rep  65/100  1100.1s  |  total:  20.0 min  [ 21.7%]
[2026-05-04 21:54:03]   baseline rep  66/100  1116.2s  |  total:  20.0 min  [ 22.0%]
[2026-05-04 21:54:03]   baseline rep  67/100  1056.8s  |  total:  20.0 min  [ 22.3%]
[2026-05-04 21:54:03]   baseline rep  68/100  1161.7s  |  total:  20.0 min  [ 22.7%]
[2026-05-04 21:54:03]   baseline rep  69/100  1135.2s  |  total:  20.0 min  [ 23.0%]
[2026-05-04 21:54:03]   baseline rep  70/100  1114.9s  |  total:  20.0 min  [ 23.3%]
[2026-05-04 21:54:03]   baseline rep  71/100  1071.9s  |  total:  20.0 min  [ 23.7%]
[2026-05-04 21:54:03]   baseline rep  72/100  1147.5s  |  total:  20.0 min  [ 24.0%]
[2026-05-04 21:54:03]   baseline rep  73/100  1033.6s  |  total:  20.0 min  [ 24.3%]
[2026-05-04 21:54:03]   baseline rep  74/100  1069.7s  |  total:  20.0 min  [ 24.7%]
[2026-05-04 21:54:03]   baseline rep  75/100  1112.6s  |  total:  20.0 min  [ 25.0%]
[2026-05-04 21:54:03]   baseline rep  76/100  980.2s  |  total:  20.0 min  [ 25.3%]
[2026-05-04 21:54:03]   baseline rep  77/100  1138.4s  |  total:  20.0 min  [ 25.7%]
[2026-05-04 21:54:03]   baseline rep  78/100  1067.8s  |  total:  20.0 min  [ 26.0%]
[2026-05-04 21:54:03]   baseline rep  79/100  1112.0s  |  total:  20.0 min  [ 26.3%]
[2026-05-04 21:54:03]   baseline rep  80/100  1164.5s  |  total:  20.0 min  [ 26.7%]
[2026-05-04 21:54:03]   baseline rep  81/100  1066.7s  |  total:  20.0 min  [ 27.0%]
[2026-05-04 21:54:03]   baseline rep  82/100  1036.1s  |  total:  20.0 min  [ 27.3%]
[2026-05-04 21:54:03]   baseline rep  83/100  1045.6s  |  total:  20.0 min  [ 27.7%]
[2026-05-04 21:54:03]   baseline rep  84/100  1042.5s  |  total:  20.0 min  [ 28.0%]
[2026-05-04 21:54:03]   baseline rep  85/100  1092.3s  |  total:  20.0 min  [ 28.3%]
[2026-05-04 21:54:03]   baseline rep  86/100  1125.3s  |  total:  20.0 min  [ 28.7%]
[2026-05-04 21:54:03]   baseline rep  87/100  1059.9s  |  total:  20.0 min  [ 29.0%]
[2026-05-04 21:54:03]   baseline rep  88/100  1118.1s  |  total:  20.0 min  [ 29.3%]
[2026-05-04 21:54:03]   baseline rep  89/100  1039.1s  |  total:  20.0 min  [ 29.7%]
[2026-05-04 21:54:03]   baseline rep  90/100  1131.8s  |  total:  20.0 min  [ 30.0%]
[2026-05-04 21:54:03]   baseline rep  91/100  1133.3s  |  total:  20.0 min  [ 30.3%]
[2026-05-04 21:54:03]   baseline rep  92/100  1103.1s  |  total:  20.0 min  [ 30.7%]
[2026-05-04 21:54:03]   baseline rep  93/100  1087.3s  |  total:  20.0 min  [ 31.0%]
[2026-05-04 21:54:03]   baseline rep  94/100  1022.5s  |  total:  20.0 min  [ 31.3%]
[2026-05-04 21:54:03]   baseline rep  95/100  1105.7s  |  total:  20.0 min  [ 31.7%]
[2026-05-04 22:04:43]   baseline rep  96/100  638.3s  |  total:  30.7 min  [ 32.0%]
[2026-05-04 22:04:43]   baseline rep  97/100  637.9s  |  total:  30.7 min  [ 32.3%]
[2026-05-04 22:04:43]   baseline rep  98/100  640.3s  |  total:  30.7 min  [ 32.7%]
[2026-05-04 22:04:43]   baseline rep  99/100  633.3s  |  total:  30.7 min  [ 33.0%]
[2026-05-04 22:04:43]   baseline rep 100/100  639.7s  |  total:  30.7 min  [ 33.3%]
[2026-05-04 22:04:43]   --> scenario baseline complete in 30.7 min
[2026-05-04 22:04:43] ========== scenario: high_covariate  [R=100, 95 cores, chunk=95] ==========
[2026-05-04 22:24:29]   high_covariate rep   1/100  1099.8s  |  total:  50.4 min  [ 33.7%]
[2026-05-04 22:24:29]   high_covariate rep   2/100  960.3s  |  total:  50.4 min  [ 34.0%]
[2026-05-04 22:24:29]   high_covariate rep   3/100  1067.5s  |  total:  50.4 min  [ 34.3%]
[2026-05-04 22:24:29]   high_covariate rep   4/100  1038.7s  |  total:  50.4 min  [ 34.7%]
[2026-05-04 22:24:29]   high_covariate rep   5/100  1132.5s  |  total:  50.4 min  [ 35.0%]
[2026-05-04 22:24:29]   high_covariate rep   6/100  1049.7s  |  total:  50.4 min  [ 35.3%]
[2026-05-04 22:24:29]   high_covariate rep   7/100  1011.0s  |  total:  50.4 min  [ 35.7%]
[2026-05-04 22:24:29]   high_covariate rep   8/100  1050.2s  |  total:  50.4 min  [ 36.0%]
[2026-05-04 22:24:29]   high_covariate rep   9/100  1049.5s  |  total:  50.4 min  [ 36.3%]
[2026-05-04 22:24:29]   high_covariate rep  10/100  1086.7s  |  total:  50.4 min  [ 36.7%]
[2026-05-04 22:24:29]   high_covariate rep  11/100  999.3s  |  total:  50.4 min  [ 37.0%]
[2026-05-04 22:24:29]   high_covariate rep  12/100  1090.6s  |  total:  50.4 min  [ 37.3%]
[2026-05-04 22:24:29]   high_covariate rep  13/100  1081.3s  |  total:  50.4 min  [ 37.7%]
[2026-05-04 22:24:29]   high_covariate rep  14/100  1102.8s  |  total:  50.4 min  [ 38.0%]
[2026-05-04 22:24:29]   high_covariate rep  15/100  1017.5s  |  total:  50.4 min  [ 38.3%]
[2026-05-04 22:24:29]   high_covariate rep  16/100  1060.4s  |  total:  50.4 min  [ 38.7%]
[2026-05-04 22:24:29]   high_covariate rep  17/100  984.0s  |  total:  50.4 min  [ 39.0%]
[2026-05-04 22:24:29]   high_covariate rep  18/100  976.8s  |  total:  50.4 min  [ 39.3%]
[2026-05-04 22:24:29]   high_covariate rep  19/100  1043.8s  |  total:  50.4 min  [ 39.7%]
[2026-05-04 22:24:29]   high_covariate rep  20/100  1039.2s  |  total:  50.4 min  [ 40.0%]
[2026-05-04 22:24:29]   high_covariate rep  21/100  1147.7s  |  total:  50.4 min  [ 40.3%]
[2026-05-04 22:24:29]   high_covariate rep  22/100  1096.0s  |  total:  50.4 min  [ 40.7%]
[2026-05-04 22:24:29]   high_covariate rep  23/100  1123.3s  |  total:  50.4 min  [ 41.0%]
[2026-05-04 22:24:29]   high_covariate rep  24/100  1055.2s  |  total:  50.4 min  [ 41.3%]
[2026-05-04 22:24:29]   high_covariate rep  25/100  1138.9s  |  total:  50.4 min  [ 41.7%]
[2026-05-04 22:24:29]   high_covariate rep  26/100  1003.4s  |  total:  50.4 min  [ 42.0%]
[2026-05-04 22:24:29]   high_covariate rep  27/100  1058.7s  |  total:  50.4 min  [ 42.3%]
[2026-05-04 22:24:29]   high_covariate rep  28/100  1142.9s  |  total:  50.4 min  [ 42.7%]
[2026-05-04 22:24:29]   high_covariate rep  29/100  1155.8s  |  total:  50.4 min  [ 43.0%]
[2026-05-04 22:24:29]   high_covariate rep  30/100  1065.3s  |  total:  50.4 min  [ 43.3%]
[2026-05-04 22:24:29]   high_covariate rep  31/100  1168.3s  |  total:  50.4 min  [ 43.7%]
[2026-05-04 22:24:29]   high_covariate rep  32/100  1083.5s  |  total:  50.4 min  [ 44.0%]
[2026-05-04 22:24:29]   high_covariate rep  33/100  1085.5s  |  total:  50.4 min  [ 44.3%]
[2026-05-04 22:24:29]   high_covariate rep  34/100  1045.3s  |  total:  50.4 min  [ 44.7%]
[2026-05-04 22:24:29]   high_covariate rep  35/100  1083.2s  |  total:  50.4 min  [ 45.0%]
[2026-05-04 22:24:29]   high_covariate rep  36/100  992.1s  |  total:  50.4 min  [ 45.3%]
[2026-05-04 22:24:29]   high_covariate rep  37/100  1041.2s  |  total:  50.4 min  [ 45.7%]
[2026-05-04 22:24:29]   high_covariate rep  38/100  1057.3s  |  total:  50.4 min  [ 46.0%]
[2026-05-04 22:24:29]   high_covariate rep  39/100  1111.6s  |  total:  50.4 min  [ 46.3%]
[2026-05-04 22:24:29]   high_covariate rep  40/100  1133.2s  |  total:  50.4 min  [ 46.7%]
[2026-05-04 22:24:29]   high_covariate rep  41/100  1043.1s  |  total:  50.4 min  [ 47.0%]
[2026-05-04 22:24:29]   high_covariate rep  42/100  1062.2s  |  total:  50.4 min  [ 47.3%]
[2026-05-04 22:24:29]   high_covariate rep  43/100  1125.1s  |  total:  50.4 min  [ 47.7%]
[2026-05-04 22:24:29]   high_covariate rep  44/100  1088.4s  |  total:  50.4 min  [ 48.0%]
[2026-05-04 22:24:29]   high_covariate rep  45/100  1147.7s  |  total:  50.4 min  [ 48.3%]
[2026-05-04 22:24:29]   high_covariate rep  46/100  1076.5s  |  total:  50.4 min  [ 48.7%]
[2026-05-04 22:24:29]   high_covariate rep  47/100  1148.2s  |  total:  50.4 min  [ 49.0%]
[2026-05-04 22:24:29]   high_covariate rep  48/100  1037.4s  |  total:  50.4 min  [ 49.3%]
[2026-05-04 22:24:29]   high_covariate rep  49/100  1132.1s  |  total:  50.4 min  [ 49.7%]
[2026-05-04 22:24:29]   high_covariate rep  50/100  1033.0s  |  total:  50.4 min  [ 50.0%]
[2026-05-04 22:24:29]   high_covariate rep  51/100  1112.8s  |  total:  50.4 min  [ 50.3%]
[2026-05-04 22:24:29]   high_covariate rep  52/100  1091.7s  |  total:  50.4 min  [ 50.7%]
[2026-05-04 22:24:29]   high_covariate rep  53/100  1155.1s  |  total:  50.4 min  [ 51.0%]
[2026-05-04 22:24:29]   high_covariate rep  54/100  990.3s  |  total:  50.4 min  [ 51.3%]
[2026-05-04 22:24:29]   high_covariate rep  55/100  926.9s  |  total:  50.4 min  [ 51.7%]
[2026-05-04 22:24:29]   high_covariate rep  56/100  1028.3s  |  total:  50.4 min  [ 52.0%]
[2026-05-04 22:24:29]   high_covariate rep  57/100  1006.9s  |  total:  50.4 min  [ 52.3%]
[2026-05-04 22:24:29]   high_covariate rep  58/100  1055.9s  |  total:  50.4 min  [ 52.7%]
[2026-05-04 22:24:29]   high_covariate rep  59/100  922.0s  |  total:  50.4 min  [ 53.0%]
[2026-05-04 22:24:29]   high_covariate rep  60/100  1135.5s  |  total:  50.4 min  [ 53.3%]
[2026-05-04 22:24:29]   high_covariate rep  61/100  1104.6s  |  total:  50.4 min  [ 53.7%]
[2026-05-04 22:24:29]   high_covariate rep  62/100  950.4s  |  total:  50.4 min  [ 54.0%]
[2026-05-04 22:24:29]   high_covariate rep  63/100  1038.9s  |  total:  50.4 min  [ 54.3%]
[2026-05-04 22:24:29]   high_covariate rep  64/100  1070.2s  |  total:  50.4 min  [ 54.7%]
[2026-05-04 22:24:29]   high_covariate rep  65/100  1060.1s  |  total:  50.4 min  [ 55.0%]
[2026-05-04 22:24:29]   high_covariate rep  66/100  1152.8s  |  total:  50.4 min  [ 55.3%]
[2026-05-04 22:24:29]   high_covariate rep  67/100  1151.5s  |  total:  50.4 min  [ 55.7%]
[2026-05-04 22:24:29]   high_covariate rep  68/100  1005.1s  |  total:  50.4 min  [ 56.0%]
[2026-05-04 22:24:29]   high_covariate rep  69/100  1125.8s  |  total:  50.4 min  [ 56.3%]
[2026-05-04 22:24:29]   high_covariate rep  70/100  1007.5s  |  total:  50.4 min  [ 56.7%]
[2026-05-04 22:24:29]   high_covariate rep  71/100  953.5s  |  total:  50.4 min  [ 57.0%]
[2026-05-04 22:24:29]   high_covariate rep  72/100  1017.4s  |  total:  50.4 min  [ 57.3%]
[2026-05-04 22:24:29]   high_covariate rep  73/100  1033.0s  |  total:  50.4 min  [ 57.7%]
[2026-05-04 22:24:29]   high_covariate rep  74/100  1055.5s  |  total:  50.4 min  [ 58.0%]
[2026-05-04 22:24:29]   high_covariate rep  75/100  1185.7s  |  total:  50.4 min  [ 58.3%]
[2026-05-04 22:24:29]   high_covariate rep  76/100  1090.7s  |  total:  50.4 min  [ 58.7%]
[2026-05-04 22:24:29]   high_covariate rep  77/100  1161.3s  |  total:  50.4 min  [ 59.0%]
[2026-05-04 22:24:29]   high_covariate rep  78/100  1037.9s  |  total:  50.4 min  [ 59.3%]
[2026-05-04 22:24:29]   high_covariate rep  79/100  1090.3s  |  total:  50.4 min  [ 59.7%]
[2026-05-04 22:24:29]   high_covariate rep  80/100  1109.1s  |  total:  50.4 min  [ 60.0%]
[2026-05-04 22:24:29]   high_covariate rep  81/100  1039.4s  |  total:  50.4 min  [ 60.3%]
[2026-05-04 22:24:29]   high_covariate rep  82/100  1115.6s  |  total:  50.4 min  [ 60.7%]
[2026-05-04 22:24:29]   high_covariate rep  83/100  1123.6s  |  total:  50.4 min  [ 61.0%]
[2026-05-04 22:24:29]   high_covariate rep  84/100  1010.1s  |  total:  50.4 min  [ 61.3%]
[2026-05-04 22:24:29]   high_covariate rep  85/100  1091.4s  |  total:  50.4 min  [ 61.7%]
[2026-05-04 22:24:29]   high_covariate rep  86/100  1133.0s  |  total:  50.4 min  [ 62.0%]
[2026-05-04 22:24:29]   high_covariate rep  87/100  1089.0s  |  total:  50.4 min  [ 62.3%]
[2026-05-04 22:24:29]   high_covariate rep  88/100  1116.4s  |  total:  50.4 min  [ 62.7%]
[2026-05-04 22:24:29]   high_covariate rep  89/100  990.3s  |  total:  50.4 min  [ 63.0%]
[2026-05-04 22:24:29]   high_covariate rep  90/100  1096.9s  |  total:  50.4 min  [ 63.3%]
[2026-05-04 22:24:29]   high_covariate rep  91/100  1054.3s  |  total:  50.4 min  [ 63.7%]
[2026-05-04 22:24:29]   high_covariate rep  92/100  1064.9s  |  total:  50.4 min  [ 64.0%]
[2026-05-04 22:24:29]   high_covariate rep  93/100  1107.6s  |  total:  50.4 min  [ 64.3%]
[2026-05-04 22:24:29]   high_covariate rep  94/100  982.6s  |  total:  50.4 min  [ 64.7%]
[2026-05-04 22:24:29]   high_covariate rep  95/100  1051.9s  |  total:  50.4 min  [ 65.0%]
[2026-05-04 22:35:13]   high_covariate rep  96/100  643.9s  |  total:  61.2 min  [ 65.3%]
[2026-05-04 22:35:13]   high_covariate rep  97/100  643.8s  |  total:  61.2 min  [ 65.7%]
[2026-05-04 22:35:13]   high_covariate rep  98/100  624.0s  |  total:  61.2 min  [ 66.0%]
[2026-05-04 22:35:13]   high_covariate rep  99/100  642.3s  |  total:  61.2 min  [ 66.3%]
[2026-05-04 22:35:13]   high_covariate rep 100/100  617.4s  |  total:  61.2 min  [ 66.7%]
[2026-05-04 22:35:13]   --> scenario high_covariate complete in 30.5 min
[2026-05-04 22:35:13] ========== scenario: high_sparsity  [R=100, 95 cores, chunk=95] ==========
[2026-05-04 22:47:46]   high_sparsity rep   1/100  710.3s  |  total:  73.7 min  [ 67.0%]
[2026-05-04 22:47:46]   high_sparsity rep   2/100  579.9s  |  total:  73.7 min  [ 67.3%]
[2026-05-04 22:47:46]   high_sparsity rep   3/100  595.4s  |  total:  73.7 min  [ 67.7%]
[2026-05-04 22:47:46]   high_sparsity rep   4/100  716.5s  |  total:  73.7 min  [ 68.0%]
[2026-05-04 22:47:46]   high_sparsity rep   5/100  725.6s  |  total:  73.7 min  [ 68.3%]
[2026-05-04 22:47:46]   high_sparsity rep   6/100  715.3s  |  total:  73.7 min  [ 68.7%]
[2026-05-04 22:47:46]   high_sparsity rep   7/100  705.8s  |  total:  73.7 min  [ 69.0%]
[2026-05-04 22:47:46]   high_sparsity rep   8/100  666.3s  |  total:  73.7 min  [ 69.3%]
[2026-05-04 22:47:46]   high_sparsity rep   9/100  708.3s  |  total:  73.7 min  [ 69.7%]
[2026-05-04 22:47:46]   high_sparsity rep  10/100  732.5s  |  total:  73.7 min  [ 70.0%]
[2026-05-04 22:47:46]   high_sparsity rep  11/100  651.4s  |  total:  73.7 min  [ 70.3%]
[2026-05-04 22:47:46]   high_sparsity rep  12/100  728.5s  |  total:  73.7 min  [ 70.7%]
[2026-05-04 22:47:46]   high_sparsity rep  13/100  684.6s  |  total:  73.7 min  [ 71.0%]
[2026-05-04 22:47:46]   high_sparsity rep  14/100  678.5s  |  total:  73.7 min  [ 71.3%]
[2026-05-04 22:47:46]   high_sparsity rep  15/100  706.0s  |  total:  73.7 min  [ 71.7%]
[2026-05-04 22:47:46]   high_sparsity rep  16/100  612.5s  |  total:  73.7 min  [ 72.0%]
[2026-05-04 22:47:46]   high_sparsity rep  17/100  628.6s  |  total:  73.7 min  [ 72.3%]
[2026-05-04 22:47:46]   high_sparsity rep  18/100  562.9s  |  total:  73.7 min  [ 72.7%]
[2026-05-04 22:47:46]   high_sparsity rep  19/100  683.9s  |  total:  73.7 min  [ 73.0%]
[2026-05-04 22:47:46]   high_sparsity rep  20/100  685.5s  |  total:  73.7 min  [ 73.3%]
[2026-05-04 22:47:46]   high_sparsity rep  21/100  624.1s  |  total:  73.7 min  [ 73.7%]
[2026-05-04 22:47:46]   high_sparsity rep  22/100  655.0s  |  total:  73.7 min  [ 74.0%]
[2026-05-04 22:47:46]   high_sparsity rep  23/100  613.8s  |  total:  73.7 min  [ 74.3%]
[2026-05-04 22:47:46]   high_sparsity rep  24/100  734.9s  |  total:  73.7 min  [ 74.7%]
[2026-05-04 22:47:46]   high_sparsity rep  25/100  742.7s  |  total:  73.7 min  [ 75.0%]
[2026-05-04 22:47:46]   high_sparsity rep  26/100  634.5s  |  total:  73.7 min  [ 75.3%]
[2026-05-04 22:47:46]   high_sparsity rep  27/100  710.0s  |  total:  73.7 min  [ 75.7%]
[2026-05-04 22:47:46]   high_sparsity rep  28/100  722.4s  |  total:  73.7 min  [ 76.0%]
[2026-05-04 22:47:46]   high_sparsity rep  29/100  723.3s  |  total:  73.7 min  [ 76.3%]
[2026-05-04 22:47:46]   high_sparsity rep  30/100  630.8s  |  total:  73.7 min  [ 76.7%]
[2026-05-04 22:47:46]   high_sparsity rep  31/100  720.6s  |  total:  73.7 min  [ 77.0%]
[2026-05-04 22:47:46]   high_sparsity rep  32/100  682.8s  |  total:  73.7 min  [ 77.3%]
[2026-05-04 22:47:46]   high_sparsity rep  33/100  687.8s  |  total:  73.7 min  [ 77.7%]
[2026-05-04 22:47:46]   high_sparsity rep  34/100  704.6s  |  total:  73.7 min  [ 78.0%]
[2026-05-04 22:47:46]   high_sparsity rep  35/100  605.5s  |  total:  73.7 min  [ 78.3%]
[2026-05-04 22:47:46]   high_sparsity rep  36/100  650.9s  |  total:  73.7 min  [ 78.7%]
[2026-05-04 22:47:46]   high_sparsity rep  37/100  599.3s  |  total:  73.7 min  [ 79.0%]
[2026-05-04 22:47:46]   high_sparsity rep  38/100  722.2s  |  total:  73.7 min  [ 79.3%]
[2026-05-04 22:47:46]   high_sparsity rep  39/100  624.1s  |  total:  73.7 min  [ 79.7%]
[2026-05-04 22:47:46]   high_sparsity rep  40/100  617.0s  |  total:  73.7 min  [ 80.0%]
[2026-05-04 22:47:46]   high_sparsity rep  41/100  689.3s  |  total:  73.7 min  [ 80.3%]
[2026-05-04 22:47:46]   high_sparsity rep  42/100  665.1s  |  total:  73.7 min  [ 80.7%]
[2026-05-04 22:47:46]   high_sparsity rep  43/100  691.1s  |  total:  73.7 min  [ 81.0%]
[2026-05-04 22:47:46]   high_sparsity rep  44/100  737.5s  |  total:  73.7 min  [ 81.3%]
[2026-05-04 22:47:46]   high_sparsity rep  45/100  664.2s  |  total:  73.7 min  [ 81.7%]
[2026-05-04 22:47:46]   high_sparsity rep  46/100  669.2s  |  total:  73.7 min  [ 82.0%]
[2026-05-04 22:47:46]   high_sparsity rep  47/100  631.0s  |  total:  73.7 min  [ 82.3%]
[2026-05-04 22:47:46]   high_sparsity rep  48/100  609.7s  |  total:  73.7 min  [ 82.7%]
[2026-05-04 22:47:46]   high_sparsity rep  49/100  634.1s  |  total:  73.7 min  [ 83.0%]
[2026-05-04 22:47:46]   high_sparsity rep  50/100  531.1s  |  total:  73.7 min  [ 83.3%]
[2026-05-04 22:47:46]   high_sparsity rep  51/100  669.5s  |  total:  73.7 min  [ 83.7%]
[2026-05-04 22:47:46]   high_sparsity rep  52/100  655.7s  |  total:  73.7 min  [ 84.0%]
[2026-05-04 22:47:46]   high_sparsity rep  53/100  721.9s  |  total:  73.7 min  [ 84.3%]
[2026-05-04 22:47:46]   high_sparsity rep  54/100  630.8s  |  total:  73.7 min  [ 84.7%]
[2026-05-04 22:47:46]   high_sparsity rep  55/100  695.3s  |  total:  73.7 min  [ 85.0%]
[2026-05-04 22:47:46]   high_sparsity rep  56/100  661.5s  |  total:  73.7 min  [ 85.3%]
[2026-05-04 22:47:46]   high_sparsity rep  57/100  685.0s  |  total:  73.7 min  [ 85.7%]
[2026-05-04 22:47:46]   high_sparsity rep  58/100  648.6s  |  total:  73.7 min  [ 86.0%]
[2026-05-04 22:47:46]   high_sparsity rep  59/100  709.3s  |  total:  73.7 min  [ 86.3%]
[2026-05-04 22:47:46]   high_sparsity rep  60/100  745.2s  |  total:  73.7 min  [ 86.7%]
[2026-05-04 22:47:46]   high_sparsity rep  61/100  669.0s  |  total:  73.7 min  [ 87.0%]
[2026-05-04 22:47:46]   high_sparsity rep  62/100  704.7s  |  total:  73.7 min  [ 87.3%]
[2026-05-04 22:47:46]   high_sparsity rep  63/100  704.6s  |  total:  73.7 min  [ 87.7%]
[2026-05-04 22:47:46]   high_sparsity rep  64/100  638.4s  |  total:  73.7 min  [ 88.0%]
[2026-05-04 22:47:46]   high_sparsity rep  65/100  696.5s  |  total:  73.7 min  [ 88.3%]
[2026-05-04 22:47:46]   high_sparsity rep  66/100  752.5s  |  total:  73.7 min  [ 88.7%]
[2026-05-04 22:47:46]   high_sparsity rep  67/100  717.2s  |  total:  73.7 min  [ 89.0%]
[2026-05-04 22:47:46]   high_sparsity rep  68/100  727.2s  |  total:  73.7 min  [ 89.3%]
[2026-05-04 22:47:46]   high_sparsity rep  69/100  693.5s  |  total:  73.7 min  [ 89.7%]
[2026-05-04 22:47:46]   high_sparsity rep  70/100  738.0s  |  total:  73.7 min  [ 90.0%]
[2026-05-04 22:47:46]   high_sparsity rep  71/100  677.4s  |  total:  73.7 min  [ 90.3%]
[2026-05-04 22:47:46]   high_sparsity rep  72/100  702.1s  |  total:  73.7 min  [ 90.7%]
[2026-05-04 22:47:46]   high_sparsity rep  73/100  706.5s  |  total:  73.7 min  [ 91.0%]
[2026-05-04 22:47:46]   high_sparsity rep  74/100  720.0s  |  total:  73.7 min  [ 91.3%]
[2026-05-04 22:47:46]   high_sparsity rep  75/100  690.6s  |  total:  73.7 min  [ 91.7%]
[2026-05-04 22:47:46]   high_sparsity rep  76/100  749.0s  |  total:  73.7 min  [ 92.0%]
[2026-05-04 22:47:46]   high_sparsity rep  77/100  687.8s  |  total:  73.7 min  [ 92.3%]
[2026-05-04 22:47:46]   high_sparsity rep  78/100  683.5s  |  total:  73.7 min  [ 92.7%]
[2026-05-04 22:47:46]   high_sparsity rep  79/100  713.3s  |  total:  73.7 min  [ 93.0%]
[2026-05-04 22:47:46]   high_sparsity rep  80/100  617.1s  |  total:  73.7 min  [ 93.3%]
[2026-05-04 22:47:46]   high_sparsity rep  81/100  700.1s  |  total:  73.7 min  [ 93.7%]
[2026-05-04 22:47:46]   high_sparsity rep  82/100  666.1s  |  total:  73.7 min  [ 94.0%]
[2026-05-04 22:47:46]   high_sparsity rep  83/100  696.2s  |  total:  73.7 min  [ 94.3%]
[2026-05-04 22:47:46]   high_sparsity rep  84/100  715.8s  |  total:  73.7 min  [ 94.7%]
[2026-05-04 22:47:46]   high_sparsity rep  85/100  716.1s  |  total:  73.7 min  [ 95.0%]
[2026-05-04 22:47:46]   high_sparsity rep  86/100  733.8s  |  total:  73.7 min  [ 95.3%]
[2026-05-04 22:47:46]   high_sparsity rep  87/100  671.3s  |  total:  73.7 min  [ 95.7%]
[2026-05-04 22:47:46]   high_sparsity rep  88/100  643.0s  |  total:  73.7 min  [ 96.0%]
[2026-05-04 22:47:46]   high_sparsity rep  89/100  708.8s  |  total:  73.7 min  [ 96.3%]
[2026-05-04 22:47:46]   high_sparsity rep  90/100  748.2s  |  total:  73.7 min  [ 96.7%]
[2026-05-04 22:47:46]   high_sparsity rep  91/100  653.1s  |  total:  73.7 min  [ 97.0%]
[2026-05-04 22:47:46]   high_sparsity rep  92/100  704.6s  |  total:  73.7 min  [ 97.3%]
[2026-05-04 22:47:46]   high_sparsity rep  93/100  697.2s  |  total:  73.7 min  [ 97.7%]
[2026-05-04 22:47:46]   high_sparsity rep  94/100  663.3s  |  total:  73.7 min  [ 98.0%]
[2026-05-04 22:47:46]   high_sparsity rep  95/100  640.2s  |  total:  73.7 min  [ 98.3%]
[2026-05-04 22:54:42]   high_sparsity rep  96/100  394.6s  |  total:  80.6 min  [ 98.7%]
[2026-05-04 22:54:42]   high_sparsity rep  97/100  415.8s  |  total:  80.6 min  [ 99.0%]
[2026-05-04 22:54:42]   high_sparsity rep  98/100  389.5s  |  total:  80.6 min  [ 99.3%]
[2026-05-04 22:54:42]   high_sparsity rep  99/100  404.0s  |  total:  80.6 min  [ 99.7%]
[2026-05-04 22:54:42]   high_sparsity rep 100/100  390.2s  |  total:  80.6 min  [100.0%]
[2026-05-04 22:54:42]   --> scenario high_sparsity complete in 19.5 min
[2026-05-04 22:54:42] === Full run complete in 80.6 min ===
[2026-05-04 22:54:42] Results: /home/linux02/berserk/gscamm/replication_package/simulations/results/full_metrics.rds
[2026-05-04 22:54:42] Log:     /home/linux02/berserk/gscamm/replication_package/simulations/results/sim_full.log
