[2026-05-04 20:14:01] Cores: 96 physical detected, using 95 (OS: unix)
[2026-05-04 20:14:01] === Full simulation design ===
[2026-05-04 20:14:01] List of 19
[2026-05-04 20:14:01]  $ N             : num 1000
[2026-05-04 20:14:01]  $ V             : num 500
[2026-05-04 20:14:01]  $ K             : num 10
[2026-05-04 20:14:01]  $ P             : num 8
[2026-05-04 20:14:01]  $ R             : int 100
[2026-05-04 20:14:01]  $ scenarios     : chr [1:3] "baseline" "high_covariate" "high_sparsity"
[2026-05-04 20:14:01]  $ links         : Named chr [1:3] "logistic_normal" "dirichlet" "zero_inflated"
[2026-05-04 20:14:01]   ..- attr(*, "names")= chr [1:3] "baseline" "high_covariate" "high_sparsity"
[2026-05-04 20:14:01]  $ boot_B        : int 200
[2026-05-04 20:14:01]  $ boot_type     : chr "basic"
[2026-05-04 20:14:01]  $ noise_augment : logi TRUE
[2026-05-04 20:14:01]  $ noise_scale   : num 2
[2026-05-04 20:14:01]  $ bias_correct  : logi TRUE
[2026-05-04 20:14:01]  $ fit_max_iter  : int 200
[2026-05-04 20:14:01]  $ fit_tol       : num 1e-05
[2026-05-04 20:14:01]  $ boot_max_iter : int 60
[2026-05-04 20:14:01]  $ boot_tol      : num 1e-04
[2026-05-04 20:14:01]  $ use_polish    : logi FALSE
[2026-05-04 20:14:01]  $ sigma2_polish : num 0.25
[2026-05-04 20:14:01]  $ use_stm_random: logi TRUE
[2026-05-04 20:14:01] === Toggles ===
[2026-05-04 20:14:01]   fit_max_iter   = 200
[2026-05-04 20:14:01]   boot_max_iter  = 60
[2026-05-04 20:14:01]   noise_scale    = 2.000
[2026-05-04 20:14:01]   use_polish     = FALSE
[2026-05-04 20:14:01]   sigma2_polish  = 0.250
[2026-05-04 20:14:01]   use_stm_random = TRUE
[2026-05-04 20:14:01] ========== scenario: baseline  [R=100, 95 cores, chunk=95] ==========
[2026-05-04 20:33:44]   baseline rep   1/100  1049.8s  |  total:  19.7 min  [  0.3%]
[2026-05-04 20:33:44]   baseline rep   2/100  920.0s  |  total:  19.7 min  [  0.7%]
[2026-05-04 20:33:44]   baseline rep   3/100  869.4s  |  total:  19.7 min  [  1.0%]
[2026-05-04 20:33:44]   baseline rep   4/100  1126.4s  |  total:  19.7 min  [  1.3%]
[2026-05-04 20:33:44]   baseline rep   5/100  1008.0s  |  total:  19.7 min  [  1.7%]
[2026-05-04 20:33:44]   baseline rep   6/100  1114.4s  |  total:  19.7 min  [  2.0%]
[2026-05-04 20:33:44]   baseline rep   7/100  1103.6s  |  total:  19.7 min  [  2.3%]
[2026-05-04 20:33:44]   baseline rep   8/100  1074.7s  |  total:  19.7 min  [  2.7%]
[2026-05-04 20:33:44]   baseline rep   9/100  1067.3s  |  total:  19.7 min  [  3.0%]
[2026-05-04 20:33:44]   baseline rep  10/100  1134.1s  |  total:  19.7 min  [  3.3%]
[2026-05-04 20:33:44]   baseline rep  11/100  1149.8s  |  total:  19.7 min  [  3.7%]
[2026-05-04 20:33:44]   baseline rep  12/100  1015.3s  |  total:  19.7 min  [  4.0%]
[2026-05-04 20:33:44]   baseline rep  13/100  1089.0s  |  total:  19.7 min  [  4.3%]
[2026-05-04 20:33:44]   baseline rep  14/100  1045.3s  |  total:  19.7 min  [  4.7%]
[2026-05-04 20:33:44]   baseline rep  15/100  1034.4s  |  total:  19.7 min  [  5.0%]
[2026-05-04 20:33:44]   baseline rep  16/100  1166.2s  |  total:  19.7 min  [  5.3%]
[2026-05-04 20:33:44]   baseline rep  17/100  1070.8s  |  total:  19.7 min  [  5.7%]
[2026-05-04 20:33:44]   baseline rep  18/100  1026.3s  |  total:  19.7 min  [  6.0%]
[2026-05-04 20:33:44]   baseline rep  19/100  1117.3s  |  total:  19.7 min  [  6.3%]
[2026-05-04 20:33:44]   baseline rep  20/100  1100.1s  |  total:  19.7 min  [  6.7%]
[2026-05-04 20:33:44]   baseline rep  21/100  1033.9s  |  total:  19.7 min  [  7.0%]
[2026-05-04 20:33:44]   baseline rep  22/100  1058.1s  |  total:  19.7 min  [  7.3%]
[2026-05-04 20:33:44]   baseline rep  23/100  1041.5s  |  total:  19.7 min  [  7.7%]
[2026-05-04 20:33:44]   baseline rep  24/100  1139.1s  |  total:  19.7 min  [  8.0%]
[2026-05-04 20:33:44]   baseline rep  25/100  1141.3s  |  total:  19.7 min  [  8.3%]
[2026-05-04 20:33:44]   baseline rep  26/100  994.3s  |  total:  19.7 min  [  8.7%]
[2026-05-04 20:33:44]   baseline rep  27/100  1068.1s  |  total:  19.7 min  [  9.0%]
[2026-05-04 20:33:44]   baseline rep  28/100  1024.2s  |  total:  19.7 min  [  9.3%]
[2026-05-04 20:33:44]   baseline rep  29/100  1008.5s  |  total:  19.7 min  [  9.7%]
[2026-05-04 20:33:44]   baseline rep  30/100  1117.7s  |  total:  19.7 min  [ 10.0%]
[2026-05-04 20:33:44]   baseline rep  31/100  1135.9s  |  total:  19.7 min  [ 10.3%]
[2026-05-04 20:33:44]   baseline rep  32/100  993.2s  |  total:  19.7 min  [ 10.7%]
[2026-05-04 20:33:44]   baseline rep  33/100  1049.1s  |  total:  19.7 min  [ 11.0%]
[2026-05-04 20:33:44]   baseline rep  34/100  996.3s  |  total:  19.7 min  [ 11.3%]
[2026-05-04 20:33:44]   baseline rep  35/100  1082.8s  |  total:  19.7 min  [ 11.7%]
[2026-05-04 20:33:44]   baseline rep  36/100  956.5s  |  total:  19.7 min  [ 12.0%]
[2026-05-04 20:33:44]   baseline rep  37/100  1053.3s  |  total:  19.7 min  [ 12.3%]
[2026-05-04 20:33:44]   baseline rep  38/100  1115.8s  |  total:  19.7 min  [ 12.7%]
[2026-05-04 20:33:44]   baseline rep  39/100  981.1s  |  total:  19.7 min  [ 13.0%]
[2026-05-04 20:33:44]   baseline rep  40/100  1170.3s  |  total:  19.7 min  [ 13.3%]
[2026-05-04 20:33:44]   baseline rep  41/100  1092.9s  |  total:  19.7 min  [ 13.7%]
[2026-05-04 20:33:44]   baseline rep  42/100  1123.6s  |  total:  19.7 min  [ 14.0%]
[2026-05-04 20:33:44]   baseline rep  43/100  1098.8s  |  total:  19.7 min  [ 14.3%]
[2026-05-04 20:33:44]   baseline rep  44/100  1082.0s  |  total:  19.7 min  [ 14.7%]
[2026-05-04 20:33:44]   baseline rep  45/100  1077.4s  |  total:  19.7 min  [ 15.0%]
[2026-05-04 20:33:44]   baseline rep  46/100  991.7s  |  total:  19.7 min  [ 15.3%]
[2026-05-04 20:33:44]   baseline rep  47/100  1069.2s  |  total:  19.7 min  [ 15.7%]
[2026-05-04 20:33:44]   baseline rep  48/100  1085.4s  |  total:  19.7 min  [ 16.0%]
[2026-05-04 20:33:44]   baseline rep  49/100  1124.2s  |  total:  19.7 min  [ 16.3%]
[2026-05-04 20:33:44]   baseline rep  50/100  1104.5s  |  total:  19.7 min  [ 16.7%]
[2026-05-04 20:33:44]   baseline rep  51/100  1063.9s  |  total:  19.7 min  [ 17.0%]
[2026-05-04 20:33:44]   baseline rep  52/100  1094.8s  |  total:  19.7 min  [ 17.3%]
[2026-05-04 20:33:44]   baseline rep  53/100  1084.3s  |  total:  19.7 min  [ 17.7%]
[2026-05-04 20:33:44]   baseline rep  54/100  1025.9s  |  total:  19.7 min  [ 18.0%]
[2026-05-04 20:33:44]   baseline rep  55/100  1097.3s  |  total:  19.7 min  [ 18.3%]
[2026-05-04 20:33:44]   baseline rep  56/100  988.8s  |  total:  19.7 min  [ 18.7%]
[2026-05-04 20:33:44]   baseline rep  57/100  1050.9s  |  total:  19.7 min  [ 19.0%]
[2026-05-04 20:33:44]   baseline rep  58/100  1144.6s  |  total:  19.7 min  [ 19.3%]
[2026-05-04 20:33:44]   baseline rep  59/100  1041.2s  |  total:  19.7 min  [ 19.7%]
[2026-05-04 20:33:44]   baseline rep  60/100  1003.3s  |  total:  19.7 min  [ 20.0%]
[2026-05-04 20:33:44]   baseline rep  61/100  1077.6s  |  total:  19.7 min  [ 20.3%]
[2026-05-04 20:33:44]   baseline rep  62/100  1029.0s  |  total:  19.7 min  [ 20.7%]
[2026-05-04 20:33:44]   baseline rep  63/100  975.6s  |  total:  19.7 min  [ 21.0%]
[2026-05-04 20:33:44]   baseline rep  64/100  1073.4s  |  total:  19.7 min  [ 21.3%]
[2026-05-04 20:33:44]   baseline rep  65/100  1008.2s  |  total:  19.7 min  [ 21.7%]
[2026-05-04 20:33:44]   baseline rep  66/100  1144.9s  |  total:  19.7 min  [ 22.0%]
[2026-05-04 20:33:44]   baseline rep  67/100  1108.5s  |  total:  19.7 min  [ 22.3%]
[2026-05-04 20:33:44]   baseline rep  68/100  1149.0s  |  total:  19.7 min  [ 22.7%]
[2026-05-04 20:33:44]   baseline rep  69/100  1015.4s  |  total:  19.7 min  [ 23.0%]
[2026-05-04 20:33:44]   baseline rep  70/100  1102.6s  |  total:  19.7 min  [ 23.3%]
[2026-05-04 20:33:44]   baseline rep  71/100  1073.2s  |  total:  19.7 min  [ 23.7%]
[2026-05-04 20:33:44]   baseline rep  72/100  1002.9s  |  total:  19.7 min  [ 24.0%]
[2026-05-04 20:33:44]   baseline rep  73/100  1059.1s  |  total:  19.7 min  [ 24.3%]
[2026-05-04 20:33:44]   baseline rep  74/100  941.9s  |  total:  19.7 min  [ 24.7%]
[2026-05-04 20:33:44]   baseline rep  75/100  1087.4s  |  total:  19.7 min  [ 25.0%]
[2026-05-04 20:33:44]   baseline rep  76/100  1127.2s  |  total:  19.7 min  [ 25.3%]
[2026-05-04 20:33:44]   baseline rep  77/100  1055.3s  |  total:  19.7 min  [ 25.7%]
[2026-05-04 20:33:44]   baseline rep  78/100  1115.7s  |  total:  19.7 min  [ 26.0%]
[2026-05-04 20:33:44]   baseline rep  79/100  1069.6s  |  total:  19.7 min  [ 26.3%]
[2026-05-04 20:33:44]   baseline rep  80/100  1097.8s  |  total:  19.7 min  [ 26.7%]
[2026-05-04 20:33:44]   baseline rep  81/100  1026.8s  |  total:  19.7 min  [ 27.0%]
[2026-05-04 20:33:44]   baseline rep  82/100  1062.7s  |  total:  19.7 min  [ 27.3%]
[2026-05-04 20:33:44]   baseline rep  83/100  1074.6s  |  total:  19.7 min  [ 27.7%]
[2026-05-04 20:33:44]   baseline rep  84/100  1159.6s  |  total:  19.7 min  [ 28.0%]
[2026-05-04 20:33:44]   baseline rep  85/100  1086.9s  |  total:  19.7 min  [ 28.3%]
[2026-05-04 20:33:44]   baseline rep  86/100  1157.4s  |  total:  19.7 min  [ 28.7%]
[2026-05-04 20:33:44]   baseline rep  87/100  1049.6s  |  total:  19.7 min  [ 29.0%]
[2026-05-04 20:33:44]   baseline rep  88/100  1118.1s  |  total:  19.7 min  [ 29.3%]
[2026-05-04 20:33:44]   baseline rep  89/100  1120.8s  |  total:  19.7 min  [ 29.7%]
[2026-05-04 20:33:44]   baseline rep  90/100  1182.9s  |  total:  19.7 min  [ 30.0%]
[2026-05-04 20:33:44]   baseline rep  91/100  1095.4s  |  total:  19.7 min  [ 30.3%]
[2026-05-04 20:33:44]   baseline rep  92/100  1100.7s  |  total:  19.7 min  [ 30.7%]
[2026-05-04 20:33:44]   baseline rep  93/100  1021.5s  |  total:  19.7 min  [ 31.0%]
[2026-05-04 20:33:44]   baseline rep  94/100  1067.0s  |  total:  19.7 min  [ 31.3%]
[2026-05-04 20:33:44]   baseline rep  95/100  1034.3s  |  total:  19.7 min  [ 31.7%]
[2026-05-04 20:44:32]   baseline rep  96/100  648.0s  |  total:  30.5 min  [ 32.0%]
[2026-05-04 20:44:32]   baseline rep  97/100  625.3s  |  total:  30.5 min  [ 32.3%]
[2026-05-04 20:44:32]   baseline rep  98/100  643.2s  |  total:  30.5 min  [ 32.7%]
[2026-05-04 20:44:32]   baseline rep  99/100  631.5s  |  total:  30.5 min  [ 33.0%]
[2026-05-04 20:44:32]   baseline rep 100/100  623.5s  |  total:  30.5 min  [ 33.3%]
[2026-05-04 20:44:32]   --> scenario baseline complete in 30.5 min
[2026-05-04 20:44:32] ========== scenario: high_covariate  [R=100, 95 cores, chunk=95] ==========
[2026-05-04 21:03:53]   high_covariate rep   1/100  1087.0s  |  total:  49.9 min  [ 33.7%]
[2026-05-04 21:03:53]   high_covariate rep   2/100  1142.1s  |  total:  49.9 min  [ 34.0%]
[2026-05-04 21:03:53]   high_covariate rep   3/100  957.1s  |  total:  49.9 min  [ 34.3%]
[2026-05-04 21:03:53]   high_covariate rep   4/100  1049.1s  |  total:  49.9 min  [ 34.7%]
[2026-05-04 21:03:53]   high_covariate rep   5/100  1090.9s  |  total:  49.9 min  [ 35.0%]
[2026-05-04 21:03:53]   high_covariate rep   6/100  1000.4s  |  total:  49.9 min  [ 35.3%]
[2026-05-04 21:03:53]   high_covariate rep   7/100  1080.8s  |  total:  49.9 min  [ 35.7%]
[2026-05-04 21:03:53]   high_covariate rep   8/100  1042.1s  |  total:  49.9 min  [ 36.0%]
[2026-05-04 21:03:53]   high_covariate rep   9/100  1117.9s  |  total:  49.9 min  [ 36.3%]
[2026-05-04 21:03:53]   high_covariate rep  10/100  1049.0s  |  total:  49.9 min  [ 36.7%]
[2026-05-04 21:03:53]   high_covariate rep  11/100  1124.2s  |  total:  49.9 min  [ 37.0%]
[2026-05-04 21:03:53]   high_covariate rep  12/100  1049.1s  |  total:  49.9 min  [ 37.3%]
[2026-05-04 21:03:53]   high_covariate rep  13/100  953.3s  |  total:  49.9 min  [ 37.7%]
[2026-05-04 21:03:53]   high_covariate rep  14/100  1118.2s  |  total:  49.9 min  [ 38.0%]
[2026-05-04 21:03:53]   high_covariate rep  15/100  1118.0s  |  total:  49.9 min  [ 38.3%]
[2026-05-04 21:03:53]   high_covariate rep  16/100  1070.5s  |  total:  49.9 min  [ 38.7%]
[2026-05-04 21:03:53]   high_covariate rep  17/100  1076.2s  |  total:  49.9 min  [ 39.0%]
[2026-05-04 21:03:53]   high_covariate rep  18/100  1147.6s  |  total:  49.9 min  [ 39.3%]
[2026-05-04 21:03:53]   high_covariate rep  19/100  1143.7s  |  total:  49.9 min  [ 39.7%]
[2026-05-04 21:03:53]   high_covariate rep  20/100  1086.1s  |  total:  49.9 min  [ 40.0%]
[2026-05-04 21:03:53]   high_covariate rep  21/100  1048.3s  |  total:  49.9 min  [ 40.3%]
[2026-05-04 21:03:53]   high_covariate rep  22/100  1057.4s  |  total:  49.9 min  [ 40.7%]
[2026-05-04 21:03:53]   high_covariate rep  23/100  1132.1s  |  total:  49.9 min  [ 41.0%]
[2026-05-04 21:03:53]   high_covariate rep  24/100  1068.1s  |  total:  49.9 min  [ 41.3%]
[2026-05-04 21:03:53]   high_covariate rep  25/100  975.3s  |  total:  49.9 min  [ 41.7%]
[2026-05-04 21:03:53]   high_covariate rep  26/100  1071.0s  |  total:  49.9 min  [ 42.0%]
[2026-05-04 21:03:53]   high_covariate rep  27/100  1117.0s  |  total:  49.9 min  [ 42.3%]
[2026-05-04 21:03:53]   high_covariate rep  28/100  1051.9s  |  total:  49.9 min  [ 42.7%]
[2026-05-04 21:03:53]   high_covariate rep  29/100  972.3s  |  total:  49.9 min  [ 43.0%]
[2026-05-04 21:03:53]   high_covariate rep  30/100  1091.7s  |  total:  49.9 min  [ 43.3%]
[2026-05-04 21:03:53]   high_covariate rep  31/100  1154.8s  |  total:  49.9 min  [ 43.7%]
[2026-05-04 21:03:53]   high_covariate rep  32/100  1025.5s  |  total:  49.9 min  [ 44.0%]
[2026-05-04 21:03:53]   high_covariate rep  33/100  1006.6s  |  total:  49.9 min  [ 44.3%]
[2026-05-04 21:03:53]   high_covariate rep  34/100  1011.3s  |  total:  49.9 min  [ 44.7%]
[2026-05-04 21:03:53]   high_covariate rep  35/100  1160.5s  |  total:  49.9 min  [ 45.0%]
[2026-05-04 21:03:53]   high_covariate rep  36/100  1026.8s  |  total:  49.9 min  [ 45.3%]
[2026-05-04 21:03:53]   high_covariate rep  37/100  1098.0s  |  total:  49.9 min  [ 45.7%]
[2026-05-04 21:03:53]   high_covariate rep  38/100  1005.4s  |  total:  49.9 min  [ 46.0%]
[2026-05-04 21:03:53]   high_covariate rep  39/100  1067.1s  |  total:  49.9 min  [ 46.3%]
[2026-05-04 21:03:53]   high_covariate rep  40/100  1084.6s  |  total:  49.9 min  [ 46.7%]
[2026-05-04 21:03:53]   high_covariate rep  41/100  951.6s  |  total:  49.9 min  [ 47.0%]
[2026-05-04 21:03:53]   high_covariate rep  42/100  1078.2s  |  total:  49.9 min  [ 47.3%]
[2026-05-04 21:03:53]   high_covariate rep  43/100  1066.9s  |  total:  49.9 min  [ 47.7%]
[2026-05-04 21:03:53]   high_covariate rep  44/100  1108.9s  |  total:  49.9 min  [ 48.0%]
[2026-05-04 21:03:53]   high_covariate rep  45/100  1055.5s  |  total:  49.9 min  [ 48.3%]
[2026-05-04 21:03:53]   high_covariate rep  46/100  1055.2s  |  total:  49.9 min  [ 48.7%]
[2026-05-04 21:03:53]   high_covariate rep  47/100  1101.5s  |  total:  49.9 min  [ 49.0%]
[2026-05-04 21:03:53]   high_covariate rep  48/100  1070.3s  |  total:  49.9 min  [ 49.3%]
[2026-05-04 21:03:53]   high_covariate rep  49/100  1067.9s  |  total:  49.9 min  [ 49.7%]
[2026-05-04 21:03:53]   high_covariate rep  50/100  1039.7s  |  total:  49.9 min  [ 50.0%]
[2026-05-04 21:03:53]   high_covariate rep  51/100  917.1s  |  total:  49.9 min  [ 50.3%]
[2026-05-04 21:03:53]   high_covariate rep  52/100  952.4s  |  total:  49.9 min  [ 50.7%]
[2026-05-04 21:03:53]   high_covariate rep  53/100  956.5s  |  total:  49.9 min  [ 51.0%]
[2026-05-04 21:03:53]   high_covariate rep  54/100  1006.8s  |  total:  49.9 min  [ 51.3%]
[2026-05-04 21:03:53]   high_covariate rep  55/100  1064.2s  |  total:  49.9 min  [ 51.7%]
[2026-05-04 21:03:53]   high_covariate rep  56/100  1018.5s  |  total:  49.9 min  [ 52.0%]
[2026-05-04 21:03:53]   high_covariate rep  57/100  1073.9s  |  total:  49.9 min  [ 52.3%]
[2026-05-04 21:03:53]   high_covariate rep  58/100  1063.3s  |  total:  49.9 min  [ 52.7%]
[2026-05-04 21:03:53]   high_covariate rep  59/100  1063.9s  |  total:  49.9 min  [ 53.0%]
[2026-05-04 21:03:53]   high_covariate rep  60/100  1024.7s  |  total:  49.9 min  [ 53.3%]
[2026-05-04 21:03:53]   high_covariate rep  61/100  1043.2s  |  total:  49.9 min  [ 53.7%]
[2026-05-04 21:03:53]   high_covariate rep  62/100  1004.3s  |  total:  49.9 min  [ 54.0%]
[2026-05-04 21:03:53]   high_covariate rep  63/100  1107.7s  |  total:  49.9 min  [ 54.3%]
[2026-05-04 21:03:53]   high_covariate rep  64/100  1050.5s  |  total:  49.9 min  [ 54.7%]
[2026-05-04 21:03:53]   high_covariate rep  65/100  1144.3s  |  total:  49.9 min  [ 55.0%]
[2026-05-04 21:03:53]   high_covariate rep  66/100  1112.4s  |  total:  49.9 min  [ 55.3%]
[2026-05-04 21:03:53]   high_covariate rep  67/100  1075.5s  |  total:  49.9 min  [ 55.7%]
[2026-05-04 21:03:53]   high_covariate rep  68/100  1054.0s  |  total:  49.9 min  [ 56.0%]
[2026-05-04 21:03:53]   high_covariate rep  69/100  1149.5s  |  total:  49.9 min  [ 56.3%]
[2026-05-04 21:03:53]   high_covariate rep  70/100  1059.9s  |  total:  49.9 min  [ 56.7%]
[2026-05-04 21:03:53]   high_covariate rep  71/100  1067.4s  |  total:  49.9 min  [ 57.0%]
[2026-05-04 21:03:53]   high_covariate rep  72/100  1126.2s  |  total:  49.9 min  [ 57.3%]
[2026-05-04 21:03:53]   high_covariate rep  73/100  1118.7s  |  total:  49.9 min  [ 57.7%]
[2026-05-04 21:03:53]   high_covariate rep  74/100  1085.4s  |  total:  49.9 min  [ 58.0%]
[2026-05-04 21:03:53]   high_covariate rep  75/100  1092.6s  |  total:  49.9 min  [ 58.3%]
[2026-05-04 21:03:53]   high_covariate rep  76/100  1069.0s  |  total:  49.9 min  [ 58.7%]
[2026-05-04 21:03:53]   high_covariate rep  77/100  1056.9s  |  total:  49.9 min  [ 59.0%]
[2026-05-04 21:03:53]   high_covariate rep  78/100  1038.7s  |  total:  49.9 min  [ 59.3%]
[2026-05-04 21:03:53]   high_covariate rep  79/100  1051.5s  |  total:  49.9 min  [ 59.7%]
[2026-05-04 21:03:53]   high_covariate rep  80/100  1022.3s  |  total:  49.9 min  [ 60.0%]
[2026-05-04 21:03:53]   high_covariate rep  81/100  1068.3s  |  total:  49.9 min  [ 60.3%]
[2026-05-04 21:03:53]   high_covariate rep  82/100  1030.0s  |  total:  49.9 min  [ 60.7%]
[2026-05-04 21:03:53]   high_covariate rep  83/100  1034.1s  |  total:  49.9 min  [ 61.0%]
[2026-05-04 21:03:53]   high_covariate rep  84/100  1149.3s  |  total:  49.9 min  [ 61.3%]
[2026-05-04 21:03:53]   high_covariate rep  85/100  1090.7s  |  total:  49.9 min  [ 61.7%]
[2026-05-04 21:03:53]   high_covariate rep  86/100  1051.9s  |  total:  49.9 min  [ 62.0%]
[2026-05-04 21:03:53]   high_covariate rep  87/100  1134.2s  |  total:  49.9 min  [ 62.3%]
[2026-05-04 21:03:53]   high_covariate rep  88/100  1029.9s  |  total:  49.9 min  [ 62.7%]
[2026-05-04 21:03:53]   high_covariate rep  89/100  1085.6s  |  total:  49.9 min  [ 63.0%]
[2026-05-04 21:03:53]   high_covariate rep  90/100  1131.1s  |  total:  49.9 min  [ 63.3%]
[2026-05-04 21:03:53]   high_covariate rep  91/100  1156.0s  |  total:  49.9 min  [ 63.7%]
[2026-05-04 21:03:53]   high_covariate rep  92/100  1043.3s  |  total:  49.9 min  [ 64.0%]
[2026-05-04 21:03:53]   high_covariate rep  93/100  1030.3s  |  total:  49.9 min  [ 64.3%]
[2026-05-04 21:03:53]   high_covariate rep  94/100  1031.9s  |  total:  49.9 min  [ 64.7%]
[2026-05-04 21:03:53]   high_covariate rep  95/100  1120.7s  |  total:  49.9 min  [ 65.0%]
[2026-05-04 21:14:31]   high_covariate rep  96/100  632.7s  |  total:  60.5 min  [ 65.3%]
[2026-05-04 21:14:31]   high_covariate rep  97/100  629.4s  |  total:  60.5 min  [ 65.7%]
[2026-05-04 21:14:31]   high_covariate rep  98/100  637.5s  |  total:  60.5 min  [ 66.0%]
[2026-05-04 21:14:31]   high_covariate rep  99/100  632.5s  |  total:  60.5 min  [ 66.3%]
[2026-05-04 21:14:31]   high_covariate rep 100/100  625.7s  |  total:  60.5 min  [ 66.7%]
[2026-05-04 21:14:31]   --> scenario high_covariate complete in 30.0 min
[2026-05-04 21:14:31] ========== scenario: high_sparsity  [R=100, 95 cores, chunk=95] ==========
[2026-05-04 21:27:16]   high_sparsity rep   1/100  644.7s  |  total:  73.3 min  [ 67.0%]
[2026-05-04 21:27:16]   high_sparsity rep   2/100  678.2s  |  total:  73.3 min  [ 67.3%]
[2026-05-04 21:27:16]   high_sparsity rep   3/100  731.3s  |  total:  73.3 min  [ 67.7%]
[2026-05-04 21:27:16]   high_sparsity rep   4/100  707.9s  |  total:  73.3 min  [ 68.0%]
[2026-05-04 21:27:16]   high_sparsity rep   5/100  710.5s  |  total:  73.3 min  [ 68.3%]
[2026-05-04 21:27:16]   high_sparsity rep   6/100  638.2s  |  total:  73.3 min  [ 68.7%]
[2026-05-04 21:27:16]   high_sparsity rep   7/100  682.7s  |  total:  73.3 min  [ 69.0%]
[2026-05-04 21:27:16]   high_sparsity rep   8/100  685.6s  |  total:  73.3 min  [ 69.3%]
[2026-05-04 21:27:16]   high_sparsity rep   9/100  686.2s  |  total:  73.3 min  [ 69.7%]
[2026-05-04 21:27:16]   high_sparsity rep  10/100  585.5s  |  total:  73.3 min  [ 70.0%]
[2026-05-04 21:27:16]   high_sparsity rep  11/100  755.1s  |  total:  73.3 min  [ 70.3%]
[2026-05-04 21:27:16]   high_sparsity rep  12/100  661.8s  |  total:  73.3 min  [ 70.7%]
[2026-05-04 21:27:16]   high_sparsity rep  13/100  715.3s  |  total:  73.3 min  [ 71.0%]
[2026-05-04 21:27:16]   high_sparsity rep  14/100  658.0s  |  total:  73.3 min  [ 71.3%]
[2026-05-04 21:27:16]   high_sparsity rep  15/100  603.4s  |  total:  73.3 min  [ 71.7%]
[2026-05-04 21:27:16]   high_sparsity rep  16/100  708.6s  |  total:  73.3 min  [ 72.0%]
[2026-05-04 21:27:16]   high_sparsity rep  17/100  675.6s  |  total:  73.3 min  [ 72.3%]
[2026-05-04 21:27:16]   high_sparsity rep  18/100  715.9s  |  total:  73.3 min  [ 72.7%]
[2026-05-04 21:27:16]   high_sparsity rep  19/100  696.0s  |  total:  73.3 min  [ 73.0%]
[2026-05-04 21:27:16]   high_sparsity rep  20/100  702.0s  |  total:  73.3 min  [ 73.3%]
[2026-05-04 21:27:16]   high_sparsity rep  21/100  709.6s  |  total:  73.3 min  [ 73.7%]
[2026-05-04 21:27:16]   high_sparsity rep  22/100  655.2s  |  total:  73.3 min  [ 74.0%]
[2026-05-04 21:27:16]   high_sparsity rep  23/100  664.7s  |  total:  73.3 min  [ 74.3%]
[2026-05-04 21:27:16]   high_sparsity rep  24/100  648.6s  |  total:  73.3 min  [ 74.7%]
[2026-05-04 21:27:16]   high_sparsity rep  25/100  765.6s  |  total:  73.3 min  [ 75.0%]
[2026-05-04 21:27:16]   high_sparsity rep  26/100  667.9s  |  total:  73.3 min  [ 75.3%]
[2026-05-04 21:27:16]   high_sparsity rep  27/100  715.4s  |  total:  73.3 min  [ 75.7%]
[2026-05-04 21:27:16]   high_sparsity rep  28/100  630.5s  |  total:  73.3 min  [ 76.0%]
[2026-05-04 21:27:16]   high_sparsity rep  29/100  713.0s  |  total:  73.3 min  [ 76.3%]
[2026-05-04 21:27:16]   high_sparsity rep  30/100  679.4s  |  total:  73.3 min  [ 76.7%]
[2026-05-04 21:27:16]   high_sparsity rep  31/100  691.1s  |  total:  73.3 min  [ 77.0%]
[2026-05-04 21:27:16]   high_sparsity rep  32/100  689.7s  |  total:  73.3 min  [ 77.3%]
[2026-05-04 21:27:16]   high_sparsity rep  33/100  714.1s  |  total:  73.3 min  [ 77.7%]
[2026-05-04 21:27:16]   high_sparsity rep  34/100  665.6s  |  total:  73.3 min  [ 78.0%]
[2026-05-04 21:27:16]   high_sparsity rep  35/100  662.1s  |  total:  73.3 min  [ 78.3%]
[2026-05-04 21:27:16]   high_sparsity rep  36/100  703.3s  |  total:  73.3 min  [ 78.7%]
[2026-05-04 21:27:16]   high_sparsity rep  37/100  714.0s  |  total:  73.3 min  [ 79.0%]
[2026-05-04 21:27:16]   high_sparsity rep  38/100  633.5s  |  total:  73.3 min  [ 79.3%]
[2026-05-04 21:27:16]   high_sparsity rep  39/100  699.9s  |  total:  73.3 min  [ 79.7%]
[2026-05-04 21:27:16]   high_sparsity rep  40/100  657.4s  |  total:  73.3 min  [ 80.0%]
[2026-05-04 21:27:16]   high_sparsity rep  41/100  752.4s  |  total:  73.3 min  [ 80.3%]
[2026-05-04 21:27:16]   high_sparsity rep  42/100  647.1s  |  total:  73.3 min  [ 80.7%]
[2026-05-04 21:27:16]   high_sparsity rep  43/100  651.7s  |  total:  73.3 min  [ 81.0%]
[2026-05-04 21:27:16]   high_sparsity rep  44/100  690.4s  |  total:  73.3 min  [ 81.3%]
[2026-05-04 21:27:16]   high_sparsity rep  45/100  695.0s  |  total:  73.3 min  [ 81.7%]
[2026-05-04 21:27:16]   high_sparsity rep  46/100  679.8s  |  total:  73.3 min  [ 82.0%]
[2026-05-04 21:27:16]   high_sparsity rep  47/100  709.4s  |  total:  73.3 min  [ 82.3%]
[2026-05-04 21:27:16]   high_sparsity rep  48/100  669.8s  |  total:  73.3 min  [ 82.7%]
[2026-05-04 21:27:16]   high_sparsity rep  49/100  733.9s  |  total:  73.3 min  [ 83.0%]
[2026-05-04 21:27:16]   high_sparsity rep  50/100  677.7s  |  total:  73.3 min  [ 83.3%]
[2026-05-04 21:27:16]   high_sparsity rep  51/100  674.2s  |  total:  73.3 min  [ 83.7%]
[2026-05-04 21:27:16]   high_sparsity rep  52/100  706.9s  |  total:  73.3 min  [ 84.0%]
[2026-05-04 21:27:16]   high_sparsity rep  53/100  621.6s  |  total:  73.3 min  [ 84.3%]
[2026-05-04 21:27:16]   high_sparsity rep  54/100  674.3s  |  total:  73.3 min  [ 84.7%]
[2026-05-04 21:27:16]   high_sparsity rep  55/100  730.1s  |  total:  73.3 min  [ 85.0%]
[2026-05-04 21:27:16]   high_sparsity rep  56/100  620.1s  |  total:  73.3 min  [ 85.3%]
[2026-05-04 21:27:16]   high_sparsity rep  57/100  725.7s  |  total:  73.3 min  [ 85.7%]
[2026-05-04 21:27:16]   high_sparsity rep  58/100  684.4s  |  total:  73.3 min  [ 86.0%]
[2026-05-04 21:27:16]   high_sparsity rep  59/100  702.3s  |  total:  73.3 min  [ 86.3%]
[2026-05-04 21:27:16]   high_sparsity rep  60/100  650.8s  |  total:  73.3 min  [ 86.7%]
[2026-05-04 21:27:16]   high_sparsity rep  61/100  658.9s  |  total:  73.3 min  [ 87.0%]
[2026-05-04 21:27:16]   high_sparsity rep  62/100  664.5s  |  total:  73.3 min  [ 87.3%]
[2026-05-04 21:27:16]   high_sparsity rep  63/100  644.4s  |  total:  73.3 min  [ 87.7%]
[2026-05-04 21:27:16]   high_sparsity rep  64/100  674.5s  |  total:  73.3 min  [ 88.0%]
[2026-05-04 21:27:16]   high_sparsity rep  65/100  709.7s  |  total:  73.3 min  [ 88.3%]
[2026-05-04 21:27:16]   high_sparsity rep  66/100  736.8s  |  total:  73.3 min  [ 88.7%]
[2026-05-04 21:27:16]   high_sparsity rep  67/100  605.8s  |  total:  73.3 min  [ 89.0%]
[2026-05-04 21:27:16]   high_sparsity rep  68/100  672.6s  |  total:  73.3 min  [ 89.3%]
[2026-05-04 21:27:16]   high_sparsity rep  69/100  715.4s  |  total:  73.3 min  [ 89.7%]
[2026-05-04 21:27:16]   high_sparsity rep  70/100  723.2s  |  total:  73.3 min  [ 90.0%]
[2026-05-04 21:27:16]   high_sparsity rep  71/100  684.5s  |  total:  73.3 min  [ 90.3%]
[2026-05-04 21:27:16]   high_sparsity rep  72/100  711.9s  |  total:  73.3 min  [ 90.7%]
[2026-05-04 21:27:16]   high_sparsity rep  73/100  692.1s  |  total:  73.3 min  [ 91.0%]
[2026-05-04 21:27:16]   high_sparsity rep  74/100  705.8s  |  total:  73.3 min  [ 91.3%]
[2026-05-04 21:27:16]   high_sparsity rep  75/100  671.7s  |  total:  73.3 min  [ 91.7%]
[2026-05-04 21:27:16]   high_sparsity rep  76/100  696.0s  |  total:  73.3 min  [ 92.0%]
[2026-05-04 21:27:16]   high_sparsity rep  77/100  722.1s  |  total:  73.3 min  [ 92.3%]
[2026-05-04 21:27:16]   high_sparsity rep  78/100  728.4s  |  total:  73.3 min  [ 92.7%]
[2026-05-04 21:27:16]   high_sparsity rep  79/100  645.9s  |  total:  73.3 min  [ 93.0%]
[2026-05-04 21:27:16]   high_sparsity rep  80/100  667.1s  |  total:  73.3 min  [ 93.3%]
[2026-05-04 21:27:16]   high_sparsity rep  81/100  676.9s  |  total:  73.3 min  [ 93.7%]
[2026-05-04 21:27:16]   high_sparsity rep  82/100  721.0s  |  total:  73.3 min  [ 94.0%]
[2026-05-04 21:27:16]   high_sparsity rep  83/100  637.0s  |  total:  73.3 min  [ 94.3%]
[2026-05-04 21:27:16]   high_sparsity rep  84/100  693.1s  |  total:  73.3 min  [ 94.7%]
[2026-05-04 21:27:16]   high_sparsity rep  85/100  610.0s  |  total:  73.3 min  [ 95.0%]
[2026-05-04 21:27:16]   high_sparsity rep  86/100  686.7s  |  total:  73.3 min  [ 95.3%]
[2026-05-04 21:27:16]   high_sparsity rep  87/100  728.8s  |  total:  73.3 min  [ 95.7%]
[2026-05-04 21:27:16]   high_sparsity rep  88/100  655.5s  |  total:  73.3 min  [ 96.0%]
[2026-05-04 21:27:16]   high_sparsity rep  89/100  636.9s  |  total:  73.3 min  [ 96.3%]
[2026-05-04 21:27:16]   high_sparsity rep  90/100  711.7s  |  total:  73.3 min  [ 96.7%]
[2026-05-04 21:27:16]   high_sparsity rep  91/100  699.0s  |  total:  73.3 min  [ 97.0%]
[2026-05-04 21:27:16]   high_sparsity rep  92/100  658.8s  |  total:  73.3 min  [ 97.3%]
[2026-05-04 21:27:16]   high_sparsity rep  93/100  691.2s  |  total:  73.3 min  [ 97.7%]
[2026-05-04 21:27:16]   high_sparsity rep  94/100  691.9s  |  total:  73.3 min  [ 98.0%]
[2026-05-04 21:27:16]   high_sparsity rep  95/100  608.3s  |  total:  73.3 min  [ 98.3%]
[2026-05-04 21:34:02]   high_sparsity rep  96/100  387.0s  |  total:  80.0 min  [ 98.7%]
[2026-05-04 21:34:02]   high_sparsity rep  97/100  405.4s  |  total:  80.0 min  [ 99.0%]
[2026-05-04 21:34:02]   high_sparsity rep  98/100  397.5s  |  total:  80.0 min  [ 99.3%]
[2026-05-04 21:34:02]   high_sparsity rep  99/100  394.8s  |  total:  80.0 min  [ 99.7%]
[2026-05-04 21:34:02]   high_sparsity rep 100/100  390.5s  |  total:  80.0 min  [100.0%]
[2026-05-04 21:34:02]   --> scenario high_sparsity complete in 19.5 min
[2026-05-04 21:34:02] === Full run complete in 80.0 min ===
[2026-05-04 21:34:02] Results: /home/linux02/berserk/gscamm/replication_package/simulations/results/full_metrics.rds
[2026-05-04 21:34:02] Log:     /home/linux02/berserk/gscamm/replication_package/simulations/results/sim_full.log
