[2026-05-04 18:56:28] Cores: 96 physical detected, using 95 (OS: unix)
[2026-05-04 18:56:28] === Full simulation design ===
[2026-05-04 18:56:28] List of 19
[2026-05-04 18:56:28]  $ N             : num 1000
[2026-05-04 18:56:28]  $ V             : num 500
[2026-05-04 18:56:28]  $ K             : num 10
[2026-05-04 18:56:28]  $ P             : num 8
[2026-05-04 18:56:28]  $ R             : int 100
[2026-05-04 18:56:28]  $ scenarios     : chr [1:3] "baseline" "high_covariate" "high_sparsity"
[2026-05-04 18:56:28]  $ links         : Named chr [1:3] "logistic_normal" "dirichlet" "zero_inflated"
[2026-05-04 18:56:28]   ..- attr(*, "names")= chr [1:3] "baseline" "high_covariate" "high_sparsity"
[2026-05-04 18:56:28]  $ boot_B        : int 200
[2026-05-04 18:56:28]  $ boot_type     : chr "basic"
[2026-05-04 18:56:28]  $ noise_augment : logi TRUE
[2026-05-04 18:56:28]  $ noise_scale   : num 2
[2026-05-04 18:56:28]  $ bias_correct  : logi TRUE
[2026-05-04 18:56:28]  $ fit_max_iter  : int 200
[2026-05-04 18:56:28]  $ fit_tol       : num 1e-05
[2026-05-04 18:56:28]  $ boot_max_iter : int 60
[2026-05-04 18:56:28]  $ boot_tol      : num 1e-04
[2026-05-04 18:56:28]  $ use_polish    : logi FALSE
[2026-05-04 18:56:28]  $ sigma2_polish : num 0.25
[2026-05-04 18:56:28]  $ use_stm_random: logi FALSE
[2026-05-04 18:56:28] === Toggles ===
[2026-05-04 18:56:28]   fit_max_iter   = 200
[2026-05-04 18:56:28]   boot_max_iter  = 60
[2026-05-04 18:56:28]   noise_scale    = 2.000
[2026-05-04 18:56:28]   use_polish     = FALSE
[2026-05-04 18:56:28]   sigma2_polish  = 0.250
[2026-05-04 18:56:28]   use_stm_random = FALSE
[2026-05-04 18:56:28] ========== scenario: baseline  [R=100, 95 cores, chunk=95] ==========
[2026-05-04 19:15:27]   baseline rep   1/100  1087.4s  |  total:  19.0 min  [  0.3%]
[2026-05-04 19:15:27]   baseline rep   2/100  993.9s  |  total:  19.0 min  [  0.7%]
[2026-05-04 19:15:27]   baseline rep   3/100  946.0s  |  total:  19.0 min  [  1.0%]
[2026-05-04 19:15:27]   baseline rep   4/100  954.6s  |  total:  19.0 min  [  1.3%]
[2026-05-04 19:15:27]   baseline rep   5/100  1057.9s  |  total:  19.0 min  [  1.7%]
[2026-05-04 19:15:27]   baseline rep   6/100  963.3s  |  total:  19.0 min  [  2.0%]
[2026-05-04 19:15:27]   baseline rep   7/100  1058.7s  |  total:  19.0 min  [  2.3%]
[2026-05-04 19:15:27]   baseline rep   8/100  1039.3s  |  total:  19.0 min  [  2.7%]
[2026-05-04 19:15:27]   baseline rep   9/100  1073.0s  |  total:  19.0 min  [  3.0%]
[2026-05-04 19:15:27]   baseline rep  10/100  1139.5s  |  total:  19.0 min  [  3.3%]
[2026-05-04 19:15:27]   baseline rep  11/100  1074.5s  |  total:  19.0 min  [  3.7%]
[2026-05-04 19:15:27]   baseline rep  12/100  1054.9s  |  total:  19.0 min  [  4.0%]
[2026-05-04 19:15:27]   baseline rep  13/100  1116.1s  |  total:  19.0 min  [  4.3%]
[2026-05-04 19:15:27]   baseline rep  14/100  1056.2s  |  total:  19.0 min  [  4.7%]
[2026-05-04 19:15:27]   baseline rep  15/100  970.9s  |  total:  19.0 min  [  5.0%]
[2026-05-04 19:15:27]   baseline rep  16/100  1084.4s  |  total:  19.0 min  [  5.3%]
[2026-05-04 19:15:27]   baseline rep  17/100  1002.2s  |  total:  19.0 min  [  5.7%]
[2026-05-04 19:15:27]   baseline rep  18/100  1044.7s  |  total:  19.0 min  [  6.0%]
[2026-05-04 19:15:27]   baseline rep  19/100  1016.4s  |  total:  19.0 min  [  6.3%]
[2026-05-04 19:15:27]   baseline rep  20/100  1042.9s  |  total:  19.0 min  [  6.7%]
[2026-05-04 19:15:27]   baseline rep  21/100  1043.6s  |  total:  19.0 min  [  7.0%]
[2026-05-04 19:15:27]   baseline rep  22/100  1101.5s  |  total:  19.0 min  [  7.3%]
[2026-05-04 19:15:27]   baseline rep  23/100  1036.3s  |  total:  19.0 min  [  7.7%]
[2026-05-04 19:15:27]   baseline rep  24/100  1031.1s  |  total:  19.0 min  [  8.0%]
[2026-05-04 19:15:27]   baseline rep  25/100  1075.3s  |  total:  19.0 min  [  8.3%]
[2026-05-04 19:15:27]   baseline rep  26/100  1077.1s  |  total:  19.0 min  [  8.7%]
[2026-05-04 19:15:27]   baseline rep  27/100  1028.0s  |  total:  19.0 min  [  9.0%]
[2026-05-04 19:15:27]   baseline rep  28/100  950.2s  |  total:  19.0 min  [  9.3%]
[2026-05-04 19:15:27]   baseline rep  29/100  993.2s  |  total:  19.0 min  [  9.7%]
[2026-05-04 19:15:27]   baseline rep  30/100  1036.0s  |  total:  19.0 min  [ 10.0%]
[2026-05-04 19:15:27]   baseline rep  31/100  1042.8s  |  total:  19.0 min  [ 10.3%]
[2026-05-04 19:15:27]   baseline rep  32/100  1001.7s  |  total:  19.0 min  [ 10.7%]
[2026-05-04 19:15:27]   baseline rep  33/100  953.1s  |  total:  19.0 min  [ 11.0%]
[2026-05-04 19:15:27]   baseline rep  34/100  923.6s  |  total:  19.0 min  [ 11.3%]
[2026-05-04 19:15:27]   baseline rep  35/100  927.1s  |  total:  19.0 min  [ 11.7%]
[2026-05-04 19:15:27]   baseline rep  36/100  1093.4s  |  total:  19.0 min  [ 12.0%]
[2026-05-04 19:15:27]   baseline rep  37/100  1095.1s  |  total:  19.0 min  [ 12.3%]
[2026-05-04 19:15:27]   baseline rep  38/100  1087.9s  |  total:  19.0 min  [ 12.7%]
[2026-05-04 19:15:27]   baseline rep  39/100  964.3s  |  total:  19.0 min  [ 13.0%]
[2026-05-04 19:15:27]   baseline rep  40/100  1044.2s  |  total:  19.0 min  [ 13.3%]
[2026-05-04 19:15:27]   baseline rep  41/100  1098.5s  |  total:  19.0 min  [ 13.7%]
[2026-05-04 19:15:27]   baseline rep  42/100  1078.6s  |  total:  19.0 min  [ 14.0%]
[2026-05-04 19:15:27]   baseline rep  43/100  1022.5s  |  total:  19.0 min  [ 14.3%]
[2026-05-04 19:15:27]   baseline rep  44/100  1093.4s  |  total:  19.0 min  [ 14.7%]
[2026-05-04 19:15:27]   baseline rep  45/100  975.7s  |  total:  19.0 min  [ 15.0%]
[2026-05-04 19:15:27]   baseline rep  46/100  920.9s  |  total:  19.0 min  [ 15.3%]
[2026-05-04 19:15:27]   baseline rep  47/100  993.9s  |  total:  19.0 min  [ 15.7%]
[2026-05-04 19:15:27]   baseline rep  48/100  1055.9s  |  total:  19.0 min  [ 16.0%]
[2026-05-04 19:15:27]   baseline rep  49/100  1016.9s  |  total:  19.0 min  [ 16.3%]
[2026-05-04 19:15:27]   baseline rep  50/100  1052.4s  |  total:  19.0 min  [ 16.7%]
[2026-05-04 19:15:27]   baseline rep  51/100  997.8s  |  total:  19.0 min  [ 17.0%]
[2026-05-04 19:15:27]   baseline rep  52/100  968.0s  |  total:  19.0 min  [ 17.3%]
[2026-05-04 19:15:27]   baseline rep  53/100  1039.1s  |  total:  19.0 min  [ 17.7%]
[2026-05-04 19:15:27]   baseline rep  54/100  1037.6s  |  total:  19.0 min  [ 18.0%]
[2026-05-04 19:15:27]   baseline rep  55/100  912.1s  |  total:  19.0 min  [ 18.3%]
[2026-05-04 19:15:27]   baseline rep  56/100  979.0s  |  total:  19.0 min  [ 18.7%]
[2026-05-04 19:15:27]   baseline rep  57/100  983.3s  |  total:  19.0 min  [ 19.0%]
[2026-05-04 19:15:27]   baseline rep  58/100  1028.3s  |  total:  19.0 min  [ 19.3%]
[2026-05-04 19:15:27]   baseline rep  59/100  1043.7s  |  total:  19.0 min  [ 19.7%]
[2026-05-04 19:15:27]   baseline rep  60/100  1045.9s  |  total:  19.0 min  [ 20.0%]
[2026-05-04 19:15:27]   baseline rep  61/100  1056.3s  |  total:  19.0 min  [ 20.3%]
[2026-05-04 19:15:27]   baseline rep  62/100  1072.3s  |  total:  19.0 min  [ 20.7%]
[2026-05-04 19:15:27]   baseline rep  63/100  1052.2s  |  total:  19.0 min  [ 21.0%]
[2026-05-04 19:15:27]   baseline rep  64/100  1095.3s  |  total:  19.0 min  [ 21.3%]
[2026-05-04 19:15:27]   baseline rep  65/100  1024.6s  |  total:  19.0 min  [ 21.7%]
[2026-05-04 19:15:27]   baseline rep  66/100  1018.2s  |  total:  19.0 min  [ 22.0%]
[2026-05-04 19:15:27]   baseline rep  67/100  1082.4s  |  total:  19.0 min  [ 22.3%]
[2026-05-04 19:15:27]   baseline rep  68/100  1066.8s  |  total:  19.0 min  [ 22.7%]
[2026-05-04 19:15:27]   baseline rep  69/100  1039.6s  |  total:  19.0 min  [ 23.0%]
[2026-05-04 19:15:27]   baseline rep  70/100  1065.0s  |  total:  19.0 min  [ 23.3%]
[2026-05-04 19:15:27]   baseline rep  71/100  975.3s  |  total:  19.0 min  [ 23.7%]
[2026-05-04 19:15:27]   baseline rep  72/100  1056.7s  |  total:  19.0 min  [ 24.0%]
[2026-05-04 19:15:27]   baseline rep  73/100  1009.7s  |  total:  19.0 min  [ 24.3%]
[2026-05-04 19:15:27]   baseline rep  74/100  1023.9s  |  total:  19.0 min  [ 24.7%]
[2026-05-04 19:15:27]   baseline rep  75/100  1101.7s  |  total:  19.0 min  [ 25.0%]
[2026-05-04 19:15:27]   baseline rep  76/100  942.7s  |  total:  19.0 min  [ 25.3%]
[2026-05-04 19:15:27]   baseline rep  77/100  1064.0s  |  total:  19.0 min  [ 25.7%]
[2026-05-04 19:15:27]   baseline rep  78/100  1018.8s  |  total:  19.0 min  [ 26.0%]
[2026-05-04 19:15:27]   baseline rep  79/100  1014.7s  |  total:  19.0 min  [ 26.3%]
[2026-05-04 19:15:27]   baseline rep  80/100  976.8s  |  total:  19.0 min  [ 26.7%]
[2026-05-04 19:15:27]   baseline rep  81/100  1050.3s  |  total:  19.0 min  [ 27.0%]
[2026-05-04 19:15:27]   baseline rep  82/100  920.7s  |  total:  19.0 min  [ 27.3%]
[2026-05-04 19:15:27]   baseline rep  83/100  888.3s  |  total:  19.0 min  [ 27.7%]
[2026-05-04 19:15:27]   baseline rep  84/100  1070.3s  |  total:  19.0 min  [ 28.0%]
[2026-05-04 19:15:27]   baseline rep  85/100  963.4s  |  total:  19.0 min  [ 28.3%]
[2026-05-04 19:15:27]   baseline rep  86/100  1124.4s  |  total:  19.0 min  [ 28.7%]
[2026-05-04 19:15:27]   baseline rep  87/100  1038.9s  |  total:  19.0 min  [ 29.0%]
[2026-05-04 19:15:27]   baseline rep  88/100  1045.7s  |  total:  19.0 min  [ 29.3%]
[2026-05-04 19:15:27]   baseline rep  89/100  969.1s  |  total:  19.0 min  [ 29.7%]
[2026-05-04 19:15:27]   baseline rep  90/100  1017.8s  |  total:  19.0 min  [ 30.0%]
[2026-05-04 19:15:27]   baseline rep  91/100  987.7s  |  total:  19.0 min  [ 30.3%]
[2026-05-04 19:15:27]   baseline rep  92/100  1001.5s  |  total:  19.0 min  [ 30.7%]
[2026-05-04 19:15:27]   baseline rep  93/100  998.1s  |  total:  19.0 min  [ 31.0%]
[2026-05-04 19:15:27]   baseline rep  94/100  1078.9s  |  total:  19.0 min  [ 31.3%]
[2026-05-04 19:15:27]   baseline rep  95/100  1125.4s  |  total:  19.0 min  [ 31.7%]
[2026-05-04 19:25:50]   baseline rep  96/100  622.1s  |  total:  29.4 min  [ 32.0%]
[2026-05-04 19:25:50]   baseline rep  97/100  621.9s  |  total:  29.4 min  [ 32.3%]
[2026-05-04 19:25:50]   baseline rep  98/100  597.2s  |  total:  29.4 min  [ 32.7%]
[2026-05-04 19:25:50]   baseline rep  99/100  618.3s  |  total:  29.4 min  [ 33.0%]
[2026-05-04 19:25:50]   baseline rep 100/100  599.6s  |  total:  29.4 min  [ 33.3%]
[2026-05-04 19:25:50]   --> scenario baseline complete in 29.4 min
[2026-05-04 19:25:50] ========== scenario: high_covariate  [R=100, 95 cores, chunk=95] ==========
[2026-05-04 19:44:46]   high_covariate rep   1/100  1013.9s  |  total:  48.3 min  [ 33.7%]
[2026-05-04 19:44:46]   high_covariate rep   2/100  1009.2s  |  total:  48.3 min  [ 34.0%]
[2026-05-04 19:44:46]   high_covariate rep   3/100  1074.9s  |  total:  48.3 min  [ 34.3%]
[2026-05-04 19:44:46]   high_covariate rep   4/100  1051.9s  |  total:  48.3 min  [ 34.7%]
[2026-05-04 19:44:46]   high_covariate rep   5/100  983.6s  |  total:  48.3 min  [ 35.0%]
[2026-05-04 19:44:46]   high_covariate rep   6/100  1071.3s  |  total:  48.3 min  [ 35.3%]
[2026-05-04 19:44:46]   high_covariate rep   7/100  1012.5s  |  total:  48.3 min  [ 35.7%]
[2026-05-04 19:44:46]   high_covariate rep   8/100  1046.5s  |  total:  48.3 min  [ 36.0%]
[2026-05-04 19:44:46]   high_covariate rep   9/100  1012.4s  |  total:  48.3 min  [ 36.3%]
[2026-05-04 19:44:46]   high_covariate rep  10/100  981.0s  |  total:  48.3 min  [ 36.7%]
[2026-05-04 19:44:46]   high_covariate rep  11/100  1100.4s  |  total:  48.3 min  [ 37.0%]
[2026-05-04 19:44:46]   high_covariate rep  12/100  1018.0s  |  total:  48.3 min  [ 37.3%]
[2026-05-04 19:44:46]   high_covariate rep  13/100  1013.0s  |  total:  48.3 min  [ 37.7%]
[2026-05-04 19:44:46]   high_covariate rep  14/100  976.3s  |  total:  48.3 min  [ 38.0%]
[2026-05-04 19:44:46]   high_covariate rep  15/100  1034.4s  |  total:  48.3 min  [ 38.3%]
[2026-05-04 19:44:46]   high_covariate rep  16/100  913.0s  |  total:  48.3 min  [ 38.7%]
[2026-05-04 19:44:46]   high_covariate rep  17/100  1064.1s  |  total:  48.3 min  [ 39.0%]
[2026-05-04 19:44:46]   high_covariate rep  18/100  911.6s  |  total:  48.3 min  [ 39.3%]
[2026-05-04 19:44:46]   high_covariate rep  19/100  1037.6s  |  total:  48.3 min  [ 39.7%]
[2026-05-04 19:44:46]   high_covariate rep  20/100  1040.7s  |  total:  48.3 min  [ 40.0%]
[2026-05-04 19:44:46]   high_covariate rep  21/100  1060.9s  |  total:  48.3 min  [ 40.3%]
[2026-05-04 19:44:46]   high_covariate rep  22/100  959.1s  |  total:  48.3 min  [ 40.7%]
[2026-05-04 19:44:46]   high_covariate rep  23/100  1005.6s  |  total:  48.3 min  [ 41.0%]
[2026-05-04 19:44:46]   high_covariate rep  24/100  986.0s  |  total:  48.3 min  [ 41.3%]
[2026-05-04 19:44:46]   high_covariate rep  25/100  1037.5s  |  total:  48.3 min  [ 41.7%]
[2026-05-04 19:44:46]   high_covariate rep  26/100  1102.6s  |  total:  48.3 min  [ 42.0%]
[2026-05-04 19:44:46]   high_covariate rep  27/100  1079.1s  |  total:  48.3 min  [ 42.3%]
[2026-05-04 19:44:46]   high_covariate rep  28/100  853.8s  |  total:  48.3 min  [ 42.7%]
[2026-05-04 19:44:46]   high_covariate rep  29/100  958.8s  |  total:  48.3 min  [ 43.0%]
[2026-05-04 19:44:46]   high_covariate rep  30/100  1086.8s  |  total:  48.3 min  [ 43.3%]
[2026-05-04 19:44:46]   high_covariate rep  31/100  1013.3s  |  total:  48.3 min  [ 43.7%]
[2026-05-04 19:44:46]   high_covariate rep  32/100  865.6s  |  total:  48.3 min  [ 44.0%]
[2026-05-04 19:44:46]   high_covariate rep  33/100  1078.9s  |  total:  48.3 min  [ 44.3%]
[2026-05-04 19:44:46]   high_covariate rep  34/100  1028.7s  |  total:  48.3 min  [ 44.7%]
[2026-05-04 19:44:46]   high_covariate rep  35/100  984.8s  |  total:  48.3 min  [ 45.0%]
[2026-05-04 19:44:46]   high_covariate rep  36/100  1066.4s  |  total:  48.3 min  [ 45.3%]
[2026-05-04 19:44:46]   high_covariate rep  37/100  1007.4s  |  total:  48.3 min  [ 45.7%]
[2026-05-04 19:44:46]   high_covariate rep  38/100  895.5s  |  total:  48.3 min  [ 46.0%]
[2026-05-04 19:44:46]   high_covariate rep  39/100  977.7s  |  total:  48.3 min  [ 46.3%]
[2026-05-04 19:44:46]   high_covariate rep  40/100  1047.8s  |  total:  48.3 min  [ 46.7%]
[2026-05-04 19:44:46]   high_covariate rep  41/100  975.3s  |  total:  48.3 min  [ 47.0%]
[2026-05-04 19:44:46]   high_covariate rep  42/100  1030.0s  |  total:  48.3 min  [ 47.3%]
[2026-05-04 19:44:46]   high_covariate rep  43/100  980.8s  |  total:  48.3 min  [ 47.7%]
[2026-05-04 19:44:46]   high_covariate rep  44/100  1085.8s  |  total:  48.3 min  [ 48.0%]
[2026-05-04 19:44:46]   high_covariate rep  45/100  959.4s  |  total:  48.3 min  [ 48.3%]
[2026-05-04 19:44:46]   high_covariate rep  46/100  1039.6s  |  total:  48.3 min  [ 48.7%]
[2026-05-04 19:44:46]   high_covariate rep  47/100  948.9s  |  total:  48.3 min  [ 49.0%]
[2026-05-04 19:44:46]   high_covariate rep  48/100  1012.8s  |  total:  48.3 min  [ 49.3%]
[2026-05-04 19:44:46]   high_covariate rep  49/100  1061.6s  |  total:  48.3 min  [ 49.7%]
[2026-05-04 19:44:46]   high_covariate rep  50/100  979.2s  |  total:  48.3 min  [ 50.0%]
[2026-05-04 19:44:46]   high_covariate rep  51/100  934.2s  |  total:  48.3 min  [ 50.3%]
[2026-05-04 19:44:46]   high_covariate rep  52/100  906.0s  |  total:  48.3 min  [ 50.7%]
[2026-05-04 19:44:46]   high_covariate rep  53/100  1066.7s  |  total:  48.3 min  [ 51.0%]
[2026-05-04 19:44:46]   high_covariate rep  54/100  1112.5s  |  total:  48.3 min  [ 51.3%]
[2026-05-04 19:44:46]   high_covariate rep  55/100  1019.5s  |  total:  48.3 min  [ 51.7%]
[2026-05-04 19:44:46]   high_covariate rep  56/100  927.3s  |  total:  48.3 min  [ 52.0%]
[2026-05-04 19:44:46]   high_covariate rep  57/100  1023.3s  |  total:  48.3 min  [ 52.3%]
[2026-05-04 19:44:46]   high_covariate rep  58/100  1013.9s  |  total:  48.3 min  [ 52.7%]
[2026-05-04 19:44:46]   high_covariate rep  59/100  1048.5s  |  total:  48.3 min  [ 53.0%]
[2026-05-04 19:44:46]   high_covariate rep  60/100  1097.3s  |  total:  48.3 min  [ 53.3%]
[2026-05-04 19:44:46]   high_covariate rep  61/100  1052.6s  |  total:  48.3 min  [ 53.7%]
[2026-05-04 19:44:46]   high_covariate rep  62/100  1047.6s  |  total:  48.3 min  [ 54.0%]
[2026-05-04 19:44:46]   high_covariate rep  63/100  1039.5s  |  total:  48.3 min  [ 54.3%]
[2026-05-04 19:44:46]   high_covariate rep  64/100  1097.4s  |  total:  48.3 min  [ 54.7%]
[2026-05-04 19:44:46]   high_covariate rep  65/100  1093.8s  |  total:  48.3 min  [ 55.0%]
[2026-05-04 19:44:46]   high_covariate rep  66/100  1010.0s  |  total:  48.3 min  [ 55.3%]
[2026-05-04 19:44:46]   high_covariate rep  67/100  1027.2s  |  total:  48.3 min  [ 55.7%]
[2026-05-04 19:44:46]   high_covariate rep  68/100  1018.5s  |  total:  48.3 min  [ 56.0%]
[2026-05-04 19:44:46]   high_covariate rep  69/100  1003.0s  |  total:  48.3 min  [ 56.3%]
[2026-05-04 19:44:46]   high_covariate rep  70/100  955.9s  |  total:  48.3 min  [ 56.7%]
[2026-05-04 19:44:46]   high_covariate rep  71/100  987.2s  |  total:  48.3 min  [ 57.0%]
[2026-05-04 19:44:46]   high_covariate rep  72/100  1135.8s  |  total:  48.3 min  [ 57.3%]
[2026-05-04 19:44:46]   high_covariate rep  73/100  1082.9s  |  total:  48.3 min  [ 57.7%]
[2026-05-04 19:44:46]   high_covariate rep  74/100  1020.7s  |  total:  48.3 min  [ 58.0%]
[2026-05-04 19:44:46]   high_covariate rep  75/100  1132.3s  |  total:  48.3 min  [ 58.3%]
[2026-05-04 19:44:46]   high_covariate rep  76/100  1062.2s  |  total:  48.3 min  [ 58.7%]
[2026-05-04 19:44:46]   high_covariate rep  77/100  1076.3s  |  total:  48.3 min  [ 59.0%]
[2026-05-04 19:44:46]   high_covariate rep  78/100  993.5s  |  total:  48.3 min  [ 59.3%]
[2026-05-04 19:44:46]   high_covariate rep  79/100  1008.2s  |  total:  48.3 min  [ 59.7%]
[2026-05-04 19:44:46]   high_covariate rep  80/100  995.3s  |  total:  48.3 min  [ 60.0%]
[2026-05-04 19:44:46]   high_covariate rep  81/100  1057.3s  |  total:  48.3 min  [ 60.3%]
[2026-05-04 19:44:46]   high_covariate rep  82/100  1006.9s  |  total:  48.3 min  [ 60.7%]
[2026-05-04 19:44:46]   high_covariate rep  83/100  1026.6s  |  total:  48.3 min  [ 61.0%]
[2026-05-04 19:44:46]   high_covariate rep  84/100  1068.3s  |  total:  48.3 min  [ 61.3%]
[2026-05-04 19:44:46]   high_covariate rep  85/100  1021.6s  |  total:  48.3 min  [ 61.7%]
[2026-05-04 19:44:46]   high_covariate rep  86/100  1013.8s  |  total:  48.3 min  [ 62.0%]
[2026-05-04 19:44:46]   high_covariate rep  87/100  1054.5s  |  total:  48.3 min  [ 62.3%]
[2026-05-04 19:44:46]   high_covariate rep  88/100  1050.3s  |  total:  48.3 min  [ 62.7%]
[2026-05-04 19:44:46]   high_covariate rep  89/100  1007.1s  |  total:  48.3 min  [ 63.0%]
[2026-05-04 19:44:46]   high_covariate rep  90/100  1070.5s  |  total:  48.3 min  [ 63.3%]
[2026-05-04 19:44:46]   high_covariate rep  91/100  1056.2s  |  total:  48.3 min  [ 63.7%]
[2026-05-04 19:44:46]   high_covariate rep  92/100  1081.4s  |  total:  48.3 min  [ 64.0%]
[2026-05-04 19:44:46]   high_covariate rep  93/100  1035.8s  |  total:  48.3 min  [ 64.3%]
[2026-05-04 19:44:46]   high_covariate rep  94/100  1029.4s  |  total:  48.3 min  [ 64.7%]
[2026-05-04 19:44:46]   high_covariate rep  95/100  1065.1s  |  total:  48.3 min  [ 65.0%]
[2026-05-04 19:54:56]   high_covariate rep  96/100  610.4s  |  total:  58.5 min  [ 65.3%]
[2026-05-04 19:54:56]   high_covariate rep  97/100  608.4s  |  total:  58.5 min  [ 65.7%]
[2026-05-04 19:54:56]   high_covariate rep  98/100  609.3s  |  total:  58.5 min  [ 66.0%]
[2026-05-04 19:54:56]   high_covariate rep  99/100  606.9s  |  total:  58.5 min  [ 66.3%]
[2026-05-04 19:54:56]   high_covariate rep 100/100  603.1s  |  total:  58.5 min  [ 66.7%]
[2026-05-04 19:54:56]   --> scenario high_covariate complete in 29.1 min
[2026-05-04 19:54:56] ========== scenario: high_sparsity  [R=100, 95 cores, chunk=95] ==========
[2026-05-04 20:07:18]   high_sparsity rep   1/100  540.3s  |  total:  70.8 min  [ 67.0%]
[2026-05-04 20:07:18]   high_sparsity rep   2/100  681.0s  |  total:  70.8 min  [ 67.3%]
[2026-05-04 20:07:18]   high_sparsity rep   3/100  670.3s  |  total:  70.8 min  [ 67.7%]
[2026-05-04 20:07:18]   high_sparsity rep   4/100  588.5s  |  total:  70.8 min  [ 68.0%]
[2026-05-04 20:07:18]   high_sparsity rep   5/100  685.9s  |  total:  70.8 min  [ 68.3%]
[2026-05-04 20:07:18]   high_sparsity rep   6/100  671.9s  |  total:  70.8 min  [ 68.7%]
[2026-05-04 20:07:18]   high_sparsity rep   7/100  655.9s  |  total:  70.8 min  [ 69.0%]
[2026-05-04 20:07:18]   high_sparsity rep   8/100  627.1s  |  total:  70.8 min  [ 69.3%]
[2026-05-04 20:07:18]   high_sparsity rep   9/100  660.0s  |  total:  70.8 min  [ 69.7%]
[2026-05-04 20:07:18]   high_sparsity rep  10/100  616.1s  |  total:  70.8 min  [ 70.0%]
[2026-05-04 20:07:18]   high_sparsity rep  11/100  577.6s  |  total:  70.8 min  [ 70.3%]
[2026-05-04 20:07:18]   high_sparsity rep  12/100  710.2s  |  total:  70.8 min  [ 70.7%]
[2026-05-04 20:07:18]   high_sparsity rep  13/100  681.3s  |  total:  70.8 min  [ 71.0%]
[2026-05-04 20:07:18]   high_sparsity rep  14/100  649.2s  |  total:  70.8 min  [ 71.3%]
[2026-05-04 20:07:18]   high_sparsity rep  15/100  580.3s  |  total:  70.8 min  [ 71.7%]
[2026-05-04 20:07:18]   high_sparsity rep  16/100  688.0s  |  total:  70.8 min  [ 72.0%]
[2026-05-04 20:07:18]   high_sparsity rep  17/100  597.3s  |  total:  70.8 min  [ 72.3%]
[2026-05-04 20:07:18]   high_sparsity rep  18/100  723.4s  |  total:  70.8 min  [ 72.7%]
[2026-05-04 20:07:18]   high_sparsity rep  19/100  674.1s  |  total:  70.8 min  [ 73.0%]
[2026-05-04 20:07:18]   high_sparsity rep  20/100  657.6s  |  total:  70.8 min  [ 73.3%]
[2026-05-04 20:07:18]   high_sparsity rep  21/100  652.6s  |  total:  70.8 min  [ 73.7%]
[2026-05-04 20:07:18]   high_sparsity rep  22/100  726.8s  |  total:  70.8 min  [ 74.0%]
[2026-05-04 20:07:18]   high_sparsity rep  23/100  644.6s  |  total:  70.8 min  [ 74.3%]
[2026-05-04 20:07:18]   high_sparsity rep  24/100  675.1s  |  total:  70.8 min  [ 74.7%]
[2026-05-04 20:07:18]   high_sparsity rep  25/100  684.3s  |  total:  70.8 min  [ 75.0%]
[2026-05-04 20:07:18]   high_sparsity rep  26/100  590.7s  |  total:  70.8 min  [ 75.3%]
[2026-05-04 20:07:18]   high_sparsity rep  27/100  657.9s  |  total:  70.8 min  [ 75.7%]
[2026-05-04 20:07:18]   high_sparsity rep  28/100  611.8s  |  total:  70.8 min  [ 76.0%]
[2026-05-04 20:07:18]   high_sparsity rep  29/100  622.5s  |  total:  70.8 min  [ 76.3%]
[2026-05-04 20:07:18]   high_sparsity rep  30/100  676.0s  |  total:  70.8 min  [ 76.7%]
[2026-05-04 20:07:18]   high_sparsity rep  31/100  650.1s  |  total:  70.8 min  [ 77.0%]
[2026-05-04 20:07:18]   high_sparsity rep  32/100  693.2s  |  total:  70.8 min  [ 77.3%]
[2026-05-04 20:07:18]   high_sparsity rep  33/100  680.3s  |  total:  70.8 min  [ 77.7%]
[2026-05-04 20:07:18]   high_sparsity rep  34/100  679.6s  |  total:  70.8 min  [ 78.0%]
[2026-05-04 20:07:18]   high_sparsity rep  35/100  664.9s  |  total:  70.8 min  [ 78.3%]
[2026-05-04 20:07:18]   high_sparsity rep  36/100  626.9s  |  total:  70.8 min  [ 78.7%]
[2026-05-04 20:07:18]   high_sparsity rep  37/100  673.5s  |  total:  70.8 min  [ 79.0%]
[2026-05-04 20:07:18]   high_sparsity rep  38/100  692.9s  |  total:  70.8 min  [ 79.3%]
[2026-05-04 20:07:18]   high_sparsity rep  39/100  659.7s  |  total:  70.8 min  [ 79.7%]
[2026-05-04 20:07:18]   high_sparsity rep  40/100  636.1s  |  total:  70.8 min  [ 80.0%]
[2026-05-04 20:07:18]   high_sparsity rep  41/100  659.8s  |  total:  70.8 min  [ 80.3%]
[2026-05-04 20:07:18]   high_sparsity rep  42/100  555.0s  |  total:  70.8 min  [ 80.7%]
[2026-05-04 20:07:18]   high_sparsity rep  43/100  688.3s  |  total:  70.8 min  [ 81.0%]
[2026-05-04 20:07:18]   high_sparsity rep  44/100  634.4s  |  total:  70.8 min  [ 81.3%]
[2026-05-04 20:07:18]   high_sparsity rep  45/100  680.3s  |  total:  70.8 min  [ 81.7%]
[2026-05-04 20:07:18]   high_sparsity rep  46/100  698.8s  |  total:  70.8 min  [ 82.0%]
[2026-05-04 20:07:18]   high_sparsity rep  47/100  637.7s  |  total:  70.8 min  [ 82.3%]
[2026-05-04 20:07:18]   high_sparsity rep  48/100  656.3s  |  total:  70.8 min  [ 82.7%]
[2026-05-04 20:07:18]   high_sparsity rep  49/100  672.5s  |  total:  70.8 min  [ 83.0%]
[2026-05-04 20:07:18]   high_sparsity rep  50/100  668.9s  |  total:  70.8 min  [ 83.3%]
[2026-05-04 20:07:18]   high_sparsity rep  51/100  664.0s  |  total:  70.8 min  [ 83.7%]
[2026-05-04 20:07:18]   high_sparsity rep  52/100  691.7s  |  total:  70.8 min  [ 84.0%]
[2026-05-04 20:07:18]   high_sparsity rep  53/100  674.3s  |  total:  70.8 min  [ 84.3%]
[2026-05-04 20:07:18]   high_sparsity rep  54/100  712.5s  |  total:  70.8 min  [ 84.7%]
[2026-05-04 20:07:18]   high_sparsity rep  55/100  668.1s  |  total:  70.8 min  [ 85.0%]
[2026-05-04 20:07:18]   high_sparsity rep  56/100  698.9s  |  total:  70.8 min  [ 85.3%]
[2026-05-04 20:07:18]   high_sparsity rep  57/100  668.6s  |  total:  70.8 min  [ 85.7%]
[2026-05-04 20:07:18]   high_sparsity rep  58/100  685.8s  |  total:  70.8 min  [ 86.0%]
[2026-05-04 20:07:18]   high_sparsity rep  59/100  701.4s  |  total:  70.8 min  [ 86.3%]
[2026-05-04 20:07:18]   high_sparsity rep  60/100  666.2s  |  total:  70.8 min  [ 86.7%]
[2026-05-04 20:07:18]   high_sparsity rep  61/100  601.0s  |  total:  70.8 min  [ 87.0%]
[2026-05-04 20:07:18]   high_sparsity rep  62/100  709.8s  |  total:  70.8 min  [ 87.3%]
[2026-05-04 20:07:18]   high_sparsity rep  63/100  676.0s  |  total:  70.8 min  [ 87.7%]
[2026-05-04 20:07:18]   high_sparsity rep  64/100  616.9s  |  total:  70.8 min  [ 88.0%]
[2026-05-04 20:07:18]   high_sparsity rep  65/100  692.5s  |  total:  70.8 min  [ 88.3%]
[2026-05-04 20:07:18]   high_sparsity rep  66/100  687.3s  |  total:  70.8 min  [ 88.7%]
[2026-05-04 20:07:18]   high_sparsity rep  67/100  711.0s  |  total:  70.8 min  [ 89.0%]
[2026-05-04 20:07:18]   high_sparsity rep  68/100  713.5s  |  total:  70.8 min  [ 89.3%]
[2026-05-04 20:07:18]   high_sparsity rep  69/100  691.0s  |  total:  70.8 min  [ 89.7%]
[2026-05-04 20:07:18]   high_sparsity rep  70/100  676.0s  |  total:  70.8 min  [ 90.0%]
[2026-05-04 20:07:18]   high_sparsity rep  71/100  681.9s  |  total:  70.8 min  [ 90.3%]
[2026-05-04 20:07:18]   high_sparsity rep  72/100  701.0s  |  total:  70.8 min  [ 90.7%]
[2026-05-04 20:07:18]   high_sparsity rep  73/100  687.0s  |  total:  70.8 min  [ 91.0%]
[2026-05-04 20:07:18]   high_sparsity rep  74/100  615.5s  |  total:  70.8 min  [ 91.3%]
[2026-05-04 20:07:18]   high_sparsity rep  75/100  657.6s  |  total:  70.8 min  [ 91.7%]
[2026-05-04 20:07:18]   high_sparsity rep  76/100  677.4s  |  total:  70.8 min  [ 92.0%]
[2026-05-04 20:07:18]   high_sparsity rep  77/100  635.3s  |  total:  70.8 min  [ 92.3%]
[2026-05-04 20:07:18]   high_sparsity rep  78/100  661.5s  |  total:  70.8 min  [ 92.7%]
[2026-05-04 20:07:18]   high_sparsity rep  79/100  709.8s  |  total:  70.8 min  [ 93.0%]
[2026-05-04 20:07:18]   high_sparsity rep  80/100  594.7s  |  total:  70.8 min  [ 93.3%]
[2026-05-04 20:07:18]   high_sparsity rep  81/100  619.8s  |  total:  70.8 min  [ 93.7%]
[2026-05-04 20:07:18]   high_sparsity rep  82/100  621.9s  |  total:  70.8 min  [ 94.0%]
[2026-05-04 20:07:18]   high_sparsity rep  83/100  613.7s  |  total:  70.8 min  [ 94.3%]
[2026-05-04 20:07:18]   high_sparsity rep  84/100  725.3s  |  total:  70.8 min  [ 94.7%]
[2026-05-04 20:07:18]   high_sparsity rep  85/100  685.9s  |  total:  70.8 min  [ 95.0%]
[2026-05-04 20:07:18]   high_sparsity rep  86/100  741.4s  |  total:  70.8 min  [ 95.3%]
[2026-05-04 20:07:18]   high_sparsity rep  87/100  682.3s  |  total:  70.8 min  [ 95.7%]
[2026-05-04 20:07:18]   high_sparsity rep  88/100  693.1s  |  total:  70.8 min  [ 96.0%]
[2026-05-04 20:07:18]   high_sparsity rep  89/100  687.2s  |  total:  70.8 min  [ 96.3%]
[2026-05-04 20:07:18]   high_sparsity rep  90/100  688.8s  |  total:  70.8 min  [ 96.7%]
[2026-05-04 20:07:18]   high_sparsity rep  91/100  685.9s  |  total:  70.8 min  [ 97.0%]
[2026-05-04 20:07:18]   high_sparsity rep  92/100  652.5s  |  total:  70.8 min  [ 97.3%]
[2026-05-04 20:07:18]   high_sparsity rep  93/100  714.7s  |  total:  70.8 min  [ 97.7%]
[2026-05-04 20:07:18]   high_sparsity rep  94/100  652.3s  |  total:  70.8 min  [ 98.0%]
[2026-05-04 20:07:18]   high_sparsity rep  95/100  647.1s  |  total:  70.8 min  [ 98.3%]
[2026-05-04 20:14:00]   high_sparsity rep  96/100  385.7s  |  total:  77.5 min  [ 98.7%]
[2026-05-04 20:14:00]   high_sparsity rep  97/100  401.7s  |  total:  77.5 min  [ 99.0%]
[2026-05-04 20:14:00]   high_sparsity rep  98/100  383.3s  |  total:  77.5 min  [ 99.3%]
[2026-05-04 20:14:00]   high_sparsity rep  99/100  391.8s  |  total:  77.5 min  [ 99.7%]
[2026-05-04 20:14:00]   high_sparsity rep 100/100  378.1s  |  total:  77.5 min  [100.0%]
[2026-05-04 20:14:00]   --> scenario high_sparsity complete in 19.1 min
[2026-05-04 20:14:00] === Full run complete in 77.5 min ===
[2026-05-04 20:14:00] Results: /home/linux02/berserk/gscamm/replication_package/simulations/results/full_metrics.rds
[2026-05-04 20:14:00] Log:     /home/linux02/berserk/gscamm/replication_package/simulations/results/sim_full.log
