[2026-05-04 22:54:43] Cores: 96 physical detected, using 95 (OS: unix)
[2026-05-04 22:54:43] === Full simulation design ===
[2026-05-04 22:54:43] List of 19
[2026-05-04 22:54:43]  $ N             : num 1000
[2026-05-04 22:54:43]  $ V             : num 500
[2026-05-04 22:54:43]  $ K             : num 10
[2026-05-04 22:54:43]  $ P             : num 8
[2026-05-04 22:54:43]  $ R             : int 100
[2026-05-04 22:54:43]  $ scenarios     : chr [1:3] "baseline" "high_covariate" "high_sparsity"
[2026-05-04 22:54:43]  $ links         : Named chr [1:3] "logistic_normal" "dirichlet" "zero_inflated"
[2026-05-04 22:54:43]   ..- attr(*, "names")= chr [1:3] "baseline" "high_covariate" "high_sparsity"
[2026-05-04 22:54:43]  $ boot_B        : int 200
[2026-05-04 22:54:43]  $ boot_type     : chr "basic"
[2026-05-04 22:54:43]  $ noise_augment : logi TRUE
[2026-05-04 22:54:43]  $ noise_scale   : num 1
[2026-05-04 22:54:43]  $ bias_correct  : logi TRUE
[2026-05-04 22:54:43]  $ fit_max_iter  : int 200
[2026-05-04 22:54:43]  $ fit_tol       : num 1e-05
[2026-05-04 22:54:43]  $ boot_max_iter : int 60
[2026-05-04 22:54:43]  $ boot_tol      : num 1e-04
[2026-05-04 22:54:43]  $ use_polish    : logi TRUE
[2026-05-04 22:54:43]  $ sigma2_polish : num 0.25
[2026-05-04 22:54:43]  $ use_stm_random: logi TRUE
[2026-05-04 22:54:43] === Toggles ===
[2026-05-04 22:54:43]   fit_max_iter   = 200
[2026-05-04 22:54:43]   boot_max_iter  = 60
[2026-05-04 22:54:43]   noise_scale    = 1.000
[2026-05-04 22:54:43]   use_polish     = TRUE
[2026-05-04 22:54:43]   sigma2_polish  = 0.250
[2026-05-04 22:54:43]   use_stm_random = TRUE
[2026-05-04 22:54:43] ========== scenario: baseline  [R=100, 95 cores, chunk=95] ==========
[2026-05-04 23:14:38]   baseline rep   1/100  1089.0s  |  total:  19.9 min  [  0.3%]
[2026-05-04 23:14:38]   baseline rep   2/100  1092.6s  |  total:  19.9 min  [  0.7%]
[2026-05-04 23:14:38]   baseline rep   3/100  1154.6s  |  total:  19.9 min  [  1.0%]
[2026-05-04 23:14:38]   baseline rep   4/100  968.8s  |  total:  19.9 min  [  1.3%]
[2026-05-04 23:14:38]   baseline rep   5/100  967.6s  |  total:  19.9 min  [  1.7%]
[2026-05-04 23:14:38]   baseline rep   6/100  1126.6s  |  total:  19.9 min  [  2.0%]
[2026-05-04 23:14:38]   baseline rep   7/100  1088.1s  |  total:  19.9 min  [  2.3%]
[2026-05-04 23:14:38]   baseline rep   8/100  1082.5s  |  total:  19.9 min  [  2.7%]
[2026-05-04 23:14:38]   baseline rep   9/100  1134.0s  |  total:  19.9 min  [  3.0%]
[2026-05-04 23:14:38]   baseline rep  10/100  1025.2s  |  total:  19.9 min  [  3.3%]
[2026-05-04 23:14:38]   baseline rep  11/100  1103.4s  |  total:  19.9 min  [  3.7%]
[2026-05-04 23:14:38]   baseline rep  12/100  1072.3s  |  total:  19.9 min  [  4.0%]
[2026-05-04 23:14:38]   baseline rep  13/100  1151.7s  |  total:  19.9 min  [  4.3%]
[2026-05-04 23:14:38]   baseline rep  14/100  1056.2s  |  total:  19.9 min  [  4.7%]
[2026-05-04 23:14:38]   baseline rep  15/100  1030.5s  |  total:  19.9 min  [  5.0%]
[2026-05-04 23:14:38]   baseline rep  16/100  1051.1s  |  total:  19.9 min  [  5.3%]
[2026-05-04 23:14:38]   baseline rep  17/100  1133.5s  |  total:  19.9 min  [  5.7%]
[2026-05-04 23:14:38]   baseline rep  18/100  1055.2s  |  total:  19.9 min  [  6.0%]
[2026-05-04 23:14:38]   baseline rep  19/100  1122.0s  |  total:  19.9 min  [  6.3%]
[2026-05-04 23:14:38]   baseline rep  20/100  1002.2s  |  total:  19.9 min  [  6.7%]
[2026-05-04 23:14:38]   baseline rep  21/100  903.8s  |  total:  19.9 min  [  7.0%]
[2026-05-04 23:14:38]   baseline rep  22/100  1002.4s  |  total:  19.9 min  [  7.3%]
[2026-05-04 23:14:38]   baseline rep  23/100  973.7s  |  total:  19.9 min  [  7.7%]
[2026-05-04 23:14:38]   baseline rep  24/100  1131.0s  |  total:  19.9 min  [  8.0%]
[2026-05-04 23:14:38]   baseline rep  25/100  1159.7s  |  total:  19.9 min  [  8.3%]
[2026-05-04 23:14:38]   baseline rep  26/100  1040.9s  |  total:  19.9 min  [  8.7%]
[2026-05-04 23:14:38]   baseline rep  27/100  1094.6s  |  total:  19.9 min  [  9.0%]
[2026-05-04 23:14:38]   baseline rep  28/100  1069.1s  |  total:  19.9 min  [  9.3%]
[2026-05-04 23:14:38]   baseline rep  29/100  1113.9s  |  total:  19.9 min  [  9.7%]
[2026-05-04 23:14:38]   baseline rep  30/100  1062.5s  |  total:  19.9 min  [ 10.0%]
[2026-05-04 23:14:38]   baseline rep  31/100  1112.0s  |  total:  19.9 min  [ 10.3%]
[2026-05-04 23:14:38]   baseline rep  32/100  1014.7s  |  total:  19.9 min  [ 10.7%]
[2026-05-04 23:14:38]   baseline rep  33/100  1031.3s  |  total:  19.9 min  [ 11.0%]
[2026-05-04 23:14:38]   baseline rep  34/100  1101.9s  |  total:  19.9 min  [ 11.3%]
[2026-05-04 23:14:38]   baseline rep  35/100  1109.3s  |  total:  19.9 min  [ 11.7%]
[2026-05-04 23:14:38]   baseline rep  36/100  1055.0s  |  total:  19.9 min  [ 12.0%]
[2026-05-04 23:14:38]   baseline rep  37/100  1096.5s  |  total:  19.9 min  [ 12.3%]
[2026-05-04 23:14:38]   baseline rep  38/100  1059.6s  |  total:  19.9 min  [ 12.7%]
[2026-05-04 23:14:38]   baseline rep  39/100  1128.7s  |  total:  19.9 min  [ 13.0%]
[2026-05-04 23:14:38]   baseline rep  40/100  1079.7s  |  total:  19.9 min  [ 13.3%]
[2026-05-04 23:14:38]   baseline rep  41/100  1163.1s  |  total:  19.9 min  [ 13.7%]
[2026-05-04 23:14:38]   baseline rep  42/100  1097.9s  |  total:  19.9 min  [ 14.0%]
[2026-05-04 23:14:38]   baseline rep  43/100  1028.8s  |  total:  19.9 min  [ 14.3%]
[2026-05-04 23:14:38]   baseline rep  44/100  1101.1s  |  total:  19.9 min  [ 14.7%]
[2026-05-04 23:14:38]   baseline rep  45/100  1132.4s  |  total:  19.9 min  [ 15.0%]
[2026-05-04 23:14:38]   baseline rep  46/100  996.0s  |  total:  19.9 min  [ 15.3%]
[2026-05-04 23:14:38]   baseline rep  47/100  1033.7s  |  total:  19.9 min  [ 15.7%]
[2026-05-04 23:14:38]   baseline rep  48/100  1100.0s  |  total:  19.9 min  [ 16.0%]
[2026-05-04 23:14:38]   baseline rep  49/100  959.2s  |  total:  19.9 min  [ 16.3%]
[2026-05-04 23:14:38]   baseline rep  50/100  1119.6s  |  total:  19.9 min  [ 16.7%]
[2026-05-04 23:14:38]   baseline rep  51/100  1101.9s  |  total:  19.9 min  [ 17.0%]
[2026-05-04 23:14:38]   baseline rep  52/100  1047.8s  |  total:  19.9 min  [ 17.3%]
[2026-05-04 23:14:38]   baseline rep  53/100  1091.8s  |  total:  19.9 min  [ 17.7%]
[2026-05-04 23:14:38]   baseline rep  54/100  1035.2s  |  total:  19.9 min  [ 18.0%]
[2026-05-04 23:14:38]   baseline rep  55/100  1099.4s  |  total:  19.9 min  [ 18.3%]
[2026-05-04 23:14:38]   baseline rep  56/100  1041.6s  |  total:  19.9 min  [ 18.7%]
[2026-05-04 23:14:38]   baseline rep  57/100  976.2s  |  total:  19.9 min  [ 19.0%]
[2026-05-04 23:14:38]   baseline rep  58/100  1028.5s  |  total:  19.9 min  [ 19.3%]
[2026-05-04 23:14:38]   baseline rep  59/100  1042.6s  |  total:  19.9 min  [ 19.7%]
[2026-05-04 23:14:38]   baseline rep  60/100  1125.5s  |  total:  19.9 min  [ 20.0%]
[2026-05-04 23:14:38]   baseline rep  61/100  1152.3s  |  total:  19.9 min  [ 20.3%]
[2026-05-04 23:14:38]   baseline rep  62/100  1009.1s  |  total:  19.9 min  [ 20.7%]
[2026-05-04 23:14:38]   baseline rep  63/100  1144.2s  |  total:  19.9 min  [ 21.0%]
[2026-05-04 23:14:38]   baseline rep  64/100  1026.4s  |  total:  19.9 min  [ 21.3%]
[2026-05-04 23:14:38]   baseline rep  65/100  1051.1s  |  total:  19.9 min  [ 21.7%]
[2026-05-04 23:14:38]   baseline rep  66/100  1124.2s  |  total:  19.9 min  [ 22.0%]
[2026-05-04 23:14:38]   baseline rep  67/100  1019.4s  |  total:  19.9 min  [ 22.3%]
[2026-05-04 23:14:38]   baseline rep  68/100  1082.2s  |  total:  19.9 min  [ 22.7%]
[2026-05-04 23:14:38]   baseline rep  69/100  1008.4s  |  total:  19.9 min  [ 23.0%]
[2026-05-04 23:14:38]   baseline rep  70/100  1084.1s  |  total:  19.9 min  [ 23.3%]
[2026-05-04 23:14:38]   baseline rep  71/100  1130.7s  |  total:  19.9 min  [ 23.7%]
[2026-05-04 23:14:38]   baseline rep  72/100  1026.0s  |  total:  19.9 min  [ 24.0%]
[2026-05-04 23:14:38]   baseline rep  73/100  1122.7s  |  total:  19.9 min  [ 24.3%]
[2026-05-04 23:14:38]   baseline rep  74/100  1085.2s  |  total:  19.9 min  [ 24.7%]
[2026-05-04 23:14:38]   baseline rep  75/100  997.1s  |  total:  19.9 min  [ 25.0%]
[2026-05-04 23:14:38]   baseline rep  76/100  1094.1s  |  total:  19.9 min  [ 25.3%]
[2026-05-04 23:14:38]   baseline rep  77/100  1063.9s  |  total:  19.9 min  [ 25.7%]
[2026-05-04 23:14:38]   baseline rep  78/100  1047.3s  |  total:  19.9 min  [ 26.0%]
[2026-05-04 23:14:38]   baseline rep  79/100  1069.3s  |  total:  19.9 min  [ 26.3%]
[2026-05-04 23:14:38]   baseline rep  80/100  942.4s  |  total:  19.9 min  [ 26.7%]
[2026-05-04 23:14:38]   baseline rep  81/100  1031.5s  |  total:  19.9 min  [ 27.0%]
[2026-05-04 23:14:38]   baseline rep  82/100  1135.9s  |  total:  19.9 min  [ 27.3%]
[2026-05-04 23:14:38]   baseline rep  83/100  1111.4s  |  total:  19.9 min  [ 27.7%]
[2026-05-04 23:14:38]   baseline rep  84/100  1103.3s  |  total:  19.9 min  [ 28.0%]
[2026-05-04 23:14:38]   baseline rep  85/100  1097.4s  |  total:  19.9 min  [ 28.3%]
[2026-05-04 23:14:38]   baseline rep  86/100  1108.9s  |  total:  19.9 min  [ 28.7%]
[2026-05-04 23:14:38]   baseline rep  87/100  982.6s  |  total:  19.9 min  [ 29.0%]
[2026-05-04 23:14:38]   baseline rep  88/100  1116.0s  |  total:  19.9 min  [ 29.3%]
[2026-05-04 23:14:38]   baseline rep  89/100  1194.7s  |  total:  19.9 min  [ 29.7%]
[2026-05-04 23:14:38]   baseline rep  90/100  1157.5s  |  total:  19.9 min  [ 30.0%]
[2026-05-04 23:14:38]   baseline rep  91/100  1124.6s  |  total:  19.9 min  [ 30.3%]
[2026-05-04 23:14:38]   baseline rep  92/100  1112.6s  |  total:  19.9 min  [ 30.7%]
[2026-05-04 23:14:38]   baseline rep  93/100  1114.4s  |  total:  19.9 min  [ 31.0%]
[2026-05-04 23:14:38]   baseline rep  94/100  1101.6s  |  total:  19.9 min  [ 31.3%]
[2026-05-04 23:14:38]   baseline rep  95/100  1167.3s  |  total:  19.9 min  [ 31.7%]
[2026-05-04 23:25:18]   baseline rep  96/100  635.8s  |  total:  30.6 min  [ 32.0%]
[2026-05-04 23:25:18]   baseline rep  97/100  637.3s  |  total:  30.6 min  [ 32.3%]
[2026-05-04 23:25:18]   baseline rep  98/100  640.2s  |  total:  30.6 min  [ 32.7%]
[2026-05-04 23:25:18]   baseline rep  99/100  629.0s  |  total:  30.6 min  [ 33.0%]
[2026-05-04 23:25:18]   baseline rep 100/100  630.9s  |  total:  30.6 min  [ 33.3%]
[2026-05-04 23:25:18]   --> scenario baseline complete in 30.6 min
[2026-05-04 23:25:18] ========== scenario: high_covariate  [R=100, 95 cores, chunk=95] ==========
[2026-05-04 23:44:53]   high_covariate rep   1/100  1053.0s  |  total:  50.2 min  [ 33.7%]
[2026-05-04 23:44:53]   high_covariate rep   2/100  1020.8s  |  total:  50.2 min  [ 34.0%]
[2026-05-04 23:44:53]   high_covariate rep   3/100  1050.4s  |  total:  50.2 min  [ 34.3%]
[2026-05-04 23:44:53]   high_covariate rep   4/100  1055.7s  |  total:  50.2 min  [ 34.7%]
[2026-05-04 23:44:53]   high_covariate rep   5/100  1128.3s  |  total:  50.2 min  [ 35.0%]
[2026-05-04 23:44:53]   high_covariate rep   6/100  1170.7s  |  total:  50.2 min  [ 35.3%]
[2026-05-04 23:44:53]   high_covariate rep   7/100  982.4s  |  total:  50.2 min  [ 35.7%]
[2026-05-04 23:44:53]   high_covariate rep   8/100  1038.8s  |  total:  50.2 min  [ 36.0%]
[2026-05-04 23:44:53]   high_covariate rep   9/100  1139.5s  |  total:  50.2 min  [ 36.3%]
[2026-05-04 23:44:53]   high_covariate rep  10/100  1141.8s  |  total:  50.2 min  [ 36.7%]
[2026-05-04 23:44:53]   high_covariate rep  11/100  932.6s  |  total:  50.2 min  [ 37.0%]
[2026-05-04 23:44:53]   high_covariate rep  12/100  1098.1s  |  total:  50.2 min  [ 37.3%]
[2026-05-04 23:44:53]   high_covariate rep  13/100  933.6s  |  total:  50.2 min  [ 37.7%]
[2026-05-04 23:44:53]   high_covariate rep  14/100  1053.8s  |  total:  50.2 min  [ 38.0%]
[2026-05-04 23:44:53]   high_covariate rep  15/100  1098.3s  |  total:  50.2 min  [ 38.3%]
[2026-05-04 23:44:53]   high_covariate rep  16/100  1052.5s  |  total:  50.2 min  [ 38.7%]
[2026-05-04 23:44:53]   high_covariate rep  17/100  1132.3s  |  total:  50.2 min  [ 39.0%]
[2026-05-04 23:44:53]   high_covariate rep  18/100  1137.9s  |  total:  50.2 min  [ 39.3%]
[2026-05-04 23:44:53]   high_covariate rep  19/100  1049.9s  |  total:  50.2 min  [ 39.7%]
[2026-05-04 23:44:53]   high_covariate rep  20/100  1075.6s  |  total:  50.2 min  [ 40.0%]
[2026-05-04 23:44:53]   high_covariate rep  21/100  1069.6s  |  total:  50.2 min  [ 40.3%]
[2026-05-04 23:44:53]   high_covariate rep  22/100  1153.2s  |  total:  50.2 min  [ 40.7%]
[2026-05-04 23:44:53]   high_covariate rep  23/100  1059.1s  |  total:  50.2 min  [ 41.0%]
[2026-05-04 23:44:53]   high_covariate rep  24/100  1076.9s  |  total:  50.2 min  [ 41.3%]
[2026-05-04 23:44:53]   high_covariate rep  25/100  1145.6s  |  total:  50.2 min  [ 41.7%]
[2026-05-04 23:44:53]   high_covariate rep  26/100  968.1s  |  total:  50.2 min  [ 42.0%]
[2026-05-04 23:44:53]   high_covariate rep  27/100  1020.5s  |  total:  50.2 min  [ 42.3%]
[2026-05-04 23:44:53]   high_covariate rep  28/100  1040.0s  |  total:  50.2 min  [ 42.7%]
[2026-05-04 23:44:53]   high_covariate rep  29/100  1073.7s  |  total:  50.2 min  [ 43.0%]
[2026-05-04 23:44:53]   high_covariate rep  30/100  1039.2s  |  total:  50.2 min  [ 43.3%]
[2026-05-04 23:44:53]   high_covariate rep  31/100  1037.6s  |  total:  50.2 min  [ 43.7%]
[2026-05-04 23:44:53]   high_covariate rep  32/100  1015.9s  |  total:  50.2 min  [ 44.0%]
[2026-05-04 23:44:53]   high_covariate rep  33/100  1167.2s  |  total:  50.2 min  [ 44.3%]
[2026-05-04 23:44:53]   high_covariate rep  34/100  1114.5s  |  total:  50.2 min  [ 44.7%]
[2026-05-04 23:44:53]   high_covariate rep  35/100  1067.0s  |  total:  50.2 min  [ 45.0%]
[2026-05-04 23:44:53]   high_covariate rep  36/100  1009.6s  |  total:  50.2 min  [ 45.3%]
[2026-05-04 23:44:53]   high_covariate rep  37/100  1053.6s  |  total:  50.2 min  [ 45.7%]
[2026-05-04 23:44:53]   high_covariate rep  38/100  1016.2s  |  total:  50.2 min  [ 46.0%]
[2026-05-04 23:44:53]   high_covariate rep  39/100  1136.9s  |  total:  50.2 min  [ 46.3%]
[2026-05-04 23:44:53]   high_covariate rep  40/100  1075.5s  |  total:  50.2 min  [ 46.7%]
[2026-05-04 23:44:53]   high_covariate rep  41/100  1174.9s  |  total:  50.2 min  [ 47.0%]
[2026-05-04 23:44:53]   high_covariate rep  42/100  1040.8s  |  total:  50.2 min  [ 47.3%]
[2026-05-04 23:44:53]   high_covariate rep  43/100  1147.3s  |  total:  50.2 min  [ 47.7%]
[2026-05-04 23:44:53]   high_covariate rep  44/100  1048.0s  |  total:  50.2 min  [ 48.0%]
[2026-05-04 23:44:53]   high_covariate rep  45/100  1108.1s  |  total:  50.2 min  [ 48.3%]
[2026-05-04 23:44:53]   high_covariate rep  46/100  1051.6s  |  total:  50.2 min  [ 48.7%]
[2026-05-04 23:44:53]   high_covariate rep  47/100  1079.7s  |  total:  50.2 min  [ 49.0%]
[2026-05-04 23:44:53]   high_covariate rep  48/100  1082.8s  |  total:  50.2 min  [ 49.3%]
[2026-05-04 23:44:53]   high_covariate rep  49/100  1054.8s  |  total:  50.2 min  [ 49.7%]
[2026-05-04 23:44:53]   high_covariate rep  50/100  1077.1s  |  total:  50.2 min  [ 50.0%]
[2026-05-04 23:44:53]   high_covariate rep  51/100  1117.4s  |  total:  50.2 min  [ 50.3%]
[2026-05-04 23:44:53]   high_covariate rep  52/100  1071.2s  |  total:  50.2 min  [ 50.7%]
[2026-05-04 23:44:53]   high_covariate rep  53/100  1137.8s  |  total:  50.2 min  [ 51.0%]
[2026-05-04 23:44:53]   high_covariate rep  54/100  1055.7s  |  total:  50.2 min  [ 51.3%]
[2026-05-04 23:44:53]   high_covariate rep  55/100  1071.3s  |  total:  50.2 min  [ 51.7%]
[2026-05-04 23:44:53]   high_covariate rep  56/100  967.8s  |  total:  50.2 min  [ 52.0%]
[2026-05-04 23:44:53]   high_covariate rep  57/100  1031.6s  |  total:  50.2 min  [ 52.3%]
[2026-05-04 23:44:53]   high_covariate rep  58/100  1011.4s  |  total:  50.2 min  [ 52.7%]
[2026-05-04 23:44:53]   high_covariate rep  59/100  983.9s  |  total:  50.2 min  [ 53.0%]
[2026-05-04 23:44:53]   high_covariate rep  60/100  1125.1s  |  total:  50.2 min  [ 53.3%]
[2026-05-04 23:44:53]   high_covariate rep  61/100  1163.3s  |  total:  50.2 min  [ 53.7%]
[2026-05-04 23:44:53]   high_covariate rep  62/100  898.1s  |  total:  50.2 min  [ 54.0%]
[2026-05-04 23:44:53]   high_covariate rep  63/100  1036.4s  |  total:  50.2 min  [ 54.3%]
[2026-05-04 23:44:53]   high_covariate rep  64/100  1006.2s  |  total:  50.2 min  [ 54.7%]
[2026-05-04 23:44:53]   high_covariate rep  65/100  1133.5s  |  total:  50.2 min  [ 55.0%]
[2026-05-04 23:44:53]   high_covariate rep  66/100  1047.5s  |  total:  50.2 min  [ 55.3%]
[2026-05-04 23:44:53]   high_covariate rep  67/100  1081.5s  |  total:  50.2 min  [ 55.7%]
[2026-05-04 23:44:53]   high_covariate rep  68/100  1096.3s  |  total:  50.2 min  [ 56.0%]
[2026-05-04 23:44:53]   high_covariate rep  69/100  1100.8s  |  total:  50.2 min  [ 56.3%]
[2026-05-04 23:44:53]   high_covariate rep  70/100  1100.7s  |  total:  50.2 min  [ 56.7%]
[2026-05-04 23:44:53]   high_covariate rep  71/100  1105.1s  |  total:  50.2 min  [ 57.0%]
[2026-05-04 23:44:53]   high_covariate rep  72/100  1102.8s  |  total:  50.2 min  [ 57.3%]
[2026-05-04 23:44:53]   high_covariate rep  73/100  1043.4s  |  total:  50.2 min  [ 57.7%]
[2026-05-04 23:44:53]   high_covariate rep  74/100  1034.7s  |  total:  50.2 min  [ 58.0%]
[2026-05-04 23:44:53]   high_covariate rep  75/100  1043.3s  |  total:  50.2 min  [ 58.3%]
[2026-05-04 23:44:53]   high_covariate rep  76/100  1093.8s  |  total:  50.2 min  [ 58.7%]
[2026-05-04 23:44:53]   high_covariate rep  77/100  1012.5s  |  total:  50.2 min  [ 59.0%]
[2026-05-04 23:44:53]   high_covariate rep  78/100  1106.8s  |  total:  50.2 min  [ 59.3%]
[2026-05-04 23:44:53]   high_covariate rep  79/100  1052.4s  |  total:  50.2 min  [ 59.7%]
[2026-05-04 23:44:53]   high_covariate rep  80/100  1042.9s  |  total:  50.2 min  [ 60.0%]
[2026-05-04 23:44:53]   high_covariate rep  81/100  1104.6s  |  total:  50.2 min  [ 60.3%]
[2026-05-04 23:44:53]   high_covariate rep  82/100  1072.8s  |  total:  50.2 min  [ 60.7%]
[2026-05-04 23:44:53]   high_covariate rep  83/100  1030.9s  |  total:  50.2 min  [ 61.0%]
[2026-05-04 23:44:53]   high_covariate rep  84/100  1033.9s  |  total:  50.2 min  [ 61.3%]
[2026-05-04 23:44:53]   high_covariate rep  85/100  1143.8s  |  total:  50.2 min  [ 61.7%]
[2026-05-04 23:44:53]   high_covariate rep  86/100  1117.3s  |  total:  50.2 min  [ 62.0%]
[2026-05-04 23:44:53]   high_covariate rep  87/100  1111.8s  |  total:  50.2 min  [ 62.3%]
[2026-05-04 23:44:53]   high_covariate rep  88/100  1114.5s  |  total:  50.2 min  [ 62.7%]
[2026-05-04 23:44:53]   high_covariate rep  89/100  1074.0s  |  total:  50.2 min  [ 63.0%]
[2026-05-04 23:44:53]   high_covariate rep  90/100  1079.4s  |  total:  50.2 min  [ 63.3%]
[2026-05-04 23:44:53]   high_covariate rep  91/100  1010.9s  |  total:  50.2 min  [ 63.7%]
[2026-05-04 23:44:53]   high_covariate rep  92/100  1114.9s  |  total:  50.2 min  [ 64.0%]
[2026-05-04 23:44:53]   high_covariate rep  93/100  1076.7s  |  total:  50.2 min  [ 64.3%]
[2026-05-04 23:44:53]   high_covariate rep  94/100  1052.1s  |  total:  50.2 min  [ 64.7%]
[2026-05-04 23:44:53]   high_covariate rep  95/100  1129.1s  |  total:  50.2 min  [ 65.0%]
[2026-05-04 23:55:33]   high_covariate rep  96/100  639.7s  |  total:  60.8 min  [ 65.3%]
[2026-05-04 23:55:33]   high_covariate rep  97/100  634.5s  |  total:  60.8 min  [ 65.7%]
[2026-05-04 23:55:33]   high_covariate rep  98/100  632.8s  |  total:  60.8 min  [ 66.0%]
[2026-05-04 23:55:33]   high_covariate rep  99/100  636.5s  |  total:  60.8 min  [ 66.3%]
[2026-05-04 23:55:33]   high_covariate rep 100/100  631.6s  |  total:  60.8 min  [ 66.7%]
[2026-05-04 23:55:33]   --> scenario high_covariate complete in 30.2 min
[2026-05-04 23:55:33] ========== scenario: high_sparsity  [R=100, 95 cores, chunk=95] ==========
[2026-05-05 00:08:10]   high_sparsity rep   1/100  708.7s  |  total:  73.4 min  [ 67.0%]
[2026-05-05 00:08:10]   high_sparsity rep   2/100  635.6s  |  total:  73.4 min  [ 67.3%]
[2026-05-05 00:08:10]   high_sparsity rep   3/100  624.8s  |  total:  73.4 min  [ 67.7%]
[2026-05-05 00:08:10]   high_sparsity rep   4/100  732.8s  |  total:  73.4 min  [ 68.0%]
[2026-05-05 00:08:10]   high_sparsity rep   5/100  711.5s  |  total:  73.4 min  [ 68.3%]
[2026-05-05 00:08:10]   high_sparsity rep   6/100  630.8s  |  total:  73.4 min  [ 68.7%]
[2026-05-05 00:08:10]   high_sparsity rep   7/100  626.3s  |  total:  73.4 min  [ 69.0%]
[2026-05-05 00:08:10]   high_sparsity rep   8/100  622.7s  |  total:  73.4 min  [ 69.3%]
[2026-05-05 00:08:10]   high_sparsity rep   9/100  690.1s  |  total:  73.4 min  [ 69.7%]
[2026-05-05 00:08:10]   high_sparsity rep  10/100  739.8s  |  total:  73.4 min  [ 70.0%]
[2026-05-05 00:08:10]   high_sparsity rep  11/100  621.8s  |  total:  73.4 min  [ 70.3%]
[2026-05-05 00:08:10]   high_sparsity rep  12/100  717.6s  |  total:  73.4 min  [ 70.7%]
[2026-05-05 00:08:10]   high_sparsity rep  13/100  710.3s  |  total:  73.4 min  [ 71.0%]
[2026-05-05 00:08:10]   high_sparsity rep  14/100  593.1s  |  total:  73.4 min  [ 71.3%]
[2026-05-05 00:08:10]   high_sparsity rep  15/100  704.4s  |  total:  73.4 min  [ 71.7%]
[2026-05-05 00:08:10]   high_sparsity rep  16/100  702.3s  |  total:  73.4 min  [ 72.0%]
[2026-05-05 00:08:10]   high_sparsity rep  17/100  702.9s  |  total:  73.4 min  [ 72.3%]
[2026-05-05 00:08:10]   high_sparsity rep  18/100  705.1s  |  total:  73.4 min  [ 72.7%]
[2026-05-05 00:08:10]   high_sparsity rep  19/100  721.8s  |  total:  73.4 min  [ 73.0%]
[2026-05-05 00:08:10]   high_sparsity rep  20/100  668.9s  |  total:  73.4 min  [ 73.3%]
[2026-05-05 00:08:10]   high_sparsity rep  21/100  704.7s  |  total:  73.4 min  [ 73.7%]
[2026-05-05 00:08:10]   high_sparsity rep  22/100  706.1s  |  total:  73.4 min  [ 74.0%]
[2026-05-05 00:08:10]   high_sparsity rep  23/100  700.8s  |  total:  73.4 min  [ 74.3%]
[2026-05-05 00:08:10]   high_sparsity rep  24/100  683.3s  |  total:  73.4 min  [ 74.7%]
[2026-05-05 00:08:10]   high_sparsity rep  25/100  650.9s  |  total:  73.4 min  [ 75.0%]
[2026-05-05 00:08:10]   high_sparsity rep  26/100  610.1s  |  total:  73.4 min  [ 75.3%]
[2026-05-05 00:08:10]   high_sparsity rep  27/100  672.4s  |  total:  73.4 min  [ 75.7%]
[2026-05-05 00:08:10]   high_sparsity rep  28/100  548.9s  |  total:  73.4 min  [ 76.0%]
[2026-05-05 00:08:10]   high_sparsity rep  29/100  698.8s  |  total:  73.4 min  [ 76.3%]
[2026-05-05 00:08:10]   high_sparsity rep  30/100  727.2s  |  total:  73.4 min  [ 76.7%]
[2026-05-05 00:08:10]   high_sparsity rep  31/100  629.3s  |  total:  73.4 min  [ 77.0%]
[2026-05-05 00:08:10]   high_sparsity rep  32/100  712.4s  |  total:  73.4 min  [ 77.3%]
[2026-05-05 00:08:10]   high_sparsity rep  33/100  661.8s  |  total:  73.4 min  [ 77.7%]
[2026-05-05 00:08:10]   high_sparsity rep  34/100  692.6s  |  total:  73.4 min  [ 78.0%]
[2026-05-05 00:08:10]   high_sparsity rep  35/100  628.4s  |  total:  73.4 min  [ 78.3%]
[2026-05-05 00:08:10]   high_sparsity rep  36/100  718.3s  |  total:  73.4 min  [ 78.7%]
[2026-05-05 00:08:10]   high_sparsity rep  37/100  657.3s  |  total:  73.4 min  [ 79.0%]
[2026-05-05 00:08:10]   high_sparsity rep  38/100  701.4s  |  total:  73.4 min  [ 79.3%]
[2026-05-05 00:08:10]   high_sparsity rep  39/100  650.3s  |  total:  73.4 min  [ 79.7%]
[2026-05-05 00:08:10]   high_sparsity rep  40/100  735.5s  |  total:  73.4 min  [ 80.0%]
[2026-05-05 00:08:10]   high_sparsity rep  41/100  726.3s  |  total:  73.4 min  [ 80.3%]
[2026-05-05 00:08:10]   high_sparsity rep  42/100  658.4s  |  total:  73.4 min  [ 80.7%]
[2026-05-05 00:08:10]   high_sparsity rep  43/100  741.2s  |  total:  73.4 min  [ 81.0%]
[2026-05-05 00:08:10]   high_sparsity rep  44/100  644.9s  |  total:  73.4 min  [ 81.3%]
[2026-05-05 00:08:10]   high_sparsity rep  45/100  693.3s  |  total:  73.4 min  [ 81.7%]
[2026-05-05 00:08:10]   high_sparsity rep  46/100  704.0s  |  total:  73.4 min  [ 82.0%]
[2026-05-05 00:08:10]   high_sparsity rep  47/100  681.0s  |  total:  73.4 min  [ 82.3%]
[2026-05-05 00:08:10]   high_sparsity rep  48/100  706.1s  |  total:  73.4 min  [ 82.7%]
[2026-05-05 00:08:10]   high_sparsity rep  49/100  667.1s  |  total:  73.4 min  [ 83.0%]
[2026-05-05 00:08:10]   high_sparsity rep  50/100  671.5s  |  total:  73.4 min  [ 83.3%]
[2026-05-05 00:08:10]   high_sparsity rep  51/100  664.8s  |  total:  73.4 min  [ 83.7%]
[2026-05-05 00:08:10]   high_sparsity rep  52/100  614.3s  |  total:  73.4 min  [ 84.0%]
[2026-05-05 00:08:10]   high_sparsity rep  53/100  671.8s  |  total:  73.4 min  [ 84.3%]
[2026-05-05 00:08:10]   high_sparsity rep  54/100  670.7s  |  total:  73.4 min  [ 84.7%]
[2026-05-05 00:08:10]   high_sparsity rep  55/100  728.4s  |  total:  73.4 min  [ 85.0%]
[2026-05-05 00:08:10]   high_sparsity rep  56/100  548.0s  |  total:  73.4 min  [ 85.3%]
[2026-05-05 00:08:10]   high_sparsity rep  57/100  699.9s  |  total:  73.4 min  [ 85.7%]
[2026-05-05 00:08:10]   high_sparsity rep  58/100  697.1s  |  total:  73.4 min  [ 86.0%]
[2026-05-05 00:08:10]   high_sparsity rep  59/100  700.8s  |  total:  73.4 min  [ 86.3%]
[2026-05-05 00:08:10]   high_sparsity rep  60/100  580.4s  |  total:  73.4 min  [ 86.7%]
[2026-05-05 00:08:10]   high_sparsity rep  61/100  705.5s  |  total:  73.4 min  [ 87.0%]
[2026-05-05 00:08:10]   high_sparsity rep  62/100  636.9s  |  total:  73.4 min  [ 87.3%]
[2026-05-05 00:08:10]   high_sparsity rep  63/100  689.3s  |  total:  73.4 min  [ 87.7%]
[2026-05-05 00:08:10]   high_sparsity rep  64/100  747.1s  |  total:  73.4 min  [ 88.0%]
[2026-05-05 00:08:10]   high_sparsity rep  65/100  690.1s  |  total:  73.4 min  [ 88.3%]
[2026-05-05 00:08:10]   high_sparsity rep  66/100  719.0s  |  total:  73.4 min  [ 88.7%]
[2026-05-05 00:08:10]   high_sparsity rep  67/100  747.3s  |  total:  73.4 min  [ 89.0%]
[2026-05-05 00:08:10]   high_sparsity rep  68/100  647.9s  |  total:  73.4 min  [ 89.3%]
[2026-05-05 00:08:10]   high_sparsity rep  69/100  677.2s  |  total:  73.4 min  [ 89.7%]
[2026-05-05 00:08:10]   high_sparsity rep  70/100  661.8s  |  total:  73.4 min  [ 90.0%]
[2026-05-05 00:08:10]   high_sparsity rep  71/100  682.1s  |  total:  73.4 min  [ 90.3%]
[2026-05-05 00:08:10]   high_sparsity rep  72/100  744.8s  |  total:  73.4 min  [ 90.7%]
[2026-05-05 00:08:10]   high_sparsity rep  73/100  640.2s  |  total:  73.4 min  [ 91.0%]
[2026-05-05 00:08:10]   high_sparsity rep  74/100  655.4s  |  total:  73.4 min  [ 91.3%]
[2026-05-05 00:08:10]   high_sparsity rep  75/100  646.1s  |  total:  73.4 min  [ 91.7%]
[2026-05-05 00:08:10]   high_sparsity rep  76/100  756.4s  |  total:  73.4 min  [ 92.0%]
[2026-05-05 00:08:10]   high_sparsity rep  77/100  635.6s  |  total:  73.4 min  [ 92.3%]
[2026-05-05 00:08:10]   high_sparsity rep  78/100  720.0s  |  total:  73.4 min  [ 92.7%]
[2026-05-05 00:08:10]   high_sparsity rep  79/100  640.5s  |  total:  73.4 min  [ 93.0%]
[2026-05-05 00:08:10]   high_sparsity rep  80/100  618.5s  |  total:  73.4 min  [ 93.3%]
[2026-05-05 00:08:10]   high_sparsity rep  81/100  680.8s  |  total:  73.4 min  [ 93.7%]
[2026-05-05 00:08:10]   high_sparsity rep  82/100  725.1s  |  total:  73.4 min  [ 94.0%]
[2026-05-05 00:08:10]   high_sparsity rep  83/100  643.2s  |  total:  73.4 min  [ 94.3%]
[2026-05-05 00:08:10]   high_sparsity rep  84/100  674.5s  |  total:  73.4 min  [ 94.7%]
[2026-05-05 00:08:10]   high_sparsity rep  85/100  717.9s  |  total:  73.4 min  [ 95.0%]
[2026-05-05 00:08:10]   high_sparsity rep  86/100  706.5s  |  total:  73.4 min  [ 95.3%]
[2026-05-05 00:08:10]   high_sparsity rep  87/100  724.8s  |  total:  73.4 min  [ 95.7%]
[2026-05-05 00:08:10]   high_sparsity rep  88/100  660.4s  |  total:  73.4 min  [ 96.0%]
[2026-05-05 00:08:10]   high_sparsity rep  89/100  697.0s  |  total:  73.4 min  [ 96.3%]
[2026-05-05 00:08:10]   high_sparsity rep  90/100  726.5s  |  total:  73.4 min  [ 96.7%]
[2026-05-05 00:08:10]   high_sparsity rep  91/100  726.3s  |  total:  73.4 min  [ 97.0%]
[2026-05-05 00:08:10]   high_sparsity rep  92/100  672.3s  |  total:  73.4 min  [ 97.3%]
[2026-05-05 00:08:10]   high_sparsity rep  93/100  635.6s  |  total:  73.4 min  [ 97.7%]
[2026-05-05 00:08:10]   high_sparsity rep  94/100  730.7s  |  total:  73.4 min  [ 98.0%]
[2026-05-05 00:08:10]   high_sparsity rep  95/100  633.7s  |  total:  73.4 min  [ 98.3%]
[2026-05-05 00:15:07]   high_sparsity rep  96/100  392.8s  |  total:  80.4 min  [ 98.7%]
[2026-05-05 00:15:07]   high_sparsity rep  97/100  416.7s  |  total:  80.4 min  [ 99.0%]
[2026-05-05 00:15:07]   high_sparsity rep  98/100  391.1s  |  total:  80.4 min  [ 99.3%]
[2026-05-05 00:15:07]   high_sparsity rep  99/100  402.1s  |  total:  80.4 min  [ 99.7%]
[2026-05-05 00:15:07]   high_sparsity rep 100/100  386.9s  |  total:  80.4 min  [100.0%]
[2026-05-05 00:15:07]   --> scenario high_sparsity complete in 19.6 min
[2026-05-05 00:15:07] === Full run complete in 80.4 min ===
[2026-05-05 00:15:07] Results: /home/linux02/berserk/gscamm/replication_package/simulations/results/full_metrics.rds
[2026-05-05 00:15:07] Log:     /home/linux02/berserk/gscamm/replication_package/simulations/results/sim_full.log
